2020-01-14 04:50:28 [main] INFO  c.s.keepnote.NoteServiceApplication -
				Starting NoteServiceApplication on ip-172-31-80-91 with PID 8270 (/home/ubuntu/Desktop/Began/Spring_Workspace/KeepNote-Step6-Boilerplate/NoteService/target/classes started by ubuntu in /home/ubuntu/Desktop/Began/Spring_Workspace/KeepNote-Step6-Boilerplate/NoteService)
2020-01-14 04:50:28 [main] DEBUG c.s.keepnote.NoteServiceApplication -
				Running with Spring Boot v2.0.2.RELEASE, Spring v5.0.6.RELEASE
2020-01-14 04:50:28 [main] INFO  c.s.keepnote.NoteServiceApplication -
				No active profile set, falling back to default profiles: default
2020-01-14 04:50:28 [main] INFO  o.s.b.w.s.c.AnnotationConfigServletWebServerApplicationContext -
				Refreshing org.springframework.boot.web.servlet.context.AnnotationConfigServletWebServerApplicationContext@539d019: startup date [Tue Jan 14 04:50:28 UTC 2020]; root of context hierarchy
2020-01-14 04:50:29 [main] INFO  o.s.b.w.e.tomcat.TomcatWebServer -
				Tomcat initialized with port(s): 8082 (http)
2020-01-14 04:50:29 [main] INFO  o.a.coyote.http11.Http11NioProtocol -
				Initializing ProtocolHandler ["http-nio-8082"]
2020-01-14 04:50:29 [main] INFO  o.a.catalina.core.StandardService -
				Starting service [Tomcat]
2020-01-14 04:50:29 [main] INFO  o.a.catalina.core.StandardEngine -
				Starting Servlet Engine: Apache Tomcat/8.5.31
2020-01-14 04:50:29 [localhost-startStop-1] INFO  o.a.c.core.AprLifecycleListener -
				The APR based Apache Tomcat Native library which allows optimal performance in production environments was not found on the java.library.path: [/usr/java/packages/lib/amd64:/usr/lib/x86_64-linux-gnu/jni:/lib/x86_64-linux-gnu:/usr/lib/x86_64-linux-gnu:/usr/lib/jni:/lib:/usr/lib]
2020-01-14 04:50:30 [localhost-startStop-1] INFO  o.a.c.c.C.[Tomcat].[localhost].[/] -
				Initializing Spring embedded WebApplicationContext
2020-01-14 04:50:30 [localhost-startStop-1] INFO  o.s.web.context.ContextLoader -
				Root WebApplicationContext: initialization completed in 1883 ms
2020-01-14 04:50:30 [localhost-startStop-1] INFO  o.s.b.w.s.FilterRegistrationBean -
				Mapping filter: 'characterEncodingFilter' to: [/*]
2020-01-14 04:50:30 [localhost-startStop-1] INFO  o.s.b.w.s.FilterRegistrationBean -
				Mapping filter: 'hiddenHttpMethodFilter' to: [/*]
2020-01-14 04:50:30 [localhost-startStop-1] INFO  o.s.b.w.s.FilterRegistrationBean -
				Mapping filter: 'httpPutFormContentFilter' to: [/*]
2020-01-14 04:50:30 [localhost-startStop-1] INFO  o.s.b.w.s.FilterRegistrationBean -
				Mapping filter: 'requestContextFilter' to: [/*]
2020-01-14 04:50:30 [localhost-startStop-1] INFO  o.s.b.w.s.FilterRegistrationBean -
				Mapping filter: 'jwtFilter' to urls: [/*]
2020-01-14 04:50:30 [localhost-startStop-1] INFO  o.s.b.w.s.ServletRegistrationBean -
				Servlet dispatcherServlet mapped to [/]
2020-01-14 04:50:30 [localhost-startStop-1] DEBUG c.s.keepnote.jwtfilter.JwtFilter -
				Initializing filter 'jwtFilter'
2020-01-14 04:50:30 [localhost-startStop-1] DEBUG c.s.keepnote.jwtfilter.JwtFilter -
				Filter 'jwtFilter' configured successfully
2020-01-14 04:50:30 [main] INFO  org.mongodb.driver.cluster -
				Cluster created with settings {hosts=[localhost:27017], mode=MULTIPLE, requiredClusterType=UNKNOWN, serverSelectionTimeout='30000 ms', maxWaitQueueSize=500}
2020-01-14 04:50:30 [main] INFO  org.mongodb.driver.cluster -
				Adding discovered server localhost:27017 to client view of cluster
2020-01-14 04:50:30 [cluster-ClusterId{value='5e1d4896813f4b204eea3685', description='null'}-localhost:27017] INFO  org.mongodb.driver.connection -
				Opened connection [connectionId{localValue:1, serverValue:10}] to localhost:27017
2020-01-14 04:50:30 [cluster-ClusterId{value='5e1d4896813f4b204eea3685', description='null'}-localhost:27017] INFO  org.mongodb.driver.cluster -
				Monitor thread successfully connected to server with description ServerDescription{address=localhost:27017, type=STANDALONE, state=CONNECTED, ok=true, version=ServerVersion{versionList=[3, 6, 2]}, minWireVersion=0, maxWireVersion=6, maxDocumentSize=16777216, logicalSessionTimeoutMinutes=30, roundTripTimeNanos=6254187}
2020-01-14 04:50:30 [cluster-ClusterId{value='5e1d4896813f4b204eea3685', description='null'}-localhost:27017] INFO  org.mongodb.driver.cluster -
				Discovered cluster type of STANDALONE
2020-01-14 04:50:31 [main] INFO  o.s.w.s.m.m.a.RequestMappingHandlerMapping -
				Mapped "{[/api/v1/note/{userId}/{noteId}],methods=[DELETE]}" onto public org.springframework.http.ResponseEntity<?> com.stackroute.keepnote.controller.NoteController.deleteNote(java.lang.String,int)
2020-01-14 04:50:31 [main] INFO  o.s.w.s.m.m.a.RequestMappingHandlerMapping -
				Mapped "{[/api/v1/note/{userId}],methods=[DELETE]}" onto public org.springframework.http.ResponseEntity<?> com.stackroute.keepnote.controller.NoteController.deleteAllNotes(java.lang.String)
2020-01-14 04:50:31 [main] INFO  o.s.w.s.m.m.a.RequestMappingHandlerMapping -
				Mapped "{[/api/v1/note/{userId}/{noteId}],methods=[PUT]}" onto public org.springframework.http.ResponseEntity<?> com.stackroute.keepnote.controller.NoteController.updateNote(com.stackroute.keepnote.model.Note,java.lang.String,int)
2020-01-14 04:50:31 [main] INFO  o.s.w.s.m.m.a.RequestMappingHandlerMapping -
				Mapped "{[/api/v1/note/{userId}],methods=[GET]}" onto public org.springframework.http.ResponseEntity<?> com.stackroute.keepnote.controller.NoteController.getAllNotesByUserId(java.lang.String)
2020-01-14 04:50:31 [main] INFO  o.s.w.s.m.m.a.RequestMappingHandlerMapping -
				Mapped "{[/api/v1/note/{userId}/{noteId}],methods=[GET]}" onto public org.springframework.http.ResponseEntity<?> com.stackroute.keepnote.controller.NoteController.getNoteById(java.lang.String,int)
2020-01-14 04:50:31 [main] INFO  o.s.w.s.m.m.a.RequestMappingHandlerMapping -
				Mapped "{[/api/v1/note],methods=[POST]}" onto public org.springframework.http.ResponseEntity<?> com.stackroute.keepnote.controller.NoteController.addNote(com.stackroute.keepnote.model.Note)
2020-01-14 04:50:31 [main] INFO  o.s.w.s.m.m.a.RequestMappingHandlerMapping -
				Mapped "{[/swagger-resources]}" onto public org.springframework.http.ResponseEntity<java.util.List<springfox.documentation.swagger.web.SwaggerResource>> springfox.documentation.swagger.web.ApiResourceController.swaggerResources()
2020-01-14 04:50:31 [main] INFO  o.s.w.s.m.m.a.RequestMappingHandlerMapping -
				Mapped "{[/swagger-resources/configuration/ui]}" onto public org.springframework.http.ResponseEntity<springfox.documentation.swagger.web.UiConfiguration> springfox.documentation.swagger.web.ApiResourceController.uiConfiguration()
2020-01-14 04:50:31 [main] INFO  o.s.w.s.m.m.a.RequestMappingHandlerMapping -
				Mapped "{[/swagger-resources/configuration/security]}" onto public org.springframework.http.ResponseEntity<springfox.documentation.swagger.web.SecurityConfiguration> springfox.documentation.swagger.web.ApiResourceController.securityConfiguration()
2020-01-14 04:50:31 [main] INFO  o.s.w.s.m.m.a.RequestMappingHandlerMapping -
				Mapped "{[/error],produces=[text/html]}" onto public org.springframework.web.servlet.ModelAndView org.springframework.boot.autoconfigure.web.servlet.error.BasicErrorController.errorHtml(javax.servlet.http.HttpServletRequest,javax.servlet.http.HttpServletResponse)
2020-01-14 04:50:31 [main] INFO  o.s.w.s.m.m.a.RequestMappingHandlerMapping -
				Mapped "{[/error]}" onto public org.springframework.http.ResponseEntity<java.util.Map<java.lang.String, java.lang.Object>> org.springframework.boot.autoconfigure.web.servlet.error.BasicErrorController.error(javax.servlet.http.HttpServletRequest)
2020-01-14 04:50:31 [main] INFO  s.d.s.w.PropertySourcedRequestMappingHandlerMapping -
				Mapped URL path [/v2/api-docs] onto method [public org.springframework.http.ResponseEntity<springfox.documentation.spring.web.json.Json> springfox.documentation.swagger2.web.Swagger2Controller.getDocumentation(java.lang.String,javax.servlet.http.HttpServletRequest)]
2020-01-14 04:50:32 [main] INFO  o.s.w.s.h.SimpleUrlHandlerMapping -
				Mapped URL path [/**/favicon.ico] onto handler of type [class org.springframework.web.servlet.resource.ResourceHttpRequestHandler]
2020-01-14 04:50:32 [main] INFO  o.s.w.s.m.m.a.RequestMappingHandlerAdapter -
				Looking for @ControllerAdvice: org.springframework.boot.web.servlet.context.AnnotationConfigServletWebServerApplicationContext@539d019: startup date [Tue Jan 14 04:50:28 UTC 2020]; root of context hierarchy
2020-01-14 04:50:32 [main] INFO  o.s.w.s.h.SimpleUrlHandlerMapping -
				Mapped URL path [/webjars/**] onto handler of type [class org.springframework.web.servlet.resource.ResourceHttpRequestHandler]
2020-01-14 04:50:32 [main] INFO  o.s.w.s.h.SimpleUrlHandlerMapping -
				Mapped URL path [/**] onto handler of type [class org.springframework.web.servlet.resource.ResourceHttpRequestHandler]
2020-01-14 04:50:32 [main] INFO  o.s.j.e.a.AnnotationMBeanExporter -
				Registering beans for JMX exposure on startup
2020-01-14 04:50:32 [main] INFO  o.s.c.s.DefaultLifecycleProcessor -
				Starting beans in phase 2147483647
2020-01-14 04:50:32 [main] INFO  s.d.s.w.p.DocumentationPluginsBootstrapper -
				Context refreshed
2020-01-14 04:50:32 [main] INFO  s.d.s.w.p.DocumentationPluginsBootstrapper -
				Found 1 custom documentation plugin(s)
2020-01-14 04:50:32 [main] INFO  s.d.s.w.s.ApiListingReferenceScanner -
				Scanning for api listing references
2020-01-14 04:50:33 [main] INFO  o.a.coyote.http11.Http11NioProtocol -
				Starting ProtocolHandler ["http-nio-8082"]
2020-01-14 04:50:33 [main] INFO  o.a.tomcat.util.net.NioSelectorPool -
				Using a shared selector for servlet write/read
2020-01-14 04:50:33 [main] INFO  o.s.b.w.e.tomcat.TomcatWebServer -
				Tomcat started on port(s): 8082 (http) with context path ''
2020-01-14 04:50:33 [main] INFO  c.s.keepnote.NoteServiceApplication -
				Started NoteServiceApplication in 5.398 seconds (JVM running for 6.124)
2020-01-14 04:50:52 [http-nio-8082-exec-2] INFO  o.a.c.c.C.[Tomcat].[localhost].[/] -
				Initializing Spring FrameworkServlet 'dispatcherServlet'
2020-01-14 04:50:52 [http-nio-8082-exec-2] INFO  o.s.web.servlet.DispatcherServlet -
				FrameworkServlet 'dispatcherServlet': initialization started
2020-01-14 04:50:52 [http-nio-8082-exec-2] INFO  o.s.web.servlet.DispatcherServlet -
				FrameworkServlet 'dispatcherServlet': initialization completed in 25 ms
2020-01-14 04:50:52 [http-nio-8082-exec-2] INFO  c.s.keepnote.aspectj.LoggingAspect -
				Inside Before 
2020-01-14 04:51:00 [http-nio-8082-exec-2] INFO  org.mongodb.driver.connection -
				Opened connection [connectionId{localValue:2, serverValue:11}] to localhost:27017
2020-01-14 04:51:50 [http-nio-8082-exec-3] INFO  c.s.keepnote.aspectj.LoggingAspect -
				Inside Before 
2020-01-14 04:52:02 [http-nio-8082-exec-1] INFO  c.s.keepnote.aspectj.LoggingAspect -
				Inside Before 
2020-01-14 04:52:06 [http-nio-8082-exec-4] INFO  c.s.keepnote.aspectj.LoggingAspect -
				Inside Before 
2020-01-14 04:52:19 [http-nio-8082-exec-2] INFO  c.s.keepnote.aspectj.LoggingAspect -
				Inside Before 
2020-01-14 04:52:19 [http-nio-8082-exec-2] INFO  c.s.keepnote.aspectj.LoggingAspect -
				Inside the @AfterThrowing
2020-01-14 04:52:19 [http-nio-8082-exec-2] ERROR o.a.c.c.C.[.[.[.[dispatcherServlet] -
				Servlet.service() for servlet [dispatcherServlet] in context with path [] threw exception [Request processing failed; nested exception is java.util.NoSuchElementException: No value present] with root cause
java.util.NoSuchElementException: No value present
	at java.util.Optional.get(Optional.java:135)
	at com.stackroute.keepnote.service.NoteServiceImpl.deleteNote(NoteServiceImpl.java:110)
	at com.stackroute.keepnote.controller.NoteController.deleteNote(NoteController.java:78)
	at com.stackroute.keepnote.controller.NoteController$$FastClassBySpringCGLIB$$fe60d249.invoke(<generated>)
	at org.springframework.cglib.proxy.MethodProxy.invoke(MethodProxy.java:204)
	at org.springframework.aop.framework.CglibAopProxy$CglibMethodInvocation.invokeJoinpoint(CglibAopProxy.java:746)
	at org.springframework.aop.framework.ReflectiveMethodInvocation.proceed(ReflectiveMethodInvocation.java:163)
	at org.springframework.aop.framework.adapter.MethodBeforeAdviceInterceptor.invoke(MethodBeforeAdviceInterceptor.java:52)
	at org.springframework.aop.framework.ReflectiveMethodInvocation.proceed(ReflectiveMethodInvocation.java:185)
	at org.springframework.aop.aspectj.AspectJAfterAdvice.invoke(AspectJAfterAdvice.java:47)
	at org.springframework.aop.framework.ReflectiveMethodInvocation.proceed(ReflectiveMethodInvocation.java:185)
	at org.springframework.aop.framework.adapter.AfterReturningAdviceInterceptor.invoke(AfterReturningAdviceInterceptor.java:52)
	at org.springframework.aop.framework.ReflectiveMethodInvocation.proceed(ReflectiveMethodInvocation.java:185)
	at org.springframework.aop.aspectj.AspectJAfterThrowingAdvice.invoke(AspectJAfterThrowingAdvice.java:62)
	at org.springframework.aop.framework.ReflectiveMethodInvocation.proceed(ReflectiveMethodInvocation.java:185)
	at org.springframework.aop.interceptor.ExposeInvocationInterceptor.invoke(ExposeInvocationInterceptor.java:92)
	at org.springframework.aop.framework.ReflectiveMethodInvocation.proceed(ReflectiveMethodInvocation.java:185)
	at org.springframework.aop.framework.CglibAopProxy$DynamicAdvisedInterceptor.intercept(CglibAopProxy.java:688)
	at com.stackroute.keepnote.controller.NoteController$$EnhancerBySpringCGLIB$$3b59668e.deleteNote(<generated>)
	at sun.reflect.NativeMethodAccessorImpl.invoke0(Native Method)
	at sun.reflect.NativeMethodAccessorImpl.invoke(NativeMethodAccessorImpl.java:62)
	at sun.reflect.DelegatingMethodAccessorImpl.invoke(DelegatingMethodAccessorImpl.java:43)
	at java.lang.reflect.Method.invoke(Method.java:498)
	at org.springframework.web.method.support.InvocableHandlerMethod.doInvoke(InvocableHandlerMethod.java:209)
	at org.springframework.web.method.support.InvocableHandlerMethod.invokeForRequest(InvocableHandlerMethod.java:136)
	at org.springframework.web.servlet.mvc.method.annotation.ServletInvocableHandlerMethod.invokeAndHandle(ServletInvocableHandlerMethod.java:102)
	at org.springframework.web.servlet.mvc.method.annotation.RequestMappingHandlerAdapter.invokeHandlerMethod(RequestMappingHandlerAdapter.java:877)
	at org.springframework.web.servlet.mvc.method.annotation.RequestMappingHandlerAdapter.handleInternal(RequestMappingHandlerAdapter.java:783)
	at org.springframework.web.servlet.mvc.method.AbstractHandlerMethodAdapter.handle(AbstractHandlerMethodAdapter.java:87)
	at org.springframework.web.servlet.DispatcherServlet.doDispatch(DispatcherServlet.java:991)
	at org.springframework.web.servlet.DispatcherServlet.doService(DispatcherServlet.java:925)
	at org.springframework.web.servlet.FrameworkServlet.processRequest(FrameworkServlet.java:974)
	at org.springframework.web.servlet.FrameworkServlet.doDelete(FrameworkServlet.java:899)
	at javax.servlet.http.HttpServlet.service(HttpServlet.java:667)
	at org.springframework.web.servlet.FrameworkServlet.service(FrameworkServlet.java:851)
	at javax.servlet.http.HttpServlet.service(HttpServlet.java:742)
	at org.apache.catalina.core.ApplicationFilterChain.internalDoFilter(ApplicationFilterChain.java:231)
	at org.apache.catalina.core.ApplicationFilterChain.doFilter(ApplicationFilterChain.java:166)
	at org.apache.tomcat.websocket.server.WsFilter.doFilter(WsFilter.java:52)
	at org.apache.catalina.core.ApplicationFilterChain.internalDoFilter(ApplicationFilterChain.java:193)
	at org.apache.catalina.core.ApplicationFilterChain.doFilter(ApplicationFilterChain.java:166)
	at com.stackroute.keepnote.jwtfilter.JwtFilter.doFilter(JwtFilter.java:51)
	at org.apache.catalina.core.ApplicationFilterChain.internalDoFilter(ApplicationFilterChain.java:193)
	at org.apache.catalina.core.ApplicationFilterChain.doFilter(ApplicationFilterChain.java:166)
	at org.springframework.web.filter.RequestContextFilter.doFilterInternal(RequestContextFilter.java:99)
	at org.springframework.web.filter.OncePerRequestFilter.doFilter(OncePerRequestFilter.java:107)
	at org.apache.catalina.core.ApplicationFilterChain.internalDoFilter(ApplicationFilterChain.java:193)
	at org.apache.catalina.core.ApplicationFilterChain.doFilter(ApplicationFilterChain.java:166)
	at org.springframework.web.filter.HttpPutFormContentFilter.doFilterInternal(HttpPutFormContentFilter.java:109)
	at org.springframework.web.filter.OncePerRequestFilter.doFilter(OncePerRequestFilter.java:107)
	at org.apache.catalina.core.ApplicationFilterChain.internalDoFilter(ApplicationFilterChain.java:193)
	at org.apache.catalina.core.ApplicationFilterChain.doFilter(ApplicationFilterChain.java:166)
	at org.springframework.web.filter.HiddenHttpMethodFilter.doFilterInternal(HiddenHttpMethodFilter.java:81)
	at org.springframework.web.filter.OncePerRequestFilter.doFilter(OncePerRequestFilter.java:107)
	at org.apache.catalina.core.ApplicationFilterChain.internalDoFilter(ApplicationFilterChain.java:193)
	at org.apache.catalina.core.ApplicationFilterChain.doFilter(ApplicationFilterChain.java:166)
	at org.springframework.web.filter.CharacterEncodingFilter.doFilterInternal(CharacterEncodingFilter.java:200)
	at org.springframework.web.filter.OncePerRequestFilter.doFilter(OncePerRequestFilter.java:107)
	at org.apache.catalina.core.ApplicationFilterChain.internalDoFilter(ApplicationFilterChain.java:193)
	at org.apache.catalina.core.ApplicationFilterChain.doFilter(ApplicationFilterChain.java:166)
	at org.apache.catalina.core.StandardWrapperValve.invoke(StandardWrapperValve.java:198)
	at org.apache.catalina.core.StandardContextValve.invoke(StandardContextValve.java:96)
	at org.apache.catalina.authenticator.AuthenticatorBase.invoke(AuthenticatorBase.java:496)
	at org.apache.catalina.core.StandardHostValve.invoke(StandardHostValve.java:140)
	at org.apache.catalina.valves.ErrorReportValve.invoke(ErrorReportValve.java:81)
	at org.apache.catalina.core.StandardEngineValve.invoke(StandardEngineValve.java:87)
	at org.apache.catalina.connector.CoyoteAdapter.service(CoyoteAdapter.java:342)
	at org.apache.coyote.http11.Http11Processor.service(Http11Processor.java:803)
	at org.apache.coyote.AbstractProcessorLight.process(AbstractProcessorLight.java:66)
	at org.apache.coyote.AbstractProtocol$ConnectionHandler.process(AbstractProtocol.java:790)
	at org.apache.tomcat.util.net.NioEndpoint$SocketProcessor.doRun(NioEndpoint.java:1468)
	at org.apache.tomcat.util.net.SocketProcessorBase.run(SocketProcessorBase.java:49)
	at java.util.concurrent.ThreadPoolExecutor.runWorker(ThreadPoolExecutor.java:1149)
	at java.util.concurrent.ThreadPoolExecutor$Worker.run(ThreadPoolExecutor.java:624)
	at org.apache.tomcat.util.threads.TaskThread$WrappingRunnable.run(TaskThread.java:61)
	at java.lang.Thread.run(Thread.java:748)
2020-01-14 04:52:22 [http-nio-8082-exec-3] INFO  c.s.keepnote.aspectj.LoggingAspect -
				Inside Before 
2020-01-14 04:52:22 [http-nio-8082-exec-3] INFO  c.s.keepnote.aspectj.LoggingAspect -
				Inside the @AfterThrowing
2020-01-14 04:52:22 [http-nio-8082-exec-3] ERROR o.a.c.c.C.[.[.[.[dispatcherServlet] -
				Servlet.service() for servlet [dispatcherServlet] in context with path [] threw exception [Request processing failed; nested exception is java.util.NoSuchElementException: No value present] with root cause
java.util.NoSuchElementException: No value present
	at java.util.Optional.get(Optional.java:135)
	at com.stackroute.keepnote.service.NoteServiceImpl.getAllNoteByUserId(NoteServiceImpl.java:206)
	at com.stackroute.keepnote.controller.NoteController.getAllNotesByUserId(NoteController.java:132)
	at com.stackroute.keepnote.controller.NoteController$$FastClassBySpringCGLIB$$fe60d249.invoke(<generated>)
	at org.springframework.cglib.proxy.MethodProxy.invoke(MethodProxy.java:204)
	at org.springframework.aop.framework.CglibAopProxy$CglibMethodInvocation.invokeJoinpoint(CglibAopProxy.java:746)
	at org.springframework.aop.framework.ReflectiveMethodInvocation.proceed(ReflectiveMethodInvocation.java:163)
	at org.springframework.aop.framework.adapter.MethodBeforeAdviceInterceptor.invoke(MethodBeforeAdviceInterceptor.java:52)
	at org.springframework.aop.framework.ReflectiveMethodInvocation.proceed(ReflectiveMethodInvocation.java:185)
	at org.springframework.aop.aspectj.AspectJAfterAdvice.invoke(AspectJAfterAdvice.java:47)
	at org.springframework.aop.framework.ReflectiveMethodInvocation.proceed(ReflectiveMethodInvocation.java:185)
	at org.springframework.aop.framework.adapter.AfterReturningAdviceInterceptor.invoke(AfterReturningAdviceInterceptor.java:52)
	at org.springframework.aop.framework.ReflectiveMethodInvocation.proceed(ReflectiveMethodInvocation.java:185)
	at org.springframework.aop.aspectj.AspectJAfterThrowingAdvice.invoke(AspectJAfterThrowingAdvice.java:62)
	at org.springframework.aop.framework.ReflectiveMethodInvocation.proceed(ReflectiveMethodInvocation.java:185)
	at org.springframework.aop.interceptor.ExposeInvocationInterceptor.invoke(ExposeInvocationInterceptor.java:92)
	at org.springframework.aop.framework.ReflectiveMethodInvocation.proceed(ReflectiveMethodInvocation.java:185)
	at org.springframework.aop.framework.CglibAopProxy$DynamicAdvisedInterceptor.intercept(CglibAopProxy.java:688)
	at com.stackroute.keepnote.controller.NoteController$$EnhancerBySpringCGLIB$$3b59668e.getAllNotesByUserId(<generated>)
	at sun.reflect.NativeMethodAccessorImpl.invoke0(Native Method)
	at sun.reflect.NativeMethodAccessorImpl.invoke(NativeMethodAccessorImpl.java:62)
	at sun.reflect.DelegatingMethodAccessorImpl.invoke(DelegatingMethodAccessorImpl.java:43)
	at java.lang.reflect.Method.invoke(Method.java:498)
	at org.springframework.web.method.support.InvocableHandlerMethod.doInvoke(InvocableHandlerMethod.java:209)
	at org.springframework.web.method.support.InvocableHandlerMethod.invokeForRequest(InvocableHandlerMethod.java:136)
	at org.springframework.web.servlet.mvc.method.annotation.ServletInvocableHandlerMethod.invokeAndHandle(ServletInvocableHandlerMethod.java:102)
	at org.springframework.web.servlet.mvc.method.annotation.RequestMappingHandlerAdapter.invokeHandlerMethod(RequestMappingHandlerAdapter.java:877)
	at org.springframework.web.servlet.mvc.method.annotation.RequestMappingHandlerAdapter.handleInternal(RequestMappingHandlerAdapter.java:783)
	at org.springframework.web.servlet.mvc.method.AbstractHandlerMethodAdapter.handle(AbstractHandlerMethodAdapter.java:87)
	at org.springframework.web.servlet.DispatcherServlet.doDispatch(DispatcherServlet.java:991)
	at org.springframework.web.servlet.DispatcherServlet.doService(DispatcherServlet.java:925)
	at org.springframework.web.servlet.FrameworkServlet.processRequest(FrameworkServlet.java:974)
	at org.springframework.web.servlet.FrameworkServlet.doGet(FrameworkServlet.java:866)
	at javax.servlet.http.HttpServlet.service(HttpServlet.java:635)
	at org.springframework.web.servlet.FrameworkServlet.service(FrameworkServlet.java:851)
	at javax.servlet.http.HttpServlet.service(HttpServlet.java:742)
	at org.apache.catalina.core.ApplicationFilterChain.internalDoFilter(ApplicationFilterChain.java:231)
	at org.apache.catalina.core.ApplicationFilterChain.doFilter(ApplicationFilterChain.java:166)
	at org.apache.tomcat.websocket.server.WsFilter.doFilter(WsFilter.java:52)
	at org.apache.catalina.core.ApplicationFilterChain.internalDoFilter(ApplicationFilterChain.java:193)
	at org.apache.catalina.core.ApplicationFilterChain.doFilter(ApplicationFilterChain.java:166)
	at com.stackroute.keepnote.jwtfilter.JwtFilter.doFilter(JwtFilter.java:51)
	at org.apache.catalina.core.ApplicationFilterChain.internalDoFilter(ApplicationFilterChain.java:193)
	at org.apache.catalina.core.ApplicationFilterChain.doFilter(ApplicationFilterChain.java:166)
	at org.springframework.web.filter.RequestContextFilter.doFilterInternal(RequestContextFilter.java:99)
	at org.springframework.web.filter.OncePerRequestFilter.doFilter(OncePerRequestFilter.java:107)
	at org.apache.catalina.core.ApplicationFilterChain.internalDoFilter(ApplicationFilterChain.java:193)
	at org.apache.catalina.core.ApplicationFilterChain.doFilter(ApplicationFilterChain.java:166)
	at org.springframework.web.filter.HttpPutFormContentFilter.doFilterInternal(HttpPutFormContentFilter.java:109)
	at org.springframework.web.filter.OncePerRequestFilter.doFilter(OncePerRequestFilter.java:107)
	at org.apache.catalina.core.ApplicationFilterChain.internalDoFilter(ApplicationFilterChain.java:193)
	at org.apache.catalina.core.ApplicationFilterChain.doFilter(ApplicationFilterChain.java:166)
	at org.springframework.web.filter.HiddenHttpMethodFilter.doFilterInternal(HiddenHttpMethodFilter.java:81)
	at org.springframework.web.filter.OncePerRequestFilter.doFilter(OncePerRequestFilter.java:107)
	at org.apache.catalina.core.ApplicationFilterChain.internalDoFilter(ApplicationFilterChain.java:193)
	at org.apache.catalina.core.ApplicationFilterChain.doFilter(ApplicationFilterChain.java:166)
	at org.springframework.web.filter.CharacterEncodingFilter.doFilterInternal(CharacterEncodingFilter.java:200)
	at org.springframework.web.filter.OncePerRequestFilter.doFilter(OncePerRequestFilter.java:107)
	at org.apache.catalina.core.ApplicationFilterChain.internalDoFilter(ApplicationFilterChain.java:193)
	at org.apache.catalina.core.ApplicationFilterChain.doFilter(ApplicationFilterChain.java:166)
	at org.apache.catalina.core.StandardWrapperValve.invoke(StandardWrapperValve.java:198)
	at org.apache.catalina.core.StandardContextValve.invoke(StandardContextValve.java:96)
	at org.apache.catalina.authenticator.AuthenticatorBase.invoke(AuthenticatorBase.java:496)
	at org.apache.catalina.core.StandardHostValve.invoke(StandardHostValve.java:140)
	at org.apache.catalina.valves.ErrorReportValve.invoke(ErrorReportValve.java:81)
	at org.apache.catalina.core.StandardEngineValve.invoke(StandardEngineValve.java:87)
	at org.apache.catalina.connector.CoyoteAdapter.service(CoyoteAdapter.java:342)
	at org.apache.coyote.http11.Http11Processor.service(Http11Processor.java:803)
	at org.apache.coyote.AbstractProcessorLight.process(AbstractProcessorLight.java:66)
	at org.apache.coyote.AbstractProtocol$ConnectionHandler.process(AbstractProtocol.java:790)
	at org.apache.tomcat.util.net.NioEndpoint$SocketProcessor.doRun(NioEndpoint.java:1468)
	at org.apache.tomcat.util.net.SocketProcessorBase.run(SocketProcessorBase.java:49)
	at java.util.concurrent.ThreadPoolExecutor.runWorker(ThreadPoolExecutor.java:1149)
	at java.util.concurrent.ThreadPoolExecutor$Worker.run(ThreadPoolExecutor.java:624)
	at org.apache.tomcat.util.threads.TaskThread$WrappingRunnable.run(TaskThread.java:61)
	at java.lang.Thread.run(Thread.java:748)
2020-01-14 04:52:23 [http-nio-8082-exec-1] INFO  c.s.keepnote.aspectj.LoggingAspect -
				Inside Before 
2020-01-14 04:52:23 [http-nio-8082-exec-1] INFO  c.s.keepnote.aspectj.LoggingAspect -
				Inside the afterReturningAdvice
2020-01-14 04:52:24 [http-nio-8082-exec-4] INFO  c.s.keepnote.aspectj.LoggingAspect -
				Inside Before 
2020-01-14 04:52:24 [http-nio-8082-exec-4] INFO  c.s.keepnote.aspectj.LoggingAspect -
				Inside the afterReturningAdvice
2020-01-14 04:52:44 [http-nio-8082-exec-5] INFO  c.s.keepnote.aspectj.LoggingAspect -
				Inside Before 
2020-01-14 04:52:44 [http-nio-8082-exec-5] INFO  c.s.keepnote.aspectj.LoggingAspect -
				Inside Before 
2020-01-14 04:52:44 [http-nio-8082-exec-5] INFO  c.s.keepnote.aspectj.LoggingAspect -
				Inside the afterReturningAdvice
2020-01-14 04:52:50 [http-nio-8082-exec-6] INFO  c.s.keepnote.aspectj.LoggingAspect -
				Inside Before 
2020-01-14 04:52:50 [http-nio-8082-exec-6] INFO  c.s.keepnote.aspectj.LoggingAspect -
				Inside Before 
2020-01-14 04:52:50 [http-nio-8082-exec-6] INFO  c.s.keepnote.aspectj.LoggingAspect -
				Inside the afterReturningAdvice
2020-01-14 04:52:50 [http-nio-8082-exec-7] INFO  c.s.keepnote.aspectj.LoggingAspect -
				Inside Before 
2020-01-14 04:52:50 [http-nio-8082-exec-7] INFO  c.s.keepnote.aspectj.LoggingAspect -
				Inside Before 
2020-01-14 04:52:50 [http-nio-8082-exec-7] INFO  c.s.keepnote.aspectj.LoggingAspect -
				Inside the afterReturningAdvice
2020-01-14 04:53:03 [http-nio-8082-exec-8] INFO  c.s.keepnote.aspectj.LoggingAspect -
				Inside Before 
2020-01-14 04:53:03 [http-nio-8082-exec-8] INFO  c.s.keepnote.aspectj.LoggingAspect -
				Inside Before 
2020-01-14 04:53:03 [http-nio-8082-exec-8] INFO  c.s.keepnote.aspectj.LoggingAspect -
				Inside the afterReturningAdvice
2020-01-14 04:53:05 [http-nio-8082-exec-9] INFO  c.s.keepnote.aspectj.LoggingAspect -
				Inside Before 
2020-01-14 04:53:05 [http-nio-8082-exec-9] INFO  c.s.keepnote.aspectj.LoggingAspect -
				Inside Before 
2020-01-14 04:53:05 [http-nio-8082-exec-9] INFO  c.s.keepnote.aspectj.LoggingAspect -
				Inside the afterReturningAdvice
2020-01-14 04:53:05 [http-nio-8082-exec-10] INFO  c.s.keepnote.aspectj.LoggingAspect -
				Inside Before 
2020-01-14 04:53:05 [http-nio-8082-exec-10] INFO  c.s.keepnote.aspectj.LoggingAspect -
				Inside Before 
2020-01-14 04:53:05 [http-nio-8082-exec-10] INFO  c.s.keepnote.aspectj.LoggingAspect -
				Inside the afterReturningAdvice
2020-01-14 04:53:17 [http-nio-8082-exec-2] INFO  c.s.keepnote.aspectj.LoggingAspect -
				Inside Before 
2020-01-14 04:53:17 [http-nio-8082-exec-2] INFO  c.s.keepnote.aspectj.LoggingAspect -
				Inside Before 
2020-01-14 04:53:17 [http-nio-8082-exec-2] INFO  c.s.keepnote.aspectj.LoggingAspect -
				Inside the afterReturningAdvice
2020-01-14 04:53:24 [http-nio-8082-exec-1] INFO  c.s.keepnote.aspectj.LoggingAspect -
				Inside Before 
2020-01-14 04:53:24 [http-nio-8082-exec-1] INFO  c.s.keepnote.aspectj.LoggingAspect -
				Inside Before 
2020-01-14 04:53:24 [http-nio-8082-exec-1] INFO  c.s.keepnote.aspectj.LoggingAspect -
				Inside the afterReturningAdvice
2020-01-14 04:53:37 [http-nio-8082-exec-4] INFO  c.s.keepnote.aspectj.LoggingAspect -
				Inside Before 
2020-01-14 04:53:37 [http-nio-8082-exec-4] INFO  c.s.keepnote.aspectj.LoggingAspect -
				Inside Before 
2020-01-14 04:53:37 [http-nio-8082-exec-4] INFO  c.s.keepnote.aspectj.LoggingAspect -
				Inside the afterReturningAdvice
2020-01-14 04:54:10 [http-nio-8082-exec-5] INFO  c.s.keepnote.aspectj.LoggingAspect -
				Inside Before 
2020-01-14 04:54:10 [http-nio-8082-exec-5] INFO  c.s.keepnote.aspectj.LoggingAspect -
				Inside Before 
2020-01-14 04:54:10 [http-nio-8082-exec-5] INFO  c.s.keepnote.aspectj.LoggingAspect -
				Inside the afterReturningAdvice
2020-01-14 04:54:10 [http-nio-8082-exec-6] INFO  c.s.keepnote.aspectj.LoggingAspect -
				Inside Before 
2020-01-14 04:54:10 [http-nio-8082-exec-6] INFO  c.s.keepnote.aspectj.LoggingAspect -
				Inside Before 
2020-01-14 04:54:10 [http-nio-8082-exec-6] INFO  c.s.keepnote.aspectj.LoggingAspect -
				Inside the afterReturningAdvice
2020-01-14 04:55:48 [http-nio-8082-exec-9] INFO  c.s.keepnote.aspectj.LoggingAspect -
				Inside Before 
2020-01-14 04:55:48 [http-nio-8082-exec-9] INFO  c.s.keepnote.aspectj.LoggingAspect -
				Inside Before 
2020-01-14 04:55:48 [http-nio-8082-exec-9] INFO  c.s.keepnote.aspectj.LoggingAspect -
				Inside the afterReturningAdvice
2020-01-14 04:55:49 [http-nio-8082-exec-10] INFO  c.s.keepnote.aspectj.LoggingAspect -
				Inside Before 
2020-01-14 04:55:49 [http-nio-8082-exec-10] INFO  c.s.keepnote.aspectj.LoggingAspect -
				Inside Before 
2020-01-14 04:55:49 [http-nio-8082-exec-10] INFO  c.s.keepnote.aspectj.LoggingAspect -
				Inside the afterReturningAdvice
2020-01-14 04:56:05 [http-nio-8082-exec-2] INFO  c.s.keepnote.aspectj.LoggingAspect -
				Inside Before 
2020-01-14 04:56:05 [http-nio-8082-exec-2] INFO  c.s.keepnote.aspectj.LoggingAspect -
				Inside Before 
2020-01-14 04:56:05 [http-nio-8082-exec-2] INFO  c.s.keepnote.aspectj.LoggingAspect -
				Inside the afterReturningAdvice
2020-01-14 04:56:14 [http-nio-8082-exec-3] INFO  c.s.keepnote.aspectj.LoggingAspect -
				Inside Before 
2020-01-14 04:56:14 [http-nio-8082-exec-3] INFO  c.s.keepnote.aspectj.LoggingAspect -
				Inside Before 
2020-01-14 04:56:14 [http-nio-8082-exec-3] INFO  c.s.keepnote.aspectj.LoggingAspect -
				Inside the afterReturningAdvice
2020-01-14 04:57:24 [http-nio-8082-exec-4] INFO  c.s.keepnote.aspectj.LoggingAspect -
				Inside Before 
2020-01-14 04:57:24 [http-nio-8082-exec-4] INFO  c.s.keepnote.aspectj.LoggingAspect -
				Inside Before 
2020-01-14 04:57:24 [http-nio-8082-exec-4] INFO  c.s.keepnote.aspectj.LoggingAspect -
				Inside the afterReturningAdvice
2020-01-14 04:57:25 [http-nio-8082-exec-5] INFO  c.s.keepnote.aspectj.LoggingAspect -
				Inside Before 
2020-01-14 04:57:25 [http-nio-8082-exec-5] INFO  c.s.keepnote.aspectj.LoggingAspect -
				Inside Before 
2020-01-14 04:57:25 [http-nio-8082-exec-5] INFO  c.s.keepnote.aspectj.LoggingAspect -
				Inside the afterReturningAdvice
2020-01-14 04:57:43 [http-nio-8082-exec-6] INFO  c.s.keepnote.aspectj.LoggingAspect -
				Inside Before 
2020-01-14 04:57:43 [http-nio-8082-exec-6] INFO  c.s.keepnote.aspectj.LoggingAspect -
				Inside Before 
2020-01-14 04:57:43 [http-nio-8082-exec-6] INFO  c.s.keepnote.aspectj.LoggingAspect -
				Inside the afterReturningAdvice
2020-01-14 04:58:17 [http-nio-8082-exec-7] INFO  c.s.keepnote.aspectj.LoggingAspect -
				Inside Before 
2020-01-14 04:58:17 [http-nio-8082-exec-7] INFO  c.s.keepnote.aspectj.LoggingAspect -
				Inside Before 
2020-01-14 04:58:17 [http-nio-8082-exec-7] INFO  c.s.keepnote.aspectj.LoggingAspect -
				Inside the afterReturningAdvice
2020-01-14 04:58:30 [http-nio-8082-exec-8] INFO  c.s.keepnote.aspectj.LoggingAspect -
				Inside Before 
2020-01-14 04:58:30 [http-nio-8082-exec-8] INFO  c.s.keepnote.aspectj.LoggingAspect -
				Inside Before 
2020-01-14 04:58:30 [http-nio-8082-exec-8] INFO  c.s.keepnote.aspectj.LoggingAspect -
				Inside the afterReturningAdvice
2020-01-14 04:58:36 [http-nio-8082-exec-10] INFO  c.s.keepnote.aspectj.LoggingAspect -
				Inside Before 
2020-01-14 04:58:36 [http-nio-8082-exec-10] INFO  c.s.keepnote.aspectj.LoggingAspect -
				Inside Before 
2020-01-14 04:58:36 [http-nio-8082-exec-10] INFO  c.s.keepnote.aspectj.LoggingAspect -
				Inside the afterReturningAdvice
2020-01-14 05:02:29 [http-nio-8082-exec-3] INFO  c.s.keepnote.aspectj.LoggingAspect -
				Inside Before 
2020-01-14 05:02:29 [http-nio-8082-exec-3] INFO  c.s.keepnote.aspectj.LoggingAspect -
				Inside Before 
2020-01-14 05:02:29 [http-nio-8082-exec-3] INFO  c.s.keepnote.aspectj.LoggingAspect -
				Inside the afterReturningAdvice
2020-01-14 05:02:30 [http-nio-8082-exec-1] INFO  c.s.keepnote.aspectj.LoggingAspect -
				Inside Before 
2020-01-14 05:02:30 [http-nio-8082-exec-1] INFO  c.s.keepnote.aspectj.LoggingAspect -
				Inside Before 
2020-01-14 05:02:30 [http-nio-8082-exec-1] INFO  c.s.keepnote.aspectj.LoggingAspect -
				Inside the afterReturningAdvice
2020-01-14 05:03:21 [http-nio-8082-exec-4] INFO  c.s.keepnote.aspectj.LoggingAspect -
				Inside Before 
2020-01-14 05:03:21 [http-nio-8082-exec-4] INFO  c.s.keepnote.aspectj.LoggingAspect -
				Inside Before 
2020-01-14 05:03:21 [http-nio-8082-exec-4] INFO  c.s.keepnote.aspectj.LoggingAspect -
				Inside the afterReturningAdvice
2020-01-14 05:03:22 [http-nio-8082-exec-5] INFO  c.s.keepnote.aspectj.LoggingAspect -
				Inside Before 
2020-01-14 05:03:22 [http-nio-8082-exec-5] INFO  c.s.keepnote.aspectj.LoggingAspect -
				Inside Before 
2020-01-14 05:03:22 [http-nio-8082-exec-5] INFO  c.s.keepnote.aspectj.LoggingAspect -
				Inside the afterReturningAdvice
2020-01-14 05:34:17 [http-nio-8082-exec-9] INFO  c.s.keepnote.aspectj.LoggingAspect -
				Inside Before 
2020-01-14 05:34:17 [http-nio-8082-exec-9] INFO  c.s.keepnote.aspectj.LoggingAspect -
				Inside Before 
2020-01-14 05:34:17 [http-nio-8082-exec-9] INFO  c.s.keepnote.aspectj.LoggingAspect -
				Inside the afterReturningAdvice
2020-01-14 05:34:17 [http-nio-8082-exec-10] INFO  c.s.keepnote.aspectj.LoggingAspect -
				Inside Before 
2020-01-14 05:34:17 [http-nio-8082-exec-10] INFO  c.s.keepnote.aspectj.LoggingAspect -
				Inside Before 
2020-01-14 05:34:17 [http-nio-8082-exec-10] INFO  c.s.keepnote.aspectj.LoggingAspect -
				Inside the afterReturningAdvice
2020-01-14 05:35:06 [http-nio-8082-exec-2] INFO  c.s.keepnote.aspectj.LoggingAspect -
				Inside Before 
2020-01-14 05:35:06 [http-nio-8082-exec-2] INFO  c.s.keepnote.aspectj.LoggingAspect -
				Inside Before 
2020-01-14 05:35:06 [http-nio-8082-exec-2] INFO  c.s.keepnote.aspectj.LoggingAspect -
				Inside the afterReturningAdvice
2020-01-14 05:35:06 [http-nio-8082-exec-3] INFO  c.s.keepnote.aspectj.LoggingAspect -
				Inside Before 
2020-01-14 05:35:06 [http-nio-8082-exec-3] INFO  c.s.keepnote.aspectj.LoggingAspect -
				Inside Before 
2020-01-14 05:35:06 [http-nio-8082-exec-3] INFO  c.s.keepnote.aspectj.LoggingAspect -
				Inside the afterReturningAdvice
2020-01-14 05:36:04 [http-nio-8082-exec-1] INFO  c.s.keepnote.aspectj.LoggingAspect -
				Inside Before 
2020-01-14 05:36:04 [http-nio-8082-exec-1] INFO  c.s.keepnote.aspectj.LoggingAspect -
				Inside Before 
2020-01-14 05:36:04 [http-nio-8082-exec-1] INFO  c.s.keepnote.aspectj.LoggingAspect -
				Inside the afterReturningAdvice
2020-01-14 05:36:05 [http-nio-8082-exec-4] INFO  c.s.keepnote.aspectj.LoggingAspect -
				Inside Before 
2020-01-14 05:36:05 [http-nio-8082-exec-4] INFO  c.s.keepnote.aspectj.LoggingAspect -
				Inside Before 
2020-01-14 05:36:05 [http-nio-8082-exec-4] INFO  c.s.keepnote.aspectj.LoggingAspect -
				Inside the afterReturningAdvice
2020-01-14 05:36:13 [http-nio-8082-exec-5] INFO  c.s.keepnote.aspectj.LoggingAspect -
				Inside Before 
2020-01-14 05:36:13 [http-nio-8082-exec-5] INFO  c.s.keepnote.aspectj.LoggingAspect -
				Inside Before 
2020-01-14 05:36:13 [http-nio-8082-exec-5] INFO  c.s.keepnote.aspectj.LoggingAspect -
				Inside the afterReturningAdvice
2020-01-14 05:36:13 [http-nio-8082-exec-6] INFO  c.s.keepnote.aspectj.LoggingAspect -
				Inside Before 
2020-01-14 05:36:13 [http-nio-8082-exec-6] INFO  c.s.keepnote.aspectj.LoggingAspect -
				Inside Before 
2020-01-14 05:36:13 [http-nio-8082-exec-6] INFO  c.s.keepnote.aspectj.LoggingAspect -
				Inside the afterReturningAdvice
2020-01-14 05:36:19 [http-nio-8082-exec-7] INFO  c.s.keepnote.aspectj.LoggingAspect -
				Inside Before 
2020-01-14 05:36:19 [http-nio-8082-exec-7] INFO  c.s.keepnote.aspectj.LoggingAspect -
				Inside Before 
2020-01-14 05:36:19 [http-nio-8082-exec-7] INFO  c.s.keepnote.aspectj.LoggingAspect -
				Inside the afterReturningAdvice
2020-01-14 05:36:37 [http-nio-8082-exec-8] INFO  c.s.keepnote.aspectj.LoggingAspect -
				Inside Before 
2020-01-14 05:36:37 [http-nio-8082-exec-8] INFO  c.s.keepnote.aspectj.LoggingAspect -
				Inside Before 
2020-01-14 05:36:37 [http-nio-8082-exec-8] INFO  c.s.keepnote.aspectj.LoggingAspect -
				Inside the afterReturningAdvice
2020-01-14 05:36:45 [http-nio-8082-exec-10] INFO  c.s.keepnote.aspectj.LoggingAspect -
				Inside Before 
2020-01-14 05:36:45 [http-nio-8082-exec-10] INFO  c.s.keepnote.aspectj.LoggingAspect -
				Inside Before 
2020-01-14 05:36:45 [http-nio-8082-exec-10] INFO  c.s.keepnote.aspectj.LoggingAspect -
				Inside the afterReturningAdvice
2020-01-14 05:36:57 [http-nio-8082-exec-3] INFO  c.s.keepnote.aspectj.LoggingAspect -
				Inside Before 
2020-01-14 05:36:57 [http-nio-8082-exec-3] INFO  c.s.keepnote.aspectj.LoggingAspect -
				Inside Before 
2020-01-14 05:36:57 [http-nio-8082-exec-3] INFO  c.s.keepnote.aspectj.LoggingAspect -
				Inside the afterReturningAdvice
2020-01-14 05:37:02 [http-nio-8082-exec-4] INFO  c.s.keepnote.aspectj.LoggingAspect -
				Inside Before 
2020-01-14 05:37:02 [http-nio-8082-exec-4] INFO  c.s.keepnote.aspectj.LoggingAspect -
				Inside Before 
2020-01-14 05:37:02 [http-nio-8082-exec-4] INFO  c.s.keepnote.aspectj.LoggingAspect -
				Inside the afterReturningAdvice
2020-01-14 05:37:02 [http-nio-8082-exec-5] INFO  c.s.keepnote.aspectj.LoggingAspect -
				Inside Before 
2020-01-14 05:37:02 [http-nio-8082-exec-5] INFO  c.s.keepnote.aspectj.LoggingAspect -
				Inside Before 
2020-01-14 05:37:02 [http-nio-8082-exec-5] INFO  c.s.keepnote.aspectj.LoggingAspect -
				Inside the afterReturningAdvice
2020-01-14 05:42:34 [http-nio-8082-exec-7] INFO  c.s.keepnote.aspectj.LoggingAspect -
				Inside Before 
2020-01-14 05:42:34 [http-nio-8082-exec-7] INFO  c.s.keepnote.aspectj.LoggingAspect -
				Inside Before 
2020-01-14 05:42:34 [http-nio-8082-exec-7] INFO  c.s.keepnote.aspectj.LoggingAspect -
				Inside the afterReturningAdvice
2020-01-14 05:42:34 [http-nio-8082-exec-8] INFO  c.s.keepnote.aspectj.LoggingAspect -
				Inside Before 
2020-01-14 05:42:34 [http-nio-8082-exec-8] INFO  c.s.keepnote.aspectj.LoggingAspect -
				Inside Before 
2020-01-14 05:42:34 [http-nio-8082-exec-8] INFO  c.s.keepnote.aspectj.LoggingAspect -
				Inside the afterReturningAdvice
2020-01-14 05:44:00 [http-nio-8082-exec-10] INFO  c.s.keepnote.aspectj.LoggingAspect -
				Inside Before 
2020-01-14 05:44:00 [http-nio-8082-exec-10] INFO  c.s.keepnote.aspectj.LoggingAspect -
				Inside Before 
2020-01-14 05:44:00 [http-nio-8082-exec-10] INFO  c.s.keepnote.aspectj.LoggingAspect -
				Inside the afterReturningAdvice
2020-01-14 05:44:00 [http-nio-8082-exec-2] INFO  c.s.keepnote.aspectj.LoggingAspect -
				Inside Before 
2020-01-14 05:44:00 [http-nio-8082-exec-2] INFO  c.s.keepnote.aspectj.LoggingAspect -
				Inside Before 
2020-01-14 05:44:00 [http-nio-8082-exec-2] INFO  c.s.keepnote.aspectj.LoggingAspect -
				Inside the afterReturningAdvice
2020-01-14 05:44:22 [http-nio-8082-exec-3] INFO  c.s.keepnote.aspectj.LoggingAspect -
				Inside Before 
2020-01-14 05:44:22 [http-nio-8082-exec-3] INFO  c.s.keepnote.aspectj.LoggingAspect -
				Inside Before 
2020-01-14 05:44:22 [http-nio-8082-exec-3] INFO  c.s.keepnote.aspectj.LoggingAspect -
				Inside the afterReturningAdvice
2020-01-14 05:44:22 [http-nio-8082-exec-1] INFO  c.s.keepnote.aspectj.LoggingAspect -
				Inside Before 
2020-01-14 05:44:22 [http-nio-8082-exec-1] INFO  c.s.keepnote.aspectj.LoggingAspect -
				Inside Before 
2020-01-14 05:44:22 [http-nio-8082-exec-1] INFO  c.s.keepnote.aspectj.LoggingAspect -
				Inside the afterReturningAdvice
2020-01-14 05:45:00 [http-nio-8082-exec-4] INFO  c.s.keepnote.aspectj.LoggingAspect -
				Inside Before 
2020-01-14 05:45:00 [http-nio-8082-exec-4] INFO  c.s.keepnote.aspectj.LoggingAspect -
				Inside Before 
2020-01-14 05:45:00 [http-nio-8082-exec-4] INFO  c.s.keepnote.aspectj.LoggingAspect -
				Inside the afterReturningAdvice
2020-01-14 05:45:00 [http-nio-8082-exec-5] INFO  c.s.keepnote.aspectj.LoggingAspect -
				Inside Before 
2020-01-14 05:45:00 [http-nio-8082-exec-5] INFO  c.s.keepnote.aspectj.LoggingAspect -
				Inside Before 
2020-01-14 05:45:00 [http-nio-8082-exec-5] INFO  c.s.keepnote.aspectj.LoggingAspect -
				Inside the afterReturningAdvice
2020-01-14 05:45:23 [http-nio-8082-exec-6] INFO  c.s.keepnote.aspectj.LoggingAspect -
				Inside Before 
2020-01-14 05:45:23 [http-nio-8082-exec-6] INFO  c.s.keepnote.aspectj.LoggingAspect -
				Inside Before 
2020-01-14 05:45:23 [http-nio-8082-exec-6] INFO  c.s.keepnote.aspectj.LoggingAspect -
				Inside the afterReturningAdvice
2020-01-14 05:45:23 [http-nio-8082-exec-7] INFO  c.s.keepnote.aspectj.LoggingAspect -
				Inside Before 
2020-01-14 05:45:23 [http-nio-8082-exec-7] INFO  c.s.keepnote.aspectj.LoggingAspect -
				Inside Before 
2020-01-14 05:45:23 [http-nio-8082-exec-7] INFO  c.s.keepnote.aspectj.LoggingAspect -
				Inside the afterReturningAdvice
2020-01-14 05:46:57 [http-nio-8082-exec-9] INFO  c.s.keepnote.aspectj.LoggingAspect -
				Inside Before 
2020-01-14 05:46:57 [http-nio-8082-exec-9] INFO  c.s.keepnote.aspectj.LoggingAspect -
				Inside Before 
2020-01-14 05:46:57 [http-nio-8082-exec-9] INFO  c.s.keepnote.aspectj.LoggingAspect -
				Inside the afterReturningAdvice
2020-01-14 05:47:50 [http-nio-8082-exec-10] INFO  c.s.keepnote.aspectj.LoggingAspect -
				Inside Before 
2020-01-14 05:47:50 [http-nio-8082-exec-10] INFO  c.s.keepnote.aspectj.LoggingAspect -
				Inside Before 
2020-01-14 05:47:50 [http-nio-8082-exec-10] INFO  c.s.keepnote.aspectj.LoggingAspect -
				Inside the afterReturningAdvice
2020-01-14 05:49:25 [http-nio-8082-exec-3] INFO  c.s.keepnote.aspectj.LoggingAspect -
				Inside Before 
2020-01-14 05:49:25 [http-nio-8082-exec-3] INFO  c.s.keepnote.aspectj.LoggingAspect -
				Inside Before 
2020-01-14 05:49:25 [http-nio-8082-exec-3] INFO  c.s.keepnote.aspectj.LoggingAspect -
				Inside the afterReturningAdvice
2020-01-14 05:50:02 [http-nio-8082-exec-1] INFO  c.s.keepnote.aspectj.LoggingAspect -
				Inside Before 
2020-01-14 05:50:02 [http-nio-8082-exec-1] INFO  c.s.keepnote.aspectj.LoggingAspect -
				Inside Before 
2020-01-14 05:50:02 [http-nio-8082-exec-1] INFO  c.s.keepnote.aspectj.LoggingAspect -
				Inside the afterReturningAdvice
2020-01-14 05:51:07 [http-nio-8082-exec-5] INFO  c.s.keepnote.aspectj.LoggingAspect -
				Inside Before 
2020-01-14 05:51:07 [http-nio-8082-exec-5] INFO  c.s.keepnote.aspectj.LoggingAspect -
				Inside Before 
2020-01-14 05:51:07 [http-nio-8082-exec-5] INFO  c.s.keepnote.aspectj.LoggingAspect -
				Inside the afterReturningAdvice
2020-01-14 05:52:12 [http-nio-8082-exec-7] INFO  c.s.keepnote.aspectj.LoggingAspect -
				Inside Before 
2020-01-14 05:52:12 [http-nio-8082-exec-7] INFO  c.s.keepnote.aspectj.LoggingAspect -
				Inside Before 
2020-01-14 05:52:12 [http-nio-8082-exec-7] INFO  c.s.keepnote.aspectj.LoggingAspect -
				Inside the afterReturningAdvice
2020-01-14 05:53:59 [http-nio-8082-exec-9] INFO  c.s.keepnote.aspectj.LoggingAspect -
				Inside Before 
2020-01-14 05:53:59 [http-nio-8082-exec-9] INFO  c.s.keepnote.aspectj.LoggingAspect -
				Inside Before 
2020-01-14 05:53:59 [http-nio-8082-exec-9] INFO  c.s.keepnote.aspectj.LoggingAspect -
				Inside the afterReturningAdvice
2020-01-14 05:59:32 [http-nio-8082-exec-2] INFO  c.s.keepnote.aspectj.LoggingAspect -
				Inside Before 
2020-01-14 05:59:41 [http-nio-8082-exec-2] INFO  c.s.keepnote.aspectj.LoggingAspect -
				Inside Before 
2020-01-14 05:59:41 [http-nio-8082-exec-2] INFO  c.s.keepnote.aspectj.LoggingAspect -
				Inside the afterReturningAdvice
2020-01-14 06:03:35 [http-nio-8082-exec-1] INFO  c.s.keepnote.aspectj.LoggingAspect -
				Inside Before 
2020-01-14 06:04:30 [http-nio-8082-exec-1] INFO  c.s.keepnote.aspectj.LoggingAspect -
				Inside Before 
2020-01-14 06:04:30 [http-nio-8082-exec-1] INFO  c.s.keepnote.aspectj.LoggingAspect -
				Inside the afterReturningAdvice
2020-01-14 06:05:56 [http-nio-8082-exec-6] INFO  c.s.keepnote.aspectj.LoggingAspect -
				Inside Before 
2020-01-14 06:05:56 [http-nio-8082-exec-6] INFO  c.s.keepnote.aspectj.LoggingAspect -
				Inside Before 
2020-01-14 06:05:56 [http-nio-8082-exec-6] INFO  c.s.keepnote.aspectj.LoggingAspect -
				Inside the afterReturningAdvice
2020-01-14 06:07:09 [http-nio-8082-exec-9] INFO  c.s.keepnote.aspectj.LoggingAspect -
				Inside Before 
2020-01-14 06:07:09 [http-nio-8082-exec-9] INFO  c.s.keepnote.aspectj.LoggingAspect -
				Inside Before 
2020-01-14 06:07:09 [http-nio-8082-exec-9] INFO  c.s.keepnote.aspectj.LoggingAspect -
				Inside the @AfterThrowing
2020-01-14 06:07:09 [http-nio-8082-exec-9] ERROR o.a.c.c.C.[.[.[.[dispatcherServlet] -
				Servlet.service() for servlet [dispatcherServlet] in context with path [] threw exception [Request processing failed; nested exception is java.util.NoSuchElementException: No value present] with root cause
java.util.NoSuchElementException: No value present
	at java.util.Optional.get(Optional.java:135)
	at com.stackroute.keepnote.service.NoteServiceImpl.getAllNoteByUserId(NoteServiceImpl.java:206)
	at com.stackroute.keepnote.controller.NoteController.getAllNotesByUserId(NoteController.java:132)
	at com.stackroute.keepnote.controller.NoteController$$FastClassBySpringCGLIB$$fe60d249.invoke(<generated>)
	at org.springframework.cglib.proxy.MethodProxy.invoke(MethodProxy.java:204)
	at org.springframework.aop.framework.CglibAopProxy$CglibMethodInvocation.invokeJoinpoint(CglibAopProxy.java:746)
	at org.springframework.aop.framework.ReflectiveMethodInvocation.proceed(ReflectiveMethodInvocation.java:163)
	at org.springframework.aop.framework.adapter.MethodBeforeAdviceInterceptor.invoke(MethodBeforeAdviceInterceptor.java:52)
	at org.springframework.aop.framework.ReflectiveMethodInvocation.proceed(ReflectiveMethodInvocation.java:185)
	at org.springframework.aop.aspectj.AspectJAfterAdvice.invoke(AspectJAfterAdvice.java:47)
	at org.springframework.aop.framework.ReflectiveMethodInvocation.proceed(ReflectiveMethodInvocation.java:185)
	at org.springframework.aop.framework.adapter.AfterReturningAdviceInterceptor.invoke(AfterReturningAdviceInterceptor.java:52)
	at org.springframework.aop.framework.ReflectiveMethodInvocation.proceed(ReflectiveMethodInvocation.java:185)
	at org.springframework.aop.aspectj.AspectJAfterThrowingAdvice.invoke(AspectJAfterThrowingAdvice.java:62)
	at org.springframework.aop.framework.ReflectiveMethodInvocation.proceed(ReflectiveMethodInvocation.java:185)
	at org.springframework.aop.interceptor.ExposeInvocationInterceptor.invoke(ExposeInvocationInterceptor.java:92)
	at org.springframework.aop.framework.ReflectiveMethodInvocation.proceed(ReflectiveMethodInvocation.java:185)
	at org.springframework.aop.framework.CglibAopProxy$DynamicAdvisedInterceptor.intercept(CglibAopProxy.java:688)
	at com.stackroute.keepnote.controller.NoteController$$EnhancerBySpringCGLIB$$3b59668e.getAllNotesByUserId(<generated>)
	at sun.reflect.GeneratedMethodAccessor56.invoke(Unknown Source)
	at sun.reflect.DelegatingMethodAccessorImpl.invoke(DelegatingMethodAccessorImpl.java:43)
	at java.lang.reflect.Method.invoke(Method.java:498)
	at org.springframework.web.method.support.InvocableHandlerMethod.doInvoke(InvocableHandlerMethod.java:209)
	at org.springframework.web.method.support.InvocableHandlerMethod.invokeForRequest(InvocableHandlerMethod.java:136)
	at org.springframework.web.servlet.mvc.method.annotation.ServletInvocableHandlerMethod.invokeAndHandle(ServletInvocableHandlerMethod.java:102)
	at org.springframework.web.servlet.mvc.method.annotation.RequestMappingHandlerAdapter.invokeHandlerMethod(RequestMappingHandlerAdapter.java:877)
	at org.springframework.web.servlet.mvc.method.annotation.RequestMappingHandlerAdapter.handleInternal(RequestMappingHandlerAdapter.java:783)
	at org.springframework.web.servlet.mvc.method.AbstractHandlerMethodAdapter.handle(AbstractHandlerMethodAdapter.java:87)
	at org.springframework.web.servlet.DispatcherServlet.doDispatch(DispatcherServlet.java:991)
	at org.springframework.web.servlet.DispatcherServlet.doService(DispatcherServlet.java:925)
	at org.springframework.web.servlet.FrameworkServlet.processRequest(FrameworkServlet.java:974)
	at org.springframework.web.servlet.FrameworkServlet.doGet(FrameworkServlet.java:866)
	at javax.servlet.http.HttpServlet.service(HttpServlet.java:635)
	at org.springframework.web.servlet.FrameworkServlet.service(FrameworkServlet.java:851)
	at javax.servlet.http.HttpServlet.service(HttpServlet.java:742)
	at org.apache.catalina.core.ApplicationFilterChain.internalDoFilter(ApplicationFilterChain.java:231)
	at org.apache.catalina.core.ApplicationFilterChain.doFilter(ApplicationFilterChain.java:166)
	at org.apache.tomcat.websocket.server.WsFilter.doFilter(WsFilter.java:52)
	at org.apache.catalina.core.ApplicationFilterChain.internalDoFilter(ApplicationFilterChain.java:193)
	at org.apache.catalina.core.ApplicationFilterChain.doFilter(ApplicationFilterChain.java:166)
	at com.stackroute.keepnote.jwtfilter.JwtFilter.doFilter(JwtFilter.java:51)
	at org.apache.catalina.core.ApplicationFilterChain.internalDoFilter(ApplicationFilterChain.java:193)
	at org.apache.catalina.core.ApplicationFilterChain.doFilter(ApplicationFilterChain.java:166)
	at org.springframework.web.filter.RequestContextFilter.doFilterInternal(RequestContextFilter.java:99)
	at org.springframework.web.filter.OncePerRequestFilter.doFilter(OncePerRequestFilter.java:107)
	at org.apache.catalina.core.ApplicationFilterChain.internalDoFilter(ApplicationFilterChain.java:193)
	at org.apache.catalina.core.ApplicationFilterChain.doFilter(ApplicationFilterChain.java:166)
	at org.springframework.web.filter.HttpPutFormContentFilter.doFilterInternal(HttpPutFormContentFilter.java:109)
	at org.springframework.web.filter.OncePerRequestFilter.doFilter(OncePerRequestFilter.java:107)
	at org.apache.catalina.core.ApplicationFilterChain.internalDoFilter(ApplicationFilterChain.java:193)
	at org.apache.catalina.core.ApplicationFilterChain.doFilter(ApplicationFilterChain.java:166)
	at org.springframework.web.filter.HiddenHttpMethodFilter.doFilterInternal(HiddenHttpMethodFilter.java:81)
	at org.springframework.web.filter.OncePerRequestFilter.doFilter(OncePerRequestFilter.java:107)
	at org.apache.catalina.core.ApplicationFilterChain.internalDoFilter(ApplicationFilterChain.java:193)
	at org.apache.catalina.core.ApplicationFilterChain.doFilter(ApplicationFilterChain.java:166)
	at org.springframework.web.filter.CharacterEncodingFilter.doFilterInternal(CharacterEncodingFilter.java:200)
	at org.springframework.web.filter.OncePerRequestFilter.doFilter(OncePerRequestFilter.java:107)
	at org.apache.catalina.core.ApplicationFilterChain.internalDoFilter(ApplicationFilterChain.java:193)
	at org.apache.catalina.core.ApplicationFilterChain.doFilter(ApplicationFilterChain.java:166)
	at org.apache.catalina.core.StandardWrapperValve.invoke(StandardWrapperValve.java:198)
	at org.apache.catalina.core.StandardContextValve.invoke(StandardContextValve.java:96)
	at org.apache.catalina.authenticator.AuthenticatorBase.invoke(AuthenticatorBase.java:496)
	at org.apache.catalina.core.StandardHostValve.invoke(StandardHostValve.java:140)
	at org.apache.catalina.valves.ErrorReportValve.invoke(ErrorReportValve.java:81)
	at org.apache.catalina.core.StandardEngineValve.invoke(StandardEngineValve.java:87)
	at org.apache.catalina.connector.CoyoteAdapter.service(CoyoteAdapter.java:342)
	at org.apache.coyote.http11.Http11Processor.service(Http11Processor.java:803)
	at org.apache.coyote.AbstractProcessorLight.process(AbstractProcessorLight.java:66)
	at org.apache.coyote.AbstractProtocol$ConnectionHandler.process(AbstractProtocol.java:790)
	at org.apache.tomcat.util.net.NioEndpoint$SocketProcessor.doRun(NioEndpoint.java:1468)
	at org.apache.tomcat.util.net.SocketProcessorBase.run(SocketProcessorBase.java:49)
	at java.util.concurrent.ThreadPoolExecutor.runWorker(ThreadPoolExecutor.java:1149)
	at java.util.concurrent.ThreadPoolExecutor$Worker.run(ThreadPoolExecutor.java:624)
	at org.apache.tomcat.util.threads.TaskThread$WrappingRunnable.run(TaskThread.java:61)
	at java.lang.Thread.run(Thread.java:748)
2020-01-14 06:08:06 [http-nio-8082-exec-2] INFO  c.s.keepnote.aspectj.LoggingAspect -
				Inside Before 
2020-01-14 06:08:06 [http-nio-8082-exec-2] INFO  c.s.keepnote.aspectj.LoggingAspect -
				Inside Before 
2020-01-14 06:08:06 [http-nio-8082-exec-2] INFO  c.s.keepnote.aspectj.LoggingAspect -
				Inside the afterReturningAdvice
2020-01-14 06:08:16 [http-nio-8082-exec-1] INFO  c.s.keepnote.aspectj.LoggingAspect -
				Inside Before 
2020-01-14 06:08:16 [http-nio-8082-exec-1] INFO  c.s.keepnote.aspectj.LoggingAspect -
				Inside Before 
2020-01-14 06:08:16 [http-nio-8082-exec-1] INFO  c.s.keepnote.aspectj.LoggingAspect -
				Inside the afterReturningAdvice
2020-01-14 06:10:41 [http-nio-8082-exec-6] INFO  c.s.keepnote.aspectj.LoggingAspect -
				Inside Before 
2020-01-14 06:10:41 [http-nio-8082-exec-6] INFO  c.s.keepnote.aspectj.LoggingAspect -
				Inside Before 
2020-01-14 06:10:41 [http-nio-8082-exec-6] INFO  c.s.keepnote.aspectj.LoggingAspect -
				Inside the afterReturningAdvice
2020-01-14 06:10:49 [http-nio-8082-exec-7] INFO  c.s.keepnote.aspectj.LoggingAspect -
				Inside Before 
2020-01-14 06:10:49 [http-nio-8082-exec-7] INFO  c.s.keepnote.aspectj.LoggingAspect -
				Inside Before 
2020-01-14 06:10:49 [http-nio-8082-exec-7] INFO  c.s.keepnote.aspectj.LoggingAspect -
				Inside the afterReturningAdvice
2020-01-14 06:10:56 [http-nio-8082-exec-8] INFO  c.s.keepnote.aspectj.LoggingAspect -
				Inside Before 
2020-01-14 06:10:56 [http-nio-8082-exec-8] INFO  c.s.keepnote.aspectj.LoggingAspect -
				Inside Before 
2020-01-14 06:10:56 [http-nio-8082-exec-8] INFO  c.s.keepnote.aspectj.LoggingAspect -
				Inside the afterReturningAdvice
2020-01-14 06:11:16 [http-nio-8082-exec-9] INFO  c.s.keepnote.aspectj.LoggingAspect -
				Inside Before 
2020-01-14 06:11:16 [http-nio-8082-exec-9] INFO  c.s.keepnote.aspectj.LoggingAspect -
				Inside Before 
2020-01-14 06:11:16 [http-nio-8082-exec-9] INFO  c.s.keepnote.aspectj.LoggingAspect -
				Inside the afterReturningAdvice
2020-01-14 06:12:57 [http-nio-8082-exec-2] INFO  c.s.keepnote.aspectj.LoggingAspect -
				Inside Before 
2020-01-14 06:12:57 [http-nio-8082-exec-2] INFO  c.s.keepnote.aspectj.LoggingAspect -
				Inside Before 
2020-01-14 06:12:57 [http-nio-8082-exec-2] INFO  c.s.keepnote.aspectj.LoggingAspect -
				Inside the afterReturningAdvice
2020-01-14 06:12:57 [http-nio-8082-exec-3] INFO  c.s.keepnote.aspectj.LoggingAspect -
				Inside Before 
2020-01-14 06:12:57 [http-nio-8082-exec-3] INFO  c.s.keepnote.aspectj.LoggingAspect -
				Inside Before 
2020-01-14 06:12:57 [http-nio-8082-exec-3] INFO  c.s.keepnote.aspectj.LoggingAspect -
				Inside the afterReturningAdvice
2020-01-14 06:13:21 [http-nio-8082-exec-4] INFO  c.s.keepnote.aspectj.LoggingAspect -
				Inside Before 
2020-01-14 06:13:21 [http-nio-8082-exec-4] INFO  c.s.keepnote.aspectj.LoggingAspect -
				Inside Before 
2020-01-14 06:13:21 [http-nio-8082-exec-4] INFO  c.s.keepnote.aspectj.LoggingAspect -
				Inside the afterReturningAdvice
2020-01-14 06:14:20 [http-nio-8082-exec-5] INFO  c.s.keepnote.aspectj.LoggingAspect -
				Inside Before 
2020-01-14 06:14:20 [http-nio-8082-exec-5] INFO  c.s.keepnote.aspectj.LoggingAspect -
				Inside Before 
2020-01-14 06:14:20 [http-nio-8082-exec-5] INFO  c.s.keepnote.aspectj.LoggingAspect -
				Inside the afterReturningAdvice
2020-01-14 06:14:21 [http-nio-8082-exec-6] INFO  c.s.keepnote.aspectj.LoggingAspect -
				Inside Before 
2020-01-14 06:14:21 [http-nio-8082-exec-6] INFO  c.s.keepnote.aspectj.LoggingAspect -
				Inside Before 
2020-01-14 06:14:21 [http-nio-8082-exec-6] INFO  c.s.keepnote.aspectj.LoggingAspect -
				Inside the afterReturningAdvice
2020-01-14 06:14:36 [http-nio-8082-exec-7] INFO  c.s.keepnote.aspectj.LoggingAspect -
				Inside Before 
2020-01-14 06:14:36 [http-nio-8082-exec-7] INFO  c.s.keepnote.aspectj.LoggingAspect -
				Inside Before 
2020-01-14 06:14:36 [http-nio-8082-exec-7] INFO  c.s.keepnote.aspectj.LoggingAspect -
				Inside the afterReturningAdvice
2020-01-14 06:14:59 [http-nio-8082-exec-9] WARN  o.s.w.s.m.s.DefaultHandlerExceptionResolver -
				Failed to bind request element: org.springframework.web.method.annotation.MethodArgumentTypeMismatchException: Failed to convert value of type 'java.lang.String' to required type 'int'; nested exception is java.lang.NumberFormatException: For input string: "undefined"
2020-01-14 06:15:27 [http-nio-8082-exec-10] INFO  c.s.keepnote.aspectj.LoggingAspect -
				Inside Before 
2020-01-14 06:15:27 [http-nio-8082-exec-10] INFO  c.s.keepnote.aspectj.LoggingAspect -
				Inside Before 
2020-01-14 06:15:27 [http-nio-8082-exec-10] INFO  c.s.keepnote.aspectj.LoggingAspect -
				Inside the afterReturningAdvice
2020-01-14 06:15:27 [http-nio-8082-exec-2] INFO  c.s.keepnote.aspectj.LoggingAspect -
				Inside Before 
2020-01-14 06:15:27 [http-nio-8082-exec-2] INFO  c.s.keepnote.aspectj.LoggingAspect -
				Inside Before 
2020-01-14 06:15:27 [http-nio-8082-exec-2] INFO  c.s.keepnote.aspectj.LoggingAspect -
				Inside the afterReturningAdvice
2020-01-14 06:17:42 [http-nio-8082-exec-1] INFO  c.s.keepnote.aspectj.LoggingAspect -
				Inside Before 
2020-01-14 06:17:42 [http-nio-8082-exec-1] INFO  c.s.keepnote.aspectj.LoggingAspect -
				Inside Before 
2020-01-14 06:17:42 [http-nio-8082-exec-1] INFO  c.s.keepnote.aspectj.LoggingAspect -
				Inside the afterReturningAdvice
2020-01-14 06:17:42 [http-nio-8082-exec-4] INFO  c.s.keepnote.aspectj.LoggingAspect -
				Inside Before 
2020-01-14 06:17:42 [http-nio-8082-exec-4] INFO  c.s.keepnote.aspectj.LoggingAspect -
				Inside Before 
2020-01-14 06:17:42 [http-nio-8082-exec-4] INFO  c.s.keepnote.aspectj.LoggingAspect -
				Inside the afterReturningAdvice
2020-01-14 06:17:48 [http-nio-8082-exec-5] WARN  o.s.w.s.m.s.DefaultHandlerExceptionResolver -
				Failed to bind request element: org.springframework.web.method.annotation.MethodArgumentTypeMismatchException: Failed to convert value of type 'java.lang.String' to required type 'int'; nested exception is java.lang.NumberFormatException: For input string: "undefined"
2020-01-14 06:18:13 [http-nio-8082-exec-6] INFO  c.s.keepnote.aspectj.LoggingAspect -
				Inside Before 
2020-01-14 06:18:13 [http-nio-8082-exec-6] INFO  c.s.keepnote.aspectj.LoggingAspect -
				Inside Before 
2020-01-14 06:18:13 [http-nio-8082-exec-6] INFO  c.s.keepnote.aspectj.LoggingAspect -
				Inside the afterReturningAdvice
2020-01-14 06:18:14 [http-nio-8082-exec-7] INFO  c.s.keepnote.aspectj.LoggingAspect -
				Inside Before 
2020-01-14 06:18:14 [http-nio-8082-exec-7] INFO  c.s.keepnote.aspectj.LoggingAspect -
				Inside Before 
2020-01-14 06:18:14 [http-nio-8082-exec-7] INFO  c.s.keepnote.aspectj.LoggingAspect -
				Inside the afterReturningAdvice
2020-01-14 06:18:26 [http-nio-8082-exec-8] INFO  c.s.keepnote.aspectj.LoggingAspect -
				Inside Before 
2020-01-14 06:18:26 [http-nio-8082-exec-8] INFO  c.s.keepnote.aspectj.LoggingAspect -
				Inside Before 
2020-01-14 06:18:26 [http-nio-8082-exec-8] INFO  c.s.keepnote.aspectj.LoggingAspect -
				Inside the afterReturningAdvice
2020-01-14 06:18:32 [http-nio-8082-exec-9] INFO  c.s.keepnote.aspectj.LoggingAspect -
				Inside Before 
2020-01-14 06:18:32 [http-nio-8082-exec-9] INFO  c.s.keepnote.aspectj.LoggingAspect -
				Inside Before 
2020-01-14 06:18:32 [http-nio-8082-exec-9] INFO  c.s.keepnote.aspectj.LoggingAspect -
				Inside the afterReturningAdvice
2020-01-14 06:22:05 [http-nio-8082-exec-2] INFO  c.s.keepnote.aspectj.LoggingAspect -
				Inside Before 
2020-01-14 06:22:05 [http-nio-8082-exec-2] INFO  c.s.keepnote.aspectj.LoggingAspect -
				Inside Before 
2020-01-14 06:22:05 [http-nio-8082-exec-2] INFO  c.s.keepnote.aspectj.LoggingAspect -
				Inside the afterReturningAdvice
2020-01-14 06:24:10 [http-nio-8082-exec-1] INFO  c.s.keepnote.aspectj.LoggingAspect -
				Inside Before 
2020-01-14 06:24:10 [http-nio-8082-exec-1] INFO  c.s.keepnote.aspectj.LoggingAspect -
				Inside Before 
2020-01-14 06:24:10 [http-nio-8082-exec-1] INFO  c.s.keepnote.aspectj.LoggingAspect -
				Inside the afterReturningAdvice
2020-01-14 06:24:31 [http-nio-8082-exec-4] INFO  c.s.keepnote.aspectj.LoggingAspect -
				Inside Before 
2020-01-14 06:24:31 [http-nio-8082-exec-4] INFO  c.s.keepnote.aspectj.LoggingAspect -
				Inside Before 
2020-01-14 06:24:31 [http-nio-8082-exec-4] INFO  c.s.keepnote.aspectj.LoggingAspect -
				Inside the afterReturningAdvice
2020-01-14 06:24:32 [http-nio-8082-exec-5] INFO  c.s.keepnote.aspectj.LoggingAspect -
				Inside Before 
2020-01-14 06:24:32 [http-nio-8082-exec-5] INFO  c.s.keepnote.aspectj.LoggingAspect -
				Inside Before 
2020-01-14 06:24:32 [http-nio-8082-exec-5] INFO  c.s.keepnote.aspectj.LoggingAspect -
				Inside the afterReturningAdvice
2020-01-14 06:24:33 [http-nio-8082-exec-6] INFO  c.s.keepnote.aspectj.LoggingAspect -
				Inside Before 
2020-01-14 06:24:33 [http-nio-8082-exec-6] INFO  c.s.keepnote.aspectj.LoggingAspect -
				Inside Before 
2020-01-14 06:24:33 [http-nio-8082-exec-6] INFO  c.s.keepnote.aspectj.LoggingAspect -
				Inside the afterReturningAdvice
2020-01-14 06:24:35 [http-nio-8082-exec-7] INFO  c.s.keepnote.aspectj.LoggingAspect -
				Inside Before 
2020-01-14 06:24:35 [http-nio-8082-exec-7] INFO  c.s.keepnote.aspectj.LoggingAspect -
				Inside Before 
2020-01-14 06:24:35 [http-nio-8082-exec-7] INFO  c.s.keepnote.aspectj.LoggingAspect -
				Inside the afterReturningAdvice
2020-01-14 06:24:35 [http-nio-8082-exec-8] INFO  c.s.keepnote.aspectj.LoggingAspect -
				Inside Before 
2020-01-14 06:24:35 [http-nio-8082-exec-8] INFO  c.s.keepnote.aspectj.LoggingAspect -
				Inside Before 
2020-01-14 06:24:35 [http-nio-8082-exec-8] INFO  c.s.keepnote.aspectj.LoggingAspect -
				Inside the afterReturningAdvice
2020-01-14 06:25:42 [http-nio-8082-exec-10] INFO  c.s.keepnote.aspectj.LoggingAspect -
				Inside Before 
2020-01-14 06:25:42 [http-nio-8082-exec-10] INFO  c.s.keepnote.aspectj.LoggingAspect -
				Inside Before 
2020-01-14 06:25:42 [http-nio-8082-exec-10] INFO  c.s.keepnote.aspectj.LoggingAspect -
				Inside the afterReturningAdvice
2020-01-14 06:25:42 [http-nio-8082-exec-2] INFO  c.s.keepnote.aspectj.LoggingAspect -
				Inside Before 
2020-01-14 06:25:42 [http-nio-8082-exec-2] INFO  c.s.keepnote.aspectj.LoggingAspect -
				Inside Before 
2020-01-14 06:25:42 [http-nio-8082-exec-2] INFO  c.s.keepnote.aspectj.LoggingAspect -
				Inside the afterReturningAdvice
2020-01-14 06:25:49 [http-nio-8082-exec-3] INFO  c.s.keepnote.aspectj.LoggingAspect -
				Inside Before 
2020-01-14 06:25:49 [http-nio-8082-exec-3] INFO  c.s.keepnote.aspectj.LoggingAspect -
				Inside Before 
2020-01-14 06:25:49 [http-nio-8082-exec-3] INFO  c.s.keepnote.aspectj.LoggingAspect -
				Inside the afterReturningAdvice
2020-01-14 06:26:16 [http-nio-8082-exec-1] INFO  c.s.keepnote.aspectj.LoggingAspect -
				Inside Before 
2020-01-14 06:26:16 [http-nio-8082-exec-1] INFO  c.s.keepnote.aspectj.LoggingAspect -
				Inside Before 
2020-01-14 06:26:16 [http-nio-8082-exec-1] INFO  c.s.keepnote.aspectj.LoggingAspect -
				Inside the afterReturningAdvice
2020-01-14 06:26:17 [http-nio-8082-exec-4] INFO  c.s.keepnote.aspectj.LoggingAspect -
				Inside Before 
2020-01-14 06:26:17 [http-nio-8082-exec-4] INFO  c.s.keepnote.aspectj.LoggingAspect -
				Inside Before 
2020-01-14 06:26:17 [http-nio-8082-exec-4] INFO  c.s.keepnote.aspectj.LoggingAspect -
				Inside the afterReturningAdvice
2020-01-14 06:26:27 [http-nio-8082-exec-5] INFO  c.s.keepnote.aspectj.LoggingAspect -
				Inside Before 
2020-01-14 06:26:27 [http-nio-8082-exec-5] INFO  c.s.keepnote.aspectj.LoggingAspect -
				Inside Before 
2020-01-14 06:26:27 [http-nio-8082-exec-5] INFO  c.s.keepnote.aspectj.LoggingAspect -
				Inside the afterReturningAdvice
2020-01-14 06:26:27 [http-nio-8082-exec-6] INFO  c.s.keepnote.aspectj.LoggingAspect -
				Inside Before 
2020-01-14 06:26:27 [http-nio-8082-exec-6] INFO  c.s.keepnote.aspectj.LoggingAspect -
				Inside Before 
2020-01-14 06:26:27 [http-nio-8082-exec-6] INFO  c.s.keepnote.aspectj.LoggingAspect -
				Inside the afterReturningAdvice
2020-01-14 06:26:44 [http-nio-8082-exec-7] INFO  c.s.keepnote.aspectj.LoggingAspect -
				Inside Before 
2020-01-14 06:26:44 [http-nio-8082-exec-7] INFO  c.s.keepnote.aspectj.LoggingAspect -
				Inside Before 
2020-01-14 06:26:44 [http-nio-8082-exec-7] INFO  c.s.keepnote.aspectj.LoggingAspect -
				Inside the afterReturningAdvice
2020-01-14 06:27:10 [http-nio-8082-exec-8] INFO  c.s.keepnote.aspectj.LoggingAspect -
				Inside Before 
2020-01-14 06:27:10 [http-nio-8082-exec-8] INFO  c.s.keepnote.aspectj.LoggingAspect -
				Inside Before 
2020-01-14 06:27:10 [http-nio-8082-exec-8] INFO  c.s.keepnote.aspectj.LoggingAspect -
				Inside the afterReturningAdvice
2020-01-14 06:27:11 [http-nio-8082-exec-9] INFO  c.s.keepnote.aspectj.LoggingAspect -
				Inside Before 
2020-01-14 06:27:11 [http-nio-8082-exec-9] INFO  c.s.keepnote.aspectj.LoggingAspect -
				Inside Before 
2020-01-14 06:27:11 [http-nio-8082-exec-9] INFO  c.s.keepnote.aspectj.LoggingAspect -
				Inside the afterReturningAdvice
2020-01-14 06:27:23 [http-nio-8082-exec-10] INFO  c.s.keepnote.aspectj.LoggingAspect -
				Inside Before 
2020-01-14 06:27:23 [http-nio-8082-exec-10] INFO  c.s.keepnote.aspectj.LoggingAspect -
				Inside Before 
2020-01-14 06:27:23 [http-nio-8082-exec-10] INFO  c.s.keepnote.aspectj.LoggingAspect -
				Inside the afterReturningAdvice
2020-01-14 06:27:33 [http-nio-8082-exec-2] INFO  c.s.keepnote.aspectj.LoggingAspect -
				Inside Before 
2020-01-14 06:27:33 [http-nio-8082-exec-2] INFO  c.s.keepnote.aspectj.LoggingAspect -
				Inside Before 
2020-01-14 06:27:33 [http-nio-8082-exec-2] INFO  c.s.keepnote.aspectj.LoggingAspect -
				Inside the afterReturningAdvice
2020-01-14 06:29:10 [http-nio-8082-exec-1] INFO  c.s.keepnote.aspectj.LoggingAspect -
				Inside Before 
2020-01-14 06:29:10 [http-nio-8082-exec-1] INFO  c.s.keepnote.aspectj.LoggingAspect -
				Inside Before 
2020-01-14 06:29:10 [http-nio-8082-exec-1] INFO  c.s.keepnote.aspectj.LoggingAspect -
				Inside the afterReturningAdvice
2020-01-14 06:29:10 [http-nio-8082-exec-4] INFO  c.s.keepnote.aspectj.LoggingAspect -
				Inside Before 
2020-01-14 06:29:10 [http-nio-8082-exec-4] INFO  c.s.keepnote.aspectj.LoggingAspect -
				Inside Before 
2020-01-14 06:29:10 [http-nio-8082-exec-4] INFO  c.s.keepnote.aspectj.LoggingAspect -
				Inside the afterReturningAdvice
2020-01-14 06:29:22 [http-nio-8082-exec-5] INFO  c.s.keepnote.aspectj.LoggingAspect -
				Inside Before 
2020-01-14 06:29:22 [http-nio-8082-exec-5] INFO  c.s.keepnote.aspectj.LoggingAspect -
				Inside Before 
2020-01-14 06:29:22 [http-nio-8082-exec-5] INFO  c.s.keepnote.aspectj.LoggingAspect -
				Inside the afterReturningAdvice
2020-01-14 06:31:39 [http-nio-8082-exec-7] INFO  c.s.keepnote.aspectj.LoggingAspect -
				Inside Before 
2020-01-14 06:31:39 [http-nio-8082-exec-7] INFO  c.s.keepnote.aspectj.LoggingAspect -
				Inside Before 
2020-01-14 06:31:39 [http-nio-8082-exec-7] INFO  c.s.keepnote.aspectj.LoggingAspect -
				Inside the afterReturningAdvice
2020-01-14 06:31:39 [http-nio-8082-exec-8] INFO  c.s.keepnote.aspectj.LoggingAspect -
				Inside Before 
2020-01-14 06:31:39 [http-nio-8082-exec-8] INFO  c.s.keepnote.aspectj.LoggingAspect -
				Inside Before 
2020-01-14 06:31:39 [http-nio-8082-exec-8] INFO  c.s.keepnote.aspectj.LoggingAspect -
				Inside the afterReturningAdvice
2020-01-14 06:32:19 [http-nio-8082-exec-9] INFO  c.s.keepnote.aspectj.LoggingAspect -
				Inside Before 
2020-01-14 06:32:19 [http-nio-8082-exec-9] INFO  c.s.keepnote.aspectj.LoggingAspect -
				Inside Before 
2020-01-14 06:32:19 [http-nio-8082-exec-9] INFO  c.s.keepnote.aspectj.LoggingAspect -
				Inside the afterReturningAdvice
2020-01-14 06:32:19 [http-nio-8082-exec-10] INFO  c.s.keepnote.aspectj.LoggingAspect -
				Inside Before 
2020-01-14 06:32:19 [http-nio-8082-exec-10] INFO  c.s.keepnote.aspectj.LoggingAspect -
				Inside Before 
2020-01-14 06:32:19 [http-nio-8082-exec-10] INFO  c.s.keepnote.aspectj.LoggingAspect -
				Inside the afterReturningAdvice
2020-01-14 06:32:30 [http-nio-8082-exec-2] INFO  c.s.keepnote.aspectj.LoggingAspect -
				Inside Before 
2020-01-14 06:32:30 [http-nio-8082-exec-2] INFO  c.s.keepnote.aspectj.LoggingAspect -
				Inside Before 
2020-01-14 06:32:30 [http-nio-8082-exec-2] INFO  c.s.keepnote.aspectj.LoggingAspect -
				Inside the afterReturningAdvice
2020-01-14 06:32:39 [http-nio-8082-exec-3] INFO  c.s.keepnote.aspectj.LoggingAspect -
				Inside Before 
2020-01-14 06:32:39 [http-nio-8082-exec-3] INFO  c.s.keepnote.aspectj.LoggingAspect -
				Inside Before 
2020-01-14 06:32:39 [http-nio-8082-exec-3] INFO  c.s.keepnote.aspectj.LoggingAspect -
				Inside the afterReturningAdvice
2020-01-14 06:33:04 [http-nio-8082-exec-1] INFO  c.s.keepnote.aspectj.LoggingAspect -
				Inside Before 
2020-01-14 06:33:04 [http-nio-8082-exec-1] INFO  c.s.keepnote.aspectj.LoggingAspect -
				Inside Before 
2020-01-14 06:33:04 [http-nio-8082-exec-1] INFO  c.s.keepnote.aspectj.LoggingAspect -
				Inside the afterReturningAdvice
2020-01-14 06:33:05 [http-nio-8082-exec-4] INFO  c.s.keepnote.aspectj.LoggingAspect -
				Inside Before 
2020-01-14 06:33:05 [http-nio-8082-exec-4] INFO  c.s.keepnote.aspectj.LoggingAspect -
				Inside Before 
2020-01-14 06:33:05 [http-nio-8082-exec-4] INFO  c.s.keepnote.aspectj.LoggingAspect -
				Inside the afterReturningAdvice
2020-01-14 06:34:43 [http-nio-8082-exec-6] INFO  c.s.keepnote.aspectj.LoggingAspect -
				Inside Before 
2020-01-14 06:34:43 [http-nio-8082-exec-6] INFO  c.s.keepnote.aspectj.LoggingAspect -
				Inside Before 
2020-01-14 06:34:43 [http-nio-8082-exec-6] INFO  c.s.keepnote.aspectj.LoggingAspect -
				Inside the afterReturningAdvice
2020-01-14 06:34:43 [http-nio-8082-exec-7] INFO  c.s.keepnote.aspectj.LoggingAspect -
				Inside Before 
2020-01-14 06:34:43 [http-nio-8082-exec-7] INFO  c.s.keepnote.aspectj.LoggingAspect -
				Inside Before 
2020-01-14 06:34:43 [http-nio-8082-exec-7] INFO  c.s.keepnote.aspectj.LoggingAspect -
				Inside the afterReturningAdvice
2020-01-14 06:34:50 [http-nio-8082-exec-8] INFO  c.s.keepnote.aspectj.LoggingAspect -
				Inside Before 
2020-01-14 06:34:50 [http-nio-8082-exec-8] INFO  c.s.keepnote.aspectj.LoggingAspect -
				Inside Before 
2020-01-14 06:34:50 [http-nio-8082-exec-8] INFO  c.s.keepnote.aspectj.LoggingAspect -
				Inside the afterReturningAdvice
2020-01-14 06:35:15 [http-nio-8082-exec-9] INFO  c.s.keepnote.aspectj.LoggingAspect -
				Inside Before 
2020-01-14 06:35:15 [http-nio-8082-exec-9] INFO  c.s.keepnote.aspectj.LoggingAspect -
				Inside Before 
2020-01-14 06:35:15 [http-nio-8082-exec-9] INFO  c.s.keepnote.aspectj.LoggingAspect -
				Inside the afterReturningAdvice
2020-01-14 06:36:22 [http-nio-8082-exec-3] INFO  c.s.keepnote.aspectj.LoggingAspect -
				Inside Before 
2020-01-14 06:36:22 [http-nio-8082-exec-3] INFO  c.s.keepnote.aspectj.LoggingAspect -
				Inside Before 
2020-01-14 06:36:22 [http-nio-8082-exec-3] INFO  c.s.keepnote.aspectj.LoggingAspect -
				Inside the afterReturningAdvice
2020-01-14 06:36:22 [http-nio-8082-exec-1] INFO  c.s.keepnote.aspectj.LoggingAspect -
				Inside Before 
2020-01-14 06:36:22 [http-nio-8082-exec-1] INFO  c.s.keepnote.aspectj.LoggingAspect -
				Inside Before 
2020-01-14 06:36:22 [http-nio-8082-exec-1] INFO  c.s.keepnote.aspectj.LoggingAspect -
				Inside the afterReturningAdvice
2020-01-14 06:36:26 [http-nio-8082-exec-4] INFO  c.s.keepnote.aspectj.LoggingAspect -
				Inside Before 
2020-01-14 06:36:26 [http-nio-8082-exec-4] INFO  c.s.keepnote.aspectj.LoggingAspect -
				Inside Before 
2020-01-14 06:36:26 [http-nio-8082-exec-4] INFO  c.s.keepnote.aspectj.LoggingAspect -
				Inside the afterReturningAdvice
2020-01-14 06:36:27 [http-nio-8082-exec-5] INFO  c.s.keepnote.aspectj.LoggingAspect -
				Inside Before 
2020-01-14 06:36:27 [http-nio-8082-exec-5] INFO  c.s.keepnote.aspectj.LoggingAspect -
				Inside Before 
2020-01-14 06:36:27 [http-nio-8082-exec-5] INFO  c.s.keepnote.aspectj.LoggingAspect -
				Inside the afterReturningAdvice
2020-01-14 06:36:53 [http-nio-8082-exec-6] INFO  c.s.keepnote.aspectj.LoggingAspect -
				Inside Before 
2020-01-14 06:36:53 [http-nio-8082-exec-6] INFO  c.s.keepnote.aspectj.LoggingAspect -
				Inside Before 
2020-01-14 06:36:53 [http-nio-8082-exec-6] INFO  c.s.keepnote.aspectj.LoggingAspect -
				Inside the afterReturningAdvice
2020-01-14 06:36:54 [http-nio-8082-exec-7] INFO  c.s.keepnote.aspectj.LoggingAspect -
				Inside Before 
2020-01-14 06:36:54 [http-nio-8082-exec-7] INFO  c.s.keepnote.aspectj.LoggingAspect -
				Inside Before 
2020-01-14 06:36:54 [http-nio-8082-exec-7] INFO  c.s.keepnote.aspectj.LoggingAspect -
				Inside the afterReturningAdvice
2020-01-14 06:39:17 [http-nio-8082-exec-9] INFO  c.s.keepnote.aspectj.LoggingAspect -
				Inside Before 
2020-01-14 06:39:17 [http-nio-8082-exec-9] INFO  c.s.keepnote.aspectj.LoggingAspect -
				Inside Before 
2020-01-14 06:39:17 [http-nio-8082-exec-9] INFO  c.s.keepnote.aspectj.LoggingAspect -
				Inside the afterReturningAdvice
2020-01-14 06:39:18 [http-nio-8082-exec-2] INFO  c.s.keepnote.aspectj.LoggingAspect -
				Inside Before 
2020-01-14 06:39:18 [http-nio-8082-exec-2] INFO  c.s.keepnote.aspectj.LoggingAspect -
				Inside Before 
2020-01-14 06:39:18 [http-nio-8082-exec-2] INFO  c.s.keepnote.aspectj.LoggingAspect -
				Inside the afterReturningAdvice
2020-01-14 06:40:33 [http-nio-8082-exec-1] INFO  c.s.keepnote.aspectj.LoggingAspect -
				Inside Before 
2020-01-14 06:40:33 [http-nio-8082-exec-1] INFO  c.s.keepnote.aspectj.LoggingAspect -
				Inside Before 
2020-01-14 06:40:33 [http-nio-8082-exec-1] INFO  c.s.keepnote.aspectj.LoggingAspect -
				Inside the afterReturningAdvice
2020-01-14 06:40:45 [http-nio-8082-exec-4] INFO  c.s.keepnote.aspectj.LoggingAspect -
				Inside Before 
2020-01-14 06:40:45 [http-nio-8082-exec-4] INFO  c.s.keepnote.aspectj.LoggingAspect -
				Inside Before 
2020-01-14 06:40:45 [http-nio-8082-exec-4] INFO  c.s.keepnote.aspectj.LoggingAspect -
				Inside the afterReturningAdvice
2020-01-14 06:41:03 [http-nio-8082-exec-5] INFO  c.s.keepnote.aspectj.LoggingAspect -
				Inside Before 
2020-01-14 06:41:03 [http-nio-8082-exec-5] INFO  c.s.keepnote.aspectj.LoggingAspect -
				Inside Before 
2020-01-14 06:41:03 [http-nio-8082-exec-5] INFO  c.s.keepnote.aspectj.LoggingAspect -
				Inside the afterReturningAdvice
2020-01-14 06:52:17 [http-nio-8082-exec-7] INFO  c.s.keepnote.aspectj.LoggingAspect -
				Inside Before 
2020-01-14 06:52:17 [http-nio-8082-exec-7] INFO  c.s.keepnote.aspectj.LoggingAspect -
				Inside Before 
2020-01-14 06:52:17 [http-nio-8082-exec-7] INFO  c.s.keepnote.aspectj.LoggingAspect -
				Inside the afterReturningAdvice
2020-01-14 06:52:29 [http-nio-8082-exec-9] WARN  o.s.w.s.m.s.DefaultHandlerExceptionResolver -
				Failed to bind request element: org.springframework.web.method.annotation.MethodArgumentTypeMismatchException: Failed to convert value of type 'java.lang.String' to required type 'int'; nested exception is java.lang.NumberFormatException: For input string: "undefined"
2020-01-14 06:52:50 [http-nio-8082-exec-10] INFO  c.s.keepnote.aspectj.LoggingAspect -
				Inside Before 
2020-01-14 06:52:50 [http-nio-8082-exec-10] INFO  c.s.keepnote.aspectj.LoggingAspect -
				Inside Before 
2020-01-14 06:52:50 [http-nio-8082-exec-10] INFO  c.s.keepnote.aspectj.LoggingAspect -
				Inside the afterReturningAdvice
2020-01-14 06:52:57 [http-nio-8082-exec-2] WARN  o.s.w.s.m.s.DefaultHandlerExceptionResolver -
				Failed to bind request element: org.springframework.web.method.annotation.MethodArgumentTypeMismatchException: Failed to convert value of type 'java.lang.String' to required type 'int'; nested exception is java.lang.NumberFormatException: For input string: "undefined"
2020-01-14 06:53:51 [http-nio-8082-exec-3] INFO  c.s.keepnote.aspectj.LoggingAspect -
				Inside Before 
2020-01-14 06:53:51 [http-nio-8082-exec-3] INFO  c.s.keepnote.aspectj.LoggingAspect -
				Inside Before 
2020-01-14 06:53:51 [http-nio-8082-exec-3] INFO  c.s.keepnote.aspectj.LoggingAspect -
				Inside the afterReturningAdvice
2020-01-14 06:53:57 [http-nio-8082-exec-4] INFO  c.s.keepnote.aspectj.LoggingAspect -
				Inside Before 
2020-01-14 06:53:57 [http-nio-8082-exec-4] INFO  c.s.keepnote.aspectj.LoggingAspect -
				Inside Before 
2020-01-14 06:53:57 [http-nio-8082-exec-4] INFO  c.s.keepnote.aspectj.LoggingAspect -
				Inside the afterReturningAdvice
2020-01-14 06:54:36 [http-nio-8082-exec-5] INFO  c.s.keepnote.aspectj.LoggingAspect -
				Inside Before 
2020-01-14 06:54:36 [http-nio-8082-exec-5] INFO  c.s.keepnote.aspectj.LoggingAspect -
				Inside Before 
2020-01-14 06:54:36 [http-nio-8082-exec-5] INFO  c.s.keepnote.aspectj.LoggingAspect -
				Inside the afterReturningAdvice
2020-01-14 06:55:33 [http-nio-8082-exec-6] INFO  c.s.keepnote.aspectj.LoggingAspect -
				Inside Before 
2020-01-14 06:55:33 [http-nio-8082-exec-6] INFO  c.s.keepnote.aspectj.LoggingAspect -
				Inside Before 
2020-01-14 06:55:33 [http-nio-8082-exec-6] INFO  c.s.keepnote.aspectj.LoggingAspect -
				Inside the afterReturningAdvice
2020-01-14 06:55:55 [http-nio-8082-exec-7] INFO  c.s.keepnote.aspectj.LoggingAspect -
				Inside Before 
2020-01-14 06:55:55 [http-nio-8082-exec-7] INFO  c.s.keepnote.aspectj.LoggingAspect -
				Inside Before 
2020-01-14 06:55:55 [http-nio-8082-exec-7] INFO  c.s.keepnote.aspectj.LoggingAspect -
				Inside the afterReturningAdvice
2020-01-14 06:58:52 [http-nio-8082-exec-9] INFO  c.s.keepnote.aspectj.LoggingAspect -
				Inside Before 
2020-01-14 06:58:52 [http-nio-8082-exec-9] INFO  c.s.keepnote.aspectj.LoggingAspect -
				Inside Before 
2020-01-14 06:58:52 [http-nio-8082-exec-9] INFO  c.s.keepnote.aspectj.LoggingAspect -
				Inside the afterReturningAdvice
2020-01-14 07:01:42 [http-nio-8082-exec-2] INFO  c.s.keepnote.aspectj.LoggingAspect -
				Inside Before 
2020-01-14 07:01:42 [http-nio-8082-exec-2] INFO  c.s.keepnote.aspectj.LoggingAspect -
				Inside Before 
2020-01-14 07:01:42 [http-nio-8082-exec-2] INFO  c.s.keepnote.aspectj.LoggingAspect -
				Inside the afterReturningAdvice
2020-01-14 07:01:51 [http-nio-8082-exec-3] INFO  c.s.keepnote.aspectj.LoggingAspect -
				Inside Before 
2020-01-14 07:01:51 [http-nio-8082-exec-3] INFO  c.s.keepnote.aspectj.LoggingAspect -
				Inside Before 
2020-01-14 07:01:51 [http-nio-8082-exec-3] INFO  c.s.keepnote.aspectj.LoggingAspect -
				Inside the afterReturningAdvice
2020-01-14 07:02:07 [http-nio-8082-exec-4] INFO  c.s.keepnote.aspectj.LoggingAspect -
				Inside Before 
2020-01-14 07:02:07 [http-nio-8082-exec-4] INFO  c.s.keepnote.aspectj.LoggingAspect -
				Inside Before 
2020-01-14 07:02:07 [http-nio-8082-exec-4] INFO  c.s.keepnote.aspectj.LoggingAspect -
				Inside the afterReturningAdvice
2020-01-14 07:02:13 [http-nio-8082-exec-6] INFO  c.s.keepnote.aspectj.LoggingAspect -
				Inside Before 
2020-01-14 07:02:13 [http-nio-8082-exec-6] INFO  c.s.keepnote.aspectj.LoggingAspect -
				Inside Before 
2020-01-14 07:02:13 [http-nio-8082-exec-6] INFO  c.s.keepnote.aspectj.LoggingAspect -
				Inside the afterReturningAdvice
2020-01-14 07:17:37 [http-nio-8082-exec-9] INFO  c.s.keepnote.aspectj.LoggingAspect -
				Inside Before 
2020-01-14 07:17:37 [http-nio-8082-exec-9] INFO  c.s.keepnote.aspectj.LoggingAspect -
				Inside Before 
2020-01-14 07:17:37 [http-nio-8082-exec-9] INFO  c.s.keepnote.aspectj.LoggingAspect -
				Inside the afterReturningAdvice
2020-01-14 07:17:58 [http-nio-8082-exec-10] INFO  c.s.keepnote.aspectj.LoggingAspect -
				Inside Before 
2020-01-14 07:17:58 [http-nio-8082-exec-10] INFO  c.s.keepnote.aspectj.LoggingAspect -
				Inside Before 
2020-01-14 07:17:58 [http-nio-8082-exec-10] INFO  c.s.keepnote.aspectj.LoggingAspect -
				Inside the afterReturningAdvice
2020-01-14 07:46:41 [http-nio-8082-exec-3] INFO  c.s.keepnote.aspectj.LoggingAspect -
				Inside Before 
2020-01-14 07:46:41 [http-nio-8082-exec-3] INFO  c.s.keepnote.aspectj.LoggingAspect -
				Inside Before 
2020-01-14 07:46:41 [http-nio-8082-exec-3] INFO  c.s.keepnote.aspectj.LoggingAspect -
				Inside the afterReturningAdvice
2020-01-14 07:46:47 [http-nio-8082-exec-4] INFO  c.s.keepnote.aspectj.LoggingAspect -
				Inside Before 
2020-01-14 07:46:47 [http-nio-8082-exec-4] INFO  c.s.keepnote.aspectj.LoggingAspect -
				Inside Before 
2020-01-14 07:46:47 [http-nio-8082-exec-4] INFO  c.s.keepnote.aspectj.LoggingAspect -
				Inside the afterReturningAdvice
2020-01-14 07:46:47 [http-nio-8082-exec-5] INFO  c.s.keepnote.aspectj.LoggingAspect -
				Inside Before 
2020-01-14 07:46:47 [http-nio-8082-exec-5] INFO  c.s.keepnote.aspectj.LoggingAspect -
				Inside Before 
2020-01-14 07:46:47 [http-nio-8082-exec-5] INFO  c.s.keepnote.aspectj.LoggingAspect -
				Inside the afterReturningAdvice
2020-01-14 07:46:57 [http-nio-8082-exec-7] INFO  c.s.keepnote.aspectj.LoggingAspect -
				Inside Before 
2020-01-14 07:46:57 [http-nio-8082-exec-7] INFO  c.s.keepnote.aspectj.LoggingAspect -
				Inside Before 
2020-01-14 07:46:57 [http-nio-8082-exec-7] INFO  c.s.keepnote.aspectj.LoggingAspect -
				Inside the afterReturningAdvice
2020-01-14 07:47:06 [http-nio-8082-exec-9] INFO  c.s.keepnote.aspectj.LoggingAspect -
				Inside Before 
2020-01-14 07:47:06 [http-nio-8082-exec-9] INFO  c.s.keepnote.aspectj.LoggingAspect -
				Inside Before 
2020-01-14 07:47:06 [http-nio-8082-exec-9] INFO  c.s.keepnote.aspectj.LoggingAspect -
				Inside the afterReturningAdvice
