2020-01-09 05:15:42 [main] INFO  o.s.b.t.c.SpringBootTestContextBootstrapper -
				Neither @ContextConfiguration nor @ContextHierarchy found for test class [com.stackroute.keepnote.test.log.LoggerTest], using SpringBootContextLoader
2020-01-09 05:15:42 [main] INFO  o.s.t.c.s.AbstractContextLoader -
				Could not detect default resource locations for test class [com.stackroute.keepnote.test.log.LoggerTest]: no resource found for suffixes {-context.xml, Context.groovy}.
2020-01-09 05:15:42 [main] INFO  o.s.t.c.s.AnnotationConfigContextLoaderUtils -
				Could not detect default configuration classes for test class [com.stackroute.keepnote.test.log.LoggerTest]: LoggerTest does not declare any static, non-private, non-final, nested classes annotated with @Configuration.
2020-01-09 05:15:42 [main] INFO  o.s.b.t.c.SpringBootTestContextBootstrapper -
				Found @SpringBootConfiguration com.stackroute.keepnote.NoteServiceApplication for test class com.stackroute.keepnote.test.log.LoggerTest
2020-01-09 05:15:43 [main] INFO  o.s.b.t.c.SpringBootTestContextBootstrapper -
				Loaded default TestExecutionListener class names from location [META-INF/spring.factories]: [org.springframework.boot.test.mock.mockito.MockitoTestExecutionListener, org.springframework.boot.test.mock.mockito.ResetMocksTestExecutionListener, org.springframework.boot.test.autoconfigure.restdocs.RestDocsTestExecutionListener, org.springframework.boot.test.autoconfigure.web.client.MockRestServiceServerResetTestExecutionListener, org.springframework.boot.test.autoconfigure.web.servlet.MockMvcPrintOnlyOnFailureTestExecutionListener, org.springframework.boot.test.autoconfigure.web.servlet.WebDriverTestExecutionListener, org.springframework.test.context.web.ServletTestExecutionListener, org.springframework.test.context.support.DirtiesContextBeforeModesTestExecutionListener, org.springframework.test.context.support.DependencyInjectionTestExecutionListener, org.springframework.test.context.support.DirtiesContextTestExecutionListener, org.springframework.test.context.transaction.TransactionalTestExecutionListener, org.springframework.test.context.jdbc.SqlScriptsTestExecutionListener]
2020-01-09 05:15:43 [main] INFO  o.s.b.t.c.SpringBootTestContextBootstrapper -
				Using TestExecutionListeners: [org.springframework.test.context.web.ServletTestExecutionListener@31f9b85e, org.springframework.test.context.support.DirtiesContextBeforeModesTestExecutionListener@424e1977, org.springframework.boot.test.mock.mockito.MockitoTestExecutionListener@10d68fcd, org.springframework.boot.test.autoconfigure.SpringBootDependencyInjectionTestExecutionListener@117e949d, org.springframework.test.context.support.DirtiesContextTestExecutionListener@6db9f5a4, org.springframework.test.context.transaction.TransactionalTestExecutionListener@5f8edcc5, org.springframework.test.context.jdbc.SqlScriptsTestExecutionListener@7b02881e, org.springframework.boot.test.mock.mockito.ResetMocksTestExecutionListener@1ebd319f, org.springframework.boot.test.autoconfigure.restdocs.RestDocsTestExecutionListener@3c0be339, org.springframework.boot.test.autoconfigure.web.client.MockRestServiceServerResetTestExecutionListener@15ca7889, org.springframework.boot.test.autoconfigure.web.servlet.MockMvcPrintOnlyOnFailureTestExecutionListener@7a675056, org.springframework.boot.test.autoconfigure.web.servlet.WebDriverTestExecutionListener@d21a74c]
2020-01-09 05:15:43 [main] INFO  o.s.b.t.c.SpringBootTestContextBootstrapper -
				Neither @ContextConfiguration nor @ContextHierarchy found for test class [com.stackroute.keepnote.test.repository.NoteRepositoryTest], using SpringBootContextLoader
2020-01-09 05:15:43 [main] INFO  o.s.t.c.s.AbstractContextLoader -
				Could not detect default resource locations for test class [com.stackroute.keepnote.test.repository.NoteRepositoryTest]: no resource found for suffixes {-context.xml, Context.groovy}.
2020-01-09 05:15:43 [main] INFO  o.s.t.c.s.AnnotationConfigContextLoaderUtils -
				Could not detect default configuration classes for test class [com.stackroute.keepnote.test.repository.NoteRepositoryTest]: NoteRepositoryTest does not declare any static, non-private, non-final, nested classes annotated with @Configuration.
2020-01-09 05:15:43 [main] INFO  o.s.b.t.c.SpringBootTestContextBootstrapper -
				Found @SpringBootConfiguration com.stackroute.keepnote.NoteServiceApplication for test class com.stackroute.keepnote.test.repository.NoteRepositoryTest
2020-01-09 05:15:43 [main] INFO  o.s.b.t.c.SpringBootTestContextBootstrapper -
				Loaded default TestExecutionListener class names from location [META-INF/spring.factories]: [org.springframework.boot.test.mock.mockito.MockitoTestExecutionListener, org.springframework.boot.test.mock.mockito.ResetMocksTestExecutionListener, org.springframework.boot.test.autoconfigure.restdocs.RestDocsTestExecutionListener, org.springframework.boot.test.autoconfigure.web.client.MockRestServiceServerResetTestExecutionListener, org.springframework.boot.test.autoconfigure.web.servlet.MockMvcPrintOnlyOnFailureTestExecutionListener, org.springframework.boot.test.autoconfigure.web.servlet.WebDriverTestExecutionListener, org.springframework.test.context.web.ServletTestExecutionListener, org.springframework.test.context.support.DirtiesContextBeforeModesTestExecutionListener, org.springframework.test.context.support.DependencyInjectionTestExecutionListener, org.springframework.test.context.support.DirtiesContextTestExecutionListener, org.springframework.test.context.transaction.TransactionalTestExecutionListener, org.springframework.test.context.jdbc.SqlScriptsTestExecutionListener]
2020-01-09 05:15:43 [main] INFO  o.s.b.t.c.SpringBootTestContextBootstrapper -
				Using TestExecutionListeners: [org.springframework.test.context.web.ServletTestExecutionListener@1613674b, org.springframework.test.context.support.DirtiesContextBeforeModesTestExecutionListener@27ff5d15, org.springframework.boot.test.mock.mockito.MockitoTestExecutionListener@4e096385, org.springframework.boot.test.autoconfigure.SpringBootDependencyInjectionTestExecutionListener@649bec2e, org.springframework.test.context.support.DirtiesContextTestExecutionListener@693fe6c9, org.springframework.test.context.transaction.TransactionalTestExecutionListener@34f5090e, org.springframework.test.context.jdbc.SqlScriptsTestExecutionListener@31e5415e, org.springframework.boot.test.mock.mockito.ResetMocksTestExecutionListener@a2431d0, org.springframework.boot.test.autoconfigure.restdocs.RestDocsTestExecutionListener@1cbb87f3, org.springframework.boot.test.autoconfigure.web.client.MockRestServiceServerResetTestExecutionListener@1a4013, org.springframework.boot.test.autoconfigure.web.servlet.MockMvcPrintOnlyOnFailureTestExecutionListener@1b6e1eff, org.springframework.boot.test.autoconfigure.web.servlet.WebDriverTestExecutionListener@306f16f3]
2020-01-09 05:15:43 [main] INFO  o.s.b.t.a.w.s.WebMvcTestContextBootstrapper -
				Neither @ContextConfiguration nor @ContextHierarchy found for test class [com.stackroute.keepnote.test.controller.NoteControllerTest], using SpringBootContextLoader
2020-01-09 05:15:43 [main] INFO  o.s.t.c.s.AbstractContextLoader -
				Could not detect default resource locations for test class [com.stackroute.keepnote.test.controller.NoteControllerTest]: no resource found for suffixes {-context.xml, Context.groovy}.
2020-01-09 05:15:43 [main] INFO  o.s.t.c.s.AnnotationConfigContextLoaderUtils -
				Could not detect default configuration classes for test class [com.stackroute.keepnote.test.controller.NoteControllerTest]: NoteControllerTest does not declare any static, non-private, non-final, nested classes annotated with @Configuration.
2020-01-09 05:15:43 [main] INFO  o.s.b.t.c.SpringBootTestContextBootstrapper -
				Found @SpringBootConfiguration com.stackroute.keepnote.NoteServiceApplication for test class com.stackroute.keepnote.test.controller.NoteControllerTest
2020-01-09 05:15:43 [main] INFO  o.s.b.t.a.w.s.WebMvcTestContextBootstrapper -
				Loaded default TestExecutionListener class names from location [META-INF/spring.factories]: [org.springframework.boot.test.mock.mockito.MockitoTestExecutionListener, org.springframework.boot.test.mock.mockito.ResetMocksTestExecutionListener, org.springframework.boot.test.autoconfigure.restdocs.RestDocsTestExecutionListener, org.springframework.boot.test.autoconfigure.web.client.MockRestServiceServerResetTestExecutionListener, org.springframework.boot.test.autoconfigure.web.servlet.MockMvcPrintOnlyOnFailureTestExecutionListener, org.springframework.boot.test.autoconfigure.web.servlet.WebDriverTestExecutionListener, org.springframework.test.context.web.ServletTestExecutionListener, org.springframework.test.context.support.DirtiesContextBeforeModesTestExecutionListener, org.springframework.test.context.support.DependencyInjectionTestExecutionListener, org.springframework.test.context.support.DirtiesContextTestExecutionListener, org.springframework.test.context.transaction.TransactionalTestExecutionListener, org.springframework.test.context.jdbc.SqlScriptsTestExecutionListener]
2020-01-09 05:15:43 [main] INFO  o.s.b.t.a.w.s.WebMvcTestContextBootstrapper -
				Using TestExecutionListeners: [org.springframework.test.context.web.ServletTestExecutionListener@48f278eb, org.springframework.test.context.support.DirtiesContextBeforeModesTestExecutionListener@2f217633, org.springframework.boot.test.mock.mockito.MockitoTestExecutionListener@a530d0a, org.springframework.boot.test.autoconfigure.SpringBootDependencyInjectionTestExecutionListener@1a18644, org.springframework.test.context.support.DirtiesContextTestExecutionListener@5acf93bb, org.springframework.test.context.transaction.TransactionalTestExecutionListener@7e7be63f, org.springframework.test.context.jdbc.SqlScriptsTestExecutionListener@6cd28fa7, org.springframework.boot.test.mock.mockito.ResetMocksTestExecutionListener@614ca7df, org.springframework.boot.test.autoconfigure.restdocs.RestDocsTestExecutionListener@4738a206, org.springframework.boot.test.autoconfigure.web.client.MockRestServiceServerResetTestExecutionListener@66d3eec0, org.springframework.boot.test.autoconfigure.web.servlet.MockMvcPrintOnlyOnFailureTestExecutionListener@1e04fa0a, org.springframework.boot.test.autoconfigure.web.servlet.WebDriverTestExecutionListener@1af2d44a]
2020-01-09 05:15:43 [main] INFO  c.s.keepnote.test.log.LoggerTest -
				Starting LoggerTest on ip-172-31-80-91 with PID 9522 (started by ubuntu in /home/ubuntu/Desktop/Began/Spring_Workspace/KeepNote-Step6-Boilerplate/NoteService)
2020-01-09 05:15:43 [main] DEBUG c.s.keepnote.test.log.LoggerTest -
				Running with Spring Boot v2.0.2.RELEASE, Spring v5.0.6.RELEASE
2020-01-09 05:15:43 [main] INFO  c.s.keepnote.test.log.LoggerTest -
				No active profile set, falling back to default profiles: default
2020-01-09 05:15:43 [main] INFO  o.s.w.c.s.GenericWebApplicationContext -
				Refreshing org.springframework.web.context.support.GenericWebApplicationContext@4fa1c212: startup date [Thu Jan 09 05:15:43 UTC 2020]; root of context hierarchy
2020-01-09 05:15:46 [Thread-3] INFO  o.s.b.a.mongo.embedded.EmbeddedMongo -
				note: noprealloc may hurt performance in many applications
2020-01-09 05:15:46 [Thread-3] INFO  o.s.b.a.mongo.embedded.EmbeddedMongo -
				2020-01-09T05:15:46.272+0000 I CONTROL  [initandlisten] MongoDB starting : pid=9545 port=35319 dbpath=/tmp/embedmongo-db-41d5d88a-87b6-4d65-991f-a304abf6a49b 64-bit host=ip-172-31-80-91
2020-01-09 05:15:46 [Thread-3] INFO  o.s.b.a.mongo.embedded.EmbeddedMongo -
				2020-01-09T05:15:46.272+0000 I CONTROL  [initandlisten] db version v3.2.2
2020-01-09 05:15:46 [Thread-3] INFO  o.s.b.a.mongo.embedded.EmbeddedMongo -
				2020-01-09T05:15:46.272+0000 I CONTROL  [initandlisten] git version: 6e71d0d568e134c029203593b00a0103e7cdf30b
2020-01-09 05:15:46 [Thread-3] INFO  o.s.b.a.mongo.embedded.EmbeddedMongo -
				2020-01-09T05:15:46.272+0000 I CONTROL  [initandlisten] allocator: tcmalloc
2020-01-09 05:15:46 [Thread-3] INFO  o.s.b.a.mongo.embedded.EmbeddedMongo -
				2020-01-09T05:15:46.272+0000 I CONTROL  [initandlisten] modules: none
2020-01-09 05:15:46 [Thread-3] INFO  o.s.b.a.mongo.embedded.EmbeddedMongo -
				2020-01-09T05:15:46.272+0000 I CONTROL  [initandlisten] build environment:
2020-01-09 05:15:46 [Thread-3] INFO  o.s.b.a.mongo.embedded.EmbeddedMongo -
				2020-01-09T05:15:46.272+0000 I CONTROL  [initandlisten]     distarch: x86_64
2020-01-09 05:15:46 [Thread-3] INFO  o.s.b.a.mongo.embedded.EmbeddedMongo -
				2020-01-09T05:15:46.272+0000 I CONTROL  [initandlisten]     target_arch: x86_64
2020-01-09 05:15:46 [Thread-3] INFO  o.s.b.a.mongo.embedded.EmbeddedMongo -
				2020-01-09T05:15:46.272+0000 I CONTROL  [initandlisten] options: { net: { bindIp: "127.0.0.1", http: { enabled: false }, port: 35319 }, security: { authorization: "disabled" }, storage: { dbPath: "/tmp/embedmongo-db-41d5d88a-87b6-4d65-991f-a304abf6a49b", journal: { enabled: false }, mmapv1: { preallocDataFiles: false, smallFiles: true }, syncPeriodSecs: 0.0 } }
2020-01-09 05:15:46 [Thread-3] INFO  o.s.b.a.mongo.embedded.EmbeddedMongo -
				2020-01-09T05:15:46.296+0000 I STORAGE  [initandlisten] wiredtiger_open config: create,cache_size=4G,session_max=20000,eviction=(threads_max=4),config_base=false,statistics=(fast),log=(enabled=true,archive=true,path=journal,compressor=snappy),file_manager=(close_idle_time=100000),checkpoint=(wait=0,log_size=2GB),statistics_log=(wait=0),,log=(enabled=false),
2020-01-09 05:15:46 [Thread-3] INFO  o.s.b.a.mongo.embedded.EmbeddedMongo -
				2020-01-09T05:15:46.354+0000 W STORAGE  [initandlisten] Detected configuration for non-active storage engine mmapv1 when current storage engine is wiredTiger
2020-01-09 05:15:46 [Thread-3] INFO  o.s.b.a.mongo.embedded.EmbeddedMongo -
				2020-01-09T05:15:46.354+0000 I FTDC     [initandlisten] Initializing full-time diagnostic data capture with directory '/tmp/embedmongo-db-41d5d88a-87b6-4d65-991f-a304abf6a49b/diagnostic.data'
2020-01-09 05:15:46 [Thread-3] INFO  o.s.b.a.mongo.embedded.EmbeddedMongo -
				2020-01-09T05:15:46.356+0000 I NETWORK  [HostnameCanonicalizationWorker] Starting hostname canonicalization worker
2020-01-09 05:15:46 [Thread-3] INFO  o.s.b.a.mongo.embedded.EmbeddedMongo -
				2020-01-09T05:15:46.374+0000 I NETWORK  [initandlisten] waiting for connections on port 35319
2020-01-09 05:15:46 [main] INFO  d.f.embed.process.runtime.Executable -
				start de.flapdoodle.embed.mongo.config.MongodConfigBuilder$ImmutableMongodConfig@7cbeac65
2020-01-09 05:15:46 [main] INFO  org.mongodb.driver.cluster -
				Cluster created with settings {hosts=[localhost:35319], mode=MULTIPLE, requiredClusterType=UNKNOWN, serverSelectionTimeout='30000 ms', maxWaitQueueSize=500}
2020-01-09 05:15:46 [main] INFO  org.mongodb.driver.cluster -
				Adding discovered server localhost:35319 to client view of cluster
2020-01-09 05:15:46 [Thread-3] INFO  o.s.b.a.mongo.embedded.EmbeddedMongo -
				2020-01-09T05:15:46.653+0000 I NETWORK  [initandlisten] connection accepted from 127.0.0.1:50956 #1 (1 connection now open)
2020-01-09 05:15:46 [cluster-ClusterId{value='5e16b70224cf0b2532628b7d', description='null'}-localhost:35319] INFO  org.mongodb.driver.connection -
				Opened connection [connectionId{localValue:1, serverValue:1}] to localhost:35319
2020-01-09 05:15:46 [cluster-ClusterId{value='5e16b70224cf0b2532628b7d', description='null'}-localhost:35319] INFO  org.mongodb.driver.cluster -
				Monitor thread successfully connected to server with description ServerDescription{address=localhost:35319, type=STANDALONE, state=CONNECTED, ok=true, version=ServerVersion{versionList=[3, 2, 2]}, minWireVersion=0, maxWireVersion=4, maxDocumentSize=16777216, logicalSessionTimeoutMinutes=null, roundTripTimeNanos=4946982}
2020-01-09 05:15:46 [cluster-ClusterId{value='5e16b70224cf0b2532628b7d', description='null'}-localhost:35319] INFO  org.mongodb.driver.cluster -
				Discovered cluster type of STANDALONE
2020-01-09 05:15:47 [main] INFO  o.s.w.s.m.m.a.RequestMappingHandlerMapping -
				Mapped "{[/api/v1/note/{userId}/{noteId}],methods=[DELETE]}" onto public org.springframework.http.ResponseEntity<?> com.stackroute.keepnote.controller.NoteController.deleteNote(java.lang.String,int)
2020-01-09 05:15:47 [main] INFO  o.s.w.s.m.m.a.RequestMappingHandlerMapping -
				Mapped "{[/api/v1/note/{userId}],methods=[DELETE]}" onto public org.springframework.http.ResponseEntity<?> com.stackroute.keepnote.controller.NoteController.deleteAllNotes(java.lang.String)
2020-01-09 05:15:47 [main] INFO  o.s.w.s.m.m.a.RequestMappingHandlerMapping -
				Mapped "{[/api/v1/note/{userId}/{noteId}],methods=[PUT]}" onto public org.springframework.http.ResponseEntity<?> com.stackroute.keepnote.controller.NoteController.updateNote(com.stackroute.keepnote.model.Note,java.lang.String,int)
2020-01-09 05:15:47 [main] INFO  o.s.w.s.m.m.a.RequestMappingHandlerMapping -
				Mapped "{[/api/v1/note/{userId}],methods=[GET]}" onto public org.springframework.http.ResponseEntity<?> com.stackroute.keepnote.controller.NoteController.getAllNotesByUserId(java.lang.String)
2020-01-09 05:15:47 [main] INFO  o.s.w.s.m.m.a.RequestMappingHandlerMapping -
				Mapped "{[/api/v1/note],methods=[POST]}" onto public org.springframework.http.ResponseEntity<?> com.stackroute.keepnote.controller.NoteController.addNote(com.stackroute.keepnote.model.Note)
2020-01-09 05:15:47 [main] INFO  o.s.w.s.m.m.a.RequestMappingHandlerMapping -
				Mapped "{[/api/v1/note/{userId}/{noteId}],methods=[GET]}" onto public org.springframework.http.ResponseEntity<?> com.stackroute.keepnote.controller.NoteController.getNoteById(java.lang.String,int)
2020-01-09 05:15:47 [main] INFO  o.s.w.s.m.m.a.RequestMappingHandlerMapping -
				Mapped "{[/swagger-resources/configuration/ui]}" onto public org.springframework.http.ResponseEntity<springfox.documentation.swagger.web.UiConfiguration> springfox.documentation.swagger.web.ApiResourceController.uiConfiguration()
2020-01-09 05:15:47 [main] INFO  o.s.w.s.m.m.a.RequestMappingHandlerMapping -
				Mapped "{[/swagger-resources/configuration/security]}" onto public org.springframework.http.ResponseEntity<springfox.documentation.swagger.web.SecurityConfiguration> springfox.documentation.swagger.web.ApiResourceController.securityConfiguration()
2020-01-09 05:15:47 [main] INFO  o.s.w.s.m.m.a.RequestMappingHandlerMapping -
				Mapped "{[/swagger-resources]}" onto public org.springframework.http.ResponseEntity<java.util.List<springfox.documentation.swagger.web.SwaggerResource>> springfox.documentation.swagger.web.ApiResourceController.swaggerResources()
2020-01-09 05:15:47 [main] INFO  o.s.w.s.m.m.a.RequestMappingHandlerMapping -
				Mapped "{[/error],produces=[text/html]}" onto public org.springframework.web.servlet.ModelAndView org.springframework.boot.autoconfigure.web.servlet.error.BasicErrorController.errorHtml(javax.servlet.http.HttpServletRequest,javax.servlet.http.HttpServletResponse)
2020-01-09 05:15:47 [main] INFO  o.s.w.s.m.m.a.RequestMappingHandlerMapping -
				Mapped "{[/error]}" onto public org.springframework.http.ResponseEntity<java.util.Map<java.lang.String, java.lang.Object>> org.springframework.boot.autoconfigure.web.servlet.error.BasicErrorController.error(javax.servlet.http.HttpServletRequest)
2020-01-09 05:15:48 [main] INFO  s.d.s.w.PropertySourcedRequestMappingHandlerMapping -
				Mapped URL path [/v2/api-docs] onto method [public org.springframework.http.ResponseEntity<springfox.documentation.spring.web.json.Json> springfox.documentation.swagger2.web.Swagger2Controller.getDocumentation(java.lang.String,javax.servlet.http.HttpServletRequest)]
2020-01-09 05:15:48 [main] INFO  o.s.w.s.h.SimpleUrlHandlerMapping -
				Mapped URL path [/**/favicon.ico] onto handler of type [class org.springframework.web.servlet.resource.ResourceHttpRequestHandler]
2020-01-09 05:15:48 [main] INFO  o.s.w.s.m.m.a.RequestMappingHandlerAdapter -
				Looking for @ControllerAdvice: org.springframework.web.context.support.GenericWebApplicationContext@4fa1c212: startup date [Thu Jan 09 05:15:43 UTC 2020]; root of context hierarchy
2020-01-09 05:15:48 [main] INFO  o.s.w.s.h.SimpleUrlHandlerMapping -
				Mapped URL path [/webjars/**] onto handler of type [class org.springframework.web.servlet.resource.ResourceHttpRequestHandler]
2020-01-09 05:15:48 [main] INFO  o.s.w.s.h.SimpleUrlHandlerMapping -
				Mapped URL path [/**] onto handler of type [class org.springframework.web.servlet.resource.ResourceHttpRequestHandler]
2020-01-09 05:15:49 [main] INFO  o.s.c.s.DefaultLifecycleProcessor -
				Starting beans in phase 2147483647
2020-01-09 05:15:49 [main] INFO  s.d.s.w.p.DocumentationPluginsBootstrapper -
				Context refreshed
2020-01-09 05:15:49 [main] INFO  s.d.s.w.p.DocumentationPluginsBootstrapper -
				Found 1 custom documentation plugin(s)
2020-01-09 05:15:49 [main] INFO  s.d.s.w.s.ApiListingReferenceScanner -
				Scanning for api listing references
2020-01-09 05:15:49 [main] INFO  c.s.keepnote.test.log.LoggerTest -
				Started LoggerTest in 6.147 seconds (JVM running for 7.488)
2020-01-09 05:15:50 [main] INFO  c.s.k.t.r.NoteRepositoryTest -
				Starting NoteRepositoryTest on ip-172-31-80-91 with PID 9522 (started by ubuntu in /home/ubuntu/Desktop/Began/Spring_Workspace/KeepNote-Step6-Boilerplate/NoteService)
2020-01-09 05:15:50 [main] DEBUG c.s.k.t.r.NoteRepositoryTest -
				Running with Spring Boot v2.0.2.RELEASE, Spring v5.0.6.RELEASE
2020-01-09 05:15:50 [main] INFO  c.s.k.t.r.NoteRepositoryTest -
				No active profile set, falling back to default profiles: default
2020-01-09 05:15:50 [main] INFO  o.s.c.a.AnnotationConfigApplicationContext -
				Refreshing org.springframework.context.annotation.AnnotationConfigApplicationContext@61e14b53: startup date [Thu Jan 09 05:15:50 UTC 2020]; root of context hierarchy
2020-01-09 05:15:50 [Thread-8] INFO  o.s.b.a.mongo.embedded.EmbeddedMongo -
				note: noprealloc may hurt performance in many applications
2020-01-09 05:15:50 [Thread-8] INFO  o.s.b.a.mongo.embedded.EmbeddedMongo -
				2020-01-09T05:15:50.374+0000 I CONTROL  [initandlisten] MongoDB starting : pid=9562 port=45575 dbpath=/tmp/embedmongo-db-a43dee13-e3ab-4c4a-8fbf-796091ecc4da 64-bit host=ip-172-31-80-91
2020-01-09 05:15:50 [Thread-8] INFO  o.s.b.a.mongo.embedded.EmbeddedMongo -
				2020-01-09T05:15:50.374+0000 I CONTROL  [initandlisten] db version v3.2.2
2020-01-09 05:15:50 [Thread-8] INFO  o.s.b.a.mongo.embedded.EmbeddedMongo -
				2020-01-09T05:15:50.374+0000 I CONTROL  [initandlisten] git version: 6e71d0d568e134c029203593b00a0103e7cdf30b
2020-01-09 05:15:50 [Thread-8] INFO  o.s.b.a.mongo.embedded.EmbeddedMongo -
				2020-01-09T05:15:50.374+0000 I CONTROL  [initandlisten] allocator: tcmalloc
2020-01-09 05:15:50 [Thread-8] INFO  o.s.b.a.mongo.embedded.EmbeddedMongo -
				2020-01-09T05:15:50.374+0000 I CONTROL  [initandlisten] modules: none
2020-01-09 05:15:50 [Thread-8] INFO  o.s.b.a.mongo.embedded.EmbeddedMongo -
				2020-01-09T05:15:50.374+0000 I CONTROL  [initandlisten] build environment:
2020-01-09 05:15:50 [Thread-8] INFO  o.s.b.a.mongo.embedded.EmbeddedMongo -
				2020-01-09T05:15:50.374+0000 I CONTROL  [initandlisten]     distarch: x86_64
2020-01-09 05:15:50 [Thread-8] INFO  o.s.b.a.mongo.embedded.EmbeddedMongo -
				2020-01-09T05:15:50.374+0000 I CONTROL  [initandlisten]     target_arch: x86_64
2020-01-09 05:15:50 [Thread-8] INFO  o.s.b.a.mongo.embedded.EmbeddedMongo -
				2020-01-09T05:15:50.374+0000 I CONTROL  [initandlisten] options: { net: { bindIp: "127.0.0.1", http: { enabled: false }, port: 45575 }, security: { authorization: "disabled" }, storage: { dbPath: "/tmp/embedmongo-db-a43dee13-e3ab-4c4a-8fbf-796091ecc4da", journal: { enabled: false }, mmapv1: { preallocDataFiles: false, smallFiles: true }, syncPeriodSecs: 0.0 } }
2020-01-09 05:15:50 [Thread-8] INFO  o.s.b.a.mongo.embedded.EmbeddedMongo -
				2020-01-09T05:15:50.401+0000 I STORAGE  [initandlisten] wiredtiger_open config: create,cache_size=4G,session_max=20000,eviction=(threads_max=4),config_base=false,statistics=(fast),log=(enabled=true,archive=true,path=journal,compressor=snappy),file_manager=(close_idle_time=100000),checkpoint=(wait=0,log_size=2GB),statistics_log=(wait=0),,log=(enabled=false),
2020-01-09 05:15:50 [Thread-8] INFO  o.s.b.a.mongo.embedded.EmbeddedMongo -
				2020-01-09T05:15:50.564+0000 W STORAGE  [initandlisten] Detected configuration for non-active storage engine mmapv1 when current storage engine is wiredTiger
2020-01-09 05:15:50 [Thread-8] INFO  o.s.b.a.mongo.embedded.EmbeddedMongo -
				2020-01-09T05:15:50.566+0000 I FTDC     [initandlisten] Initializing full-time diagnostic data capture with directory '/tmp/embedmongo-db-a43dee13-e3ab-4c4a-8fbf-796091ecc4da/diagnostic.data'
2020-01-09 05:15:50 [Thread-8] INFO  o.s.b.a.mongo.embedded.EmbeddedMongo -
				2020-01-09T05:15:50.568+0000 I NETWORK  [HostnameCanonicalizationWorker] Starting hostname canonicalization worker
2020-01-09 05:15:50 [Thread-8] INFO  o.s.b.a.mongo.embedded.EmbeddedMongo -
				2020-01-09T05:15:50.600+0000 I NETWORK  [initandlisten] waiting for connections on port 45575
2020-01-09 05:15:50 [main] INFO  d.f.embed.process.runtime.Executable -
				start de.flapdoodle.embed.mongo.config.MongodConfigBuilder$ImmutableMongodConfig@2c668c2a
2020-01-09 05:15:50 [main] INFO  org.mongodb.driver.cluster -
				Cluster created with settings {hosts=[localhost:45575], mode=MULTIPLE, requiredClusterType=UNKNOWN, serverSelectionTimeout='30000 ms', maxWaitQueueSize=500}
2020-01-09 05:15:50 [main] INFO  org.mongodb.driver.cluster -
				Adding discovered server localhost:45575 to client view of cluster
2020-01-09 05:15:50 [Thread-8] INFO  o.s.b.a.mongo.embedded.EmbeddedMongo -
				2020-01-09T05:15:50.611+0000 I NETWORK  [initandlisten] connection accepted from 127.0.0.1:37312 #1 (1 connection now open)
2020-01-09 05:15:50 [cluster-ClusterId{value='5e16b70624cf0b2532628b7e', description='null'}-localhost:45575] INFO  org.mongodb.driver.connection -
				Opened connection [connectionId{localValue:2, serverValue:1}] to localhost:45575
2020-01-09 05:15:50 [cluster-ClusterId{value='5e16b70624cf0b2532628b7e', description='null'}-localhost:45575] INFO  org.mongodb.driver.cluster -
				Monitor thread successfully connected to server with description ServerDescription{address=localhost:45575, type=STANDALONE, state=CONNECTED, ok=true, version=ServerVersion{versionList=[3, 2, 2]}, minWireVersion=0, maxWireVersion=4, maxDocumentSize=16777216, logicalSessionTimeoutMinutes=null, roundTripTimeNanos=517381}
2020-01-09 05:15:50 [cluster-ClusterId{value='5e16b70624cf0b2532628b7e', description='null'}-localhost:45575] INFO  org.mongodb.driver.cluster -
				Discovered cluster type of STANDALONE
2020-01-09 05:15:50 [main] INFO  c.s.k.t.r.NoteRepositoryTest -
				Started NoteRepositoryTest in 0.637 seconds (JVM running for 8.76)
2020-01-09 05:15:50 [Thread-8] INFO  o.s.b.a.mongo.embedded.EmbeddedMongo -
				2020-01-09T05:15:50.833+0000 I NETWORK  [initandlisten] connection accepted from 127.0.0.1:37314 #2 (2 connections now open)
2020-01-09 05:15:50 [main] INFO  org.mongodb.driver.connection -
				Opened connection [connectionId{localValue:3, serverValue:2}] to localhost:45575
2020-01-09 05:15:51 [main] INFO  c.s.k.t.c.NoteControllerTest -
				Starting NoteControllerTest on ip-172-31-80-91 with PID 9522 (started by ubuntu in /home/ubuntu/Desktop/Began/Spring_Workspace/KeepNote-Step6-Boilerplate/NoteService)
2020-01-09 05:15:51 [main] DEBUG c.s.k.t.c.NoteControllerTest -
				Running with Spring Boot v2.0.2.RELEASE, Spring v5.0.6.RELEASE
2020-01-09 05:15:51 [main] INFO  c.s.k.t.c.NoteControllerTest -
				No active profile set, falling back to default profiles: default
2020-01-09 05:15:51 [main] INFO  o.s.w.c.s.GenericWebApplicationContext -
				Refreshing org.springframework.web.context.support.GenericWebApplicationContext@6febec41: startup date [Thu Jan 09 05:15:51 UTC 2020]; root of context hierarchy
2020-01-09 05:15:51 [main] INFO  o.s.w.s.h.SimpleUrlHandlerMapping -
				Mapped URL path [/**/favicon.ico] onto handler of type [class org.springframework.web.servlet.resource.ResourceHttpRequestHandler]
2020-01-09 05:15:51 [main] INFO  o.s.w.s.m.m.a.RequestMappingHandlerAdapter -
				Looking for @ControllerAdvice: org.springframework.web.context.support.GenericWebApplicationContext@6febec41: startup date [Thu Jan 09 05:15:51 UTC 2020]; root of context hierarchy
2020-01-09 05:15:51 [main] INFO  o.s.w.s.m.m.a.RequestMappingHandlerMapping -
				Mapped "{[/api/v1/note/{userId}/{noteId}],methods=[DELETE]}" onto public org.springframework.http.ResponseEntity<?> com.stackroute.keepnote.controller.NoteController.deleteNote(java.lang.String,int)
2020-01-09 05:15:51 [main] INFO  o.s.w.s.m.m.a.RequestMappingHandlerMapping -
				Mapped "{[/api/v1/note/{userId}],methods=[DELETE]}" onto public org.springframework.http.ResponseEntity<?> com.stackroute.keepnote.controller.NoteController.deleteAllNotes(java.lang.String)
2020-01-09 05:15:51 [main] INFO  o.s.w.s.m.m.a.RequestMappingHandlerMapping -
				Mapped "{[/api/v1/note/{userId}/{noteId}],methods=[PUT]}" onto public org.springframework.http.ResponseEntity<?> com.stackroute.keepnote.controller.NoteController.updateNote(com.stackroute.keepnote.model.Note,java.lang.String,int)
2020-01-09 05:15:51 [main] INFO  o.s.w.s.m.m.a.RequestMappingHandlerMapping -
				Mapped "{[/api/v1/note/{userId}],methods=[GET]}" onto public org.springframework.http.ResponseEntity<?> com.stackroute.keepnote.controller.NoteController.getAllNotesByUserId(java.lang.String)
2020-01-09 05:15:51 [main] INFO  o.s.w.s.m.m.a.RequestMappingHandlerMapping -
				Mapped "{[/api/v1/note],methods=[POST]}" onto public org.springframework.http.ResponseEntity<?> com.stackroute.keepnote.controller.NoteController.addNote(com.stackroute.keepnote.model.Note)
2020-01-09 05:15:51 [main] INFO  o.s.w.s.m.m.a.RequestMappingHandlerMapping -
				Mapped "{[/api/v1/note/{userId}/{noteId}],methods=[GET]}" onto public org.springframework.http.ResponseEntity<?> com.stackroute.keepnote.controller.NoteController.getNoteById(java.lang.String,int)
2020-01-09 05:15:51 [main] INFO  o.s.w.s.m.m.a.RequestMappingHandlerMapping -
				Mapped "{[/error],produces=[text/html]}" onto public org.springframework.web.servlet.ModelAndView org.springframework.boot.autoconfigure.web.servlet.error.BasicErrorController.errorHtml(javax.servlet.http.HttpServletRequest,javax.servlet.http.HttpServletResponse)
2020-01-09 05:15:51 [main] INFO  o.s.w.s.m.m.a.RequestMappingHandlerMapping -
				Mapped "{[/error]}" onto public org.springframework.http.ResponseEntity<java.util.Map<java.lang.String, java.lang.Object>> org.springframework.boot.autoconfigure.web.servlet.error.BasicErrorController.error(javax.servlet.http.HttpServletRequest)
2020-01-09 05:15:51 [main] INFO  o.s.w.s.h.SimpleUrlHandlerMapping -
				Mapped URL path [/webjars/**] onto handler of type [class org.springframework.web.servlet.resource.ResourceHttpRequestHandler]
2020-01-09 05:15:51 [main] INFO  o.s.w.s.h.SimpleUrlHandlerMapping -
				Mapped URL path [/**] onto handler of type [class org.springframework.web.servlet.resource.ResourceHttpRequestHandler]
2020-01-09 05:15:51 [main] INFO  o.s.b.t.m.w.SpringBootMockServletContext -
				Initializing Spring FrameworkServlet ''
2020-01-09 05:15:51 [main] INFO  o.s.t.w.s.TestDispatcherServlet -
				FrameworkServlet '': initialization started
2020-01-09 05:15:51 [main] INFO  o.s.t.w.s.TestDispatcherServlet -
				FrameworkServlet '': initialization completed in 12 ms
2020-01-09 05:15:51 [main] INFO  c.s.k.t.c.NoteControllerTest -
				Started NoteControllerTest in 0.822 seconds (JVM running for 9.882)
2020-01-09 05:15:51 [main] INFO  o.s.w.s.m.m.a.RequestMappingHandlerMapping -
				Mapped "{[/api/v1/note/{userId}/{noteId}],methods=[DELETE]}" onto public org.springframework.http.ResponseEntity<?> com.stackroute.keepnote.controller.NoteController.deleteNote(java.lang.String,int)
2020-01-09 05:15:51 [main] INFO  o.s.w.s.m.m.a.RequestMappingHandlerMapping -
				Mapped "{[/api/v1/note/{userId}],methods=[DELETE]}" onto public org.springframework.http.ResponseEntity<?> com.stackroute.keepnote.controller.NoteController.deleteAllNotes(java.lang.String)
2020-01-09 05:15:51 [main] INFO  o.s.w.s.m.m.a.RequestMappingHandlerMapping -
				Mapped "{[/api/v1/note/{userId}/{noteId}],methods=[PUT]}" onto public org.springframework.http.ResponseEntity<?> com.stackroute.keepnote.controller.NoteController.updateNote(com.stackroute.keepnote.model.Note,java.lang.String,int)
2020-01-09 05:15:51 [main] INFO  o.s.w.s.m.m.a.RequestMappingHandlerMapping -
				Mapped "{[/api/v1/note/{userId}],methods=[GET]}" onto public org.springframework.http.ResponseEntity<?> com.stackroute.keepnote.controller.NoteController.getAllNotesByUserId(java.lang.String)
2020-01-09 05:15:51 [main] INFO  o.s.w.s.m.m.a.RequestMappingHandlerMapping -
				Mapped "{[/api/v1/note],methods=[POST]}" onto public org.springframework.http.ResponseEntity<?> com.stackroute.keepnote.controller.NoteController.addNote(com.stackroute.keepnote.model.Note)
2020-01-09 05:15:51 [main] INFO  o.s.w.s.m.m.a.RequestMappingHandlerMapping -
				Mapped "{[/api/v1/note/{userId}/{noteId}],methods=[GET]}" onto public org.springframework.http.ResponseEntity<?> com.stackroute.keepnote.controller.NoteController.getNoteById(java.lang.String,int)
2020-01-09 05:15:51 [main] INFO  o.s.w.s.m.m.a.RequestMappingHandlerAdapter -
				Looking for @ControllerAdvice: org.springframework.test.web.servlet.setup.StubWebApplicationContext@391dfe7c
2020-01-09 05:15:51 [main] INFO  o.s.mock.web.MockServletContext -
				Initializing Spring FrameworkServlet ''
2020-01-09 05:15:51 [main] INFO  o.s.t.w.s.TestDispatcherServlet -
				FrameworkServlet '': initialization started
2020-01-09 05:15:51 [main] INFO  o.s.t.w.s.TestDispatcherServlet -
				FrameworkServlet '': initialization completed in 0 ms
2020-01-09 05:15:52 [main] INFO  o.s.w.s.m.m.a.RequestMappingHandlerMapping -
				Mapped "{[/api/v1/note/{userId}/{noteId}],methods=[DELETE]}" onto public org.springframework.http.ResponseEntity<?> com.stackroute.keepnote.controller.NoteController.deleteNote(java.lang.String,int)
2020-01-09 05:15:52 [main] INFO  o.s.w.s.m.m.a.RequestMappingHandlerMapping -
				Mapped "{[/api/v1/note/{userId}],methods=[DELETE]}" onto public org.springframework.http.ResponseEntity<?> com.stackroute.keepnote.controller.NoteController.deleteAllNotes(java.lang.String)
2020-01-09 05:15:52 [main] INFO  o.s.w.s.m.m.a.RequestMappingHandlerMapping -
				Mapped "{[/api/v1/note/{userId}/{noteId}],methods=[PUT]}" onto public org.springframework.http.ResponseEntity<?> com.stackroute.keepnote.controller.NoteController.updateNote(com.stackroute.keepnote.model.Note,java.lang.String,int)
2020-01-09 05:15:52 [main] INFO  o.s.w.s.m.m.a.RequestMappingHandlerMapping -
				Mapped "{[/api/v1/note/{userId}],methods=[GET]}" onto public org.springframework.http.ResponseEntity<?> com.stackroute.keepnote.controller.NoteController.getAllNotesByUserId(java.lang.String)
2020-01-09 05:15:52 [main] INFO  o.s.w.s.m.m.a.RequestMappingHandlerMapping -
				Mapped "{[/api/v1/note],methods=[POST]}" onto public org.springframework.http.ResponseEntity<?> com.stackroute.keepnote.controller.NoteController.addNote(com.stackroute.keepnote.model.Note)
2020-01-09 05:15:52 [main] INFO  o.s.w.s.m.m.a.RequestMappingHandlerMapping -
				Mapped "{[/api/v1/note/{userId}/{noteId}],methods=[GET]}" onto public org.springframework.http.ResponseEntity<?> com.stackroute.keepnote.controller.NoteController.getNoteById(java.lang.String,int)
2020-01-09 05:15:52 [main] INFO  o.s.w.s.m.m.a.RequestMappingHandlerAdapter -
				Looking for @ControllerAdvice: org.springframework.test.web.servlet.setup.StubWebApplicationContext@735988cf
2020-01-09 05:15:52 [main] INFO  o.s.mock.web.MockServletContext -
				Initializing Spring FrameworkServlet ''
2020-01-09 05:15:52 [main] INFO  o.s.t.w.s.TestDispatcherServlet -
				FrameworkServlet '': initialization started
2020-01-09 05:15:52 [main] INFO  o.s.t.w.s.TestDispatcherServlet -
				FrameworkServlet '': initialization completed in 0 ms
2020-01-09 05:15:52 [main] INFO  o.s.w.s.m.m.a.RequestMappingHandlerMapping -
				Mapped "{[/api/v1/note/{userId}/{noteId}],methods=[DELETE]}" onto public org.springframework.http.ResponseEntity<?> com.stackroute.keepnote.controller.NoteController.deleteNote(java.lang.String,int)
2020-01-09 05:15:52 [main] INFO  o.s.w.s.m.m.a.RequestMappingHandlerMapping -
				Mapped "{[/api/v1/note/{userId}],methods=[DELETE]}" onto public org.springframework.http.ResponseEntity<?> com.stackroute.keepnote.controller.NoteController.deleteAllNotes(java.lang.String)
2020-01-09 05:15:52 [main] INFO  o.s.w.s.m.m.a.RequestMappingHandlerMapping -
				Mapped "{[/api/v1/note/{userId}/{noteId}],methods=[PUT]}" onto public org.springframework.http.ResponseEntity<?> com.stackroute.keepnote.controller.NoteController.updateNote(com.stackroute.keepnote.model.Note,java.lang.String,int)
2020-01-09 05:15:52 [main] INFO  o.s.w.s.m.m.a.RequestMappingHandlerMapping -
				Mapped "{[/api/v1/note/{userId}],methods=[GET]}" onto public org.springframework.http.ResponseEntity<?> com.stackroute.keepnote.controller.NoteController.getAllNotesByUserId(java.lang.String)
2020-01-09 05:15:52 [main] INFO  o.s.w.s.m.m.a.RequestMappingHandlerMapping -
				Mapped "{[/api/v1/note],methods=[POST]}" onto public org.springframework.http.ResponseEntity<?> com.stackroute.keepnote.controller.NoteController.addNote(com.stackroute.keepnote.model.Note)
2020-01-09 05:15:52 [main] INFO  o.s.w.s.m.m.a.RequestMappingHandlerMapping -
				Mapped "{[/api/v1/note/{userId}/{noteId}],methods=[GET]}" onto public org.springframework.http.ResponseEntity<?> com.stackroute.keepnote.controller.NoteController.getNoteById(java.lang.String,int)
2020-01-09 05:15:52 [main] INFO  o.s.w.s.m.m.a.RequestMappingHandlerAdapter -
				Looking for @ControllerAdvice: org.springframework.test.web.servlet.setup.StubWebApplicationContext@257b3561
2020-01-09 05:15:52 [main] INFO  o.s.mock.web.MockServletContext -
				Initializing Spring FrameworkServlet ''
2020-01-09 05:15:52 [main] INFO  o.s.t.w.s.TestDispatcherServlet -
				FrameworkServlet '': initialization started
2020-01-09 05:15:52 [main] INFO  o.s.t.w.s.TestDispatcherServlet -
				FrameworkServlet '': initialization completed in 0 ms
2020-01-09 05:15:52 [main] INFO  o.s.w.s.m.m.a.RequestMappingHandlerMapping -
				Mapped "{[/api/v1/note/{userId}/{noteId}],methods=[DELETE]}" onto public org.springframework.http.ResponseEntity<?> com.stackroute.keepnote.controller.NoteController.deleteNote(java.lang.String,int)
2020-01-09 05:15:52 [main] INFO  o.s.w.s.m.m.a.RequestMappingHandlerMapping -
				Mapped "{[/api/v1/note/{userId}],methods=[DELETE]}" onto public org.springframework.http.ResponseEntity<?> com.stackroute.keepnote.controller.NoteController.deleteAllNotes(java.lang.String)
2020-01-09 05:15:52 [main] INFO  o.s.w.s.m.m.a.RequestMappingHandlerMapping -
				Mapped "{[/api/v1/note/{userId}/{noteId}],methods=[PUT]}" onto public org.springframework.http.ResponseEntity<?> com.stackroute.keepnote.controller.NoteController.updateNote(com.stackroute.keepnote.model.Note,java.lang.String,int)
2020-01-09 05:15:52 [main] INFO  o.s.w.s.m.m.a.RequestMappingHandlerMapping -
				Mapped "{[/api/v1/note/{userId}],methods=[GET]}" onto public org.springframework.http.ResponseEntity<?> com.stackroute.keepnote.controller.NoteController.getAllNotesByUserId(java.lang.String)
2020-01-09 05:15:52 [main] INFO  o.s.w.s.m.m.a.RequestMappingHandlerMapping -
				Mapped "{[/api/v1/note],methods=[POST]}" onto public org.springframework.http.ResponseEntity<?> com.stackroute.keepnote.controller.NoteController.addNote(com.stackroute.keepnote.model.Note)
2020-01-09 05:15:52 [main] INFO  o.s.w.s.m.m.a.RequestMappingHandlerMapping -
				Mapped "{[/api/v1/note/{userId}/{noteId}],methods=[GET]}" onto public org.springframework.http.ResponseEntity<?> com.stackroute.keepnote.controller.NoteController.getNoteById(java.lang.String,int)
2020-01-09 05:15:52 [main] INFO  o.s.w.s.m.m.a.RequestMappingHandlerAdapter -
				Looking for @ControllerAdvice: org.springframework.test.web.servlet.setup.StubWebApplicationContext@6150afc6
2020-01-09 05:15:52 [main] INFO  o.s.mock.web.MockServletContext -
				Initializing Spring FrameworkServlet ''
2020-01-09 05:15:52 [main] INFO  o.s.t.w.s.TestDispatcherServlet -
				FrameworkServlet '': initialization started
2020-01-09 05:15:52 [main] INFO  o.s.t.w.s.TestDispatcherServlet -
				FrameworkServlet '': initialization completed in 1 ms
2020-01-09 05:15:52 [main] INFO  o.s.w.s.m.m.a.RequestMappingHandlerMapping -
				Mapped "{[/api/v1/note/{userId}/{noteId}],methods=[DELETE]}" onto public org.springframework.http.ResponseEntity<?> com.stackroute.keepnote.controller.NoteController.deleteNote(java.lang.String,int)
2020-01-09 05:15:52 [main] INFO  o.s.w.s.m.m.a.RequestMappingHandlerMapping -
				Mapped "{[/api/v1/note/{userId}],methods=[DELETE]}" onto public org.springframework.http.ResponseEntity<?> com.stackroute.keepnote.controller.NoteController.deleteAllNotes(java.lang.String)
2020-01-09 05:15:52 [main] INFO  o.s.w.s.m.m.a.RequestMappingHandlerMapping -
				Mapped "{[/api/v1/note/{userId}/{noteId}],methods=[PUT]}" onto public org.springframework.http.ResponseEntity<?> com.stackroute.keepnote.controller.NoteController.updateNote(com.stackroute.keepnote.model.Note,java.lang.String,int)
2020-01-09 05:15:52 [main] INFO  o.s.w.s.m.m.a.RequestMappingHandlerMapping -
				Mapped "{[/api/v1/note/{userId}],methods=[GET]}" onto public org.springframework.http.ResponseEntity<?> com.stackroute.keepnote.controller.NoteController.getAllNotesByUserId(java.lang.String)
2020-01-09 05:15:52 [main] INFO  o.s.w.s.m.m.a.RequestMappingHandlerMapping -
				Mapped "{[/api/v1/note],methods=[POST]}" onto public org.springframework.http.ResponseEntity<?> com.stackroute.keepnote.controller.NoteController.addNote(com.stackroute.keepnote.model.Note)
2020-01-09 05:15:52 [main] INFO  o.s.w.s.m.m.a.RequestMappingHandlerMapping -
				Mapped "{[/api/v1/note/{userId}/{noteId}],methods=[GET]}" onto public org.springframework.http.ResponseEntity<?> com.stackroute.keepnote.controller.NoteController.getNoteById(java.lang.String,int)
2020-01-09 05:15:52 [main] INFO  o.s.w.s.m.m.a.RequestMappingHandlerAdapter -
				Looking for @ControllerAdvice: org.springframework.test.web.servlet.setup.StubWebApplicationContext@537451d5
2020-01-09 05:15:52 [main] INFO  o.s.mock.web.MockServletContext -
				Initializing Spring FrameworkServlet ''
2020-01-09 05:15:52 [main] INFO  o.s.t.w.s.TestDispatcherServlet -
				FrameworkServlet '': initialization started
2020-01-09 05:15:52 [main] INFO  o.s.t.w.s.TestDispatcherServlet -
				FrameworkServlet '': initialization completed in 1 ms
2020-01-09 05:15:52 [main] INFO  o.s.w.s.m.m.a.RequestMappingHandlerMapping -
				Mapped "{[/api/v1/note/{userId}/{noteId}],methods=[DELETE]}" onto public org.springframework.http.ResponseEntity<?> com.stackroute.keepnote.controller.NoteController.deleteNote(java.lang.String,int)
2020-01-09 05:15:52 [main] INFO  o.s.w.s.m.m.a.RequestMappingHandlerMapping -
				Mapped "{[/api/v1/note/{userId}],methods=[DELETE]}" onto public org.springframework.http.ResponseEntity<?> com.stackroute.keepnote.controller.NoteController.deleteAllNotes(java.lang.String)
2020-01-09 05:15:52 [main] INFO  o.s.w.s.m.m.a.RequestMappingHandlerMapping -
				Mapped "{[/api/v1/note/{userId}/{noteId}],methods=[PUT]}" onto public org.springframework.http.ResponseEntity<?> com.stackroute.keepnote.controller.NoteController.updateNote(com.stackroute.keepnote.model.Note,java.lang.String,int)
2020-01-09 05:15:52 [main] INFO  o.s.w.s.m.m.a.RequestMappingHandlerMapping -
				Mapped "{[/api/v1/note/{userId}],methods=[GET]}" onto public org.springframework.http.ResponseEntity<?> com.stackroute.keepnote.controller.NoteController.getAllNotesByUserId(java.lang.String)
2020-01-09 05:15:52 [main] INFO  o.s.w.s.m.m.a.RequestMappingHandlerMapping -
				Mapped "{[/api/v1/note],methods=[POST]}" onto public org.springframework.http.ResponseEntity<?> com.stackroute.keepnote.controller.NoteController.addNote(com.stackroute.keepnote.model.Note)
2020-01-09 05:15:52 [main] INFO  o.s.w.s.m.m.a.RequestMappingHandlerMapping -
				Mapped "{[/api/v1/note/{userId}/{noteId}],methods=[GET]}" onto public org.springframework.http.ResponseEntity<?> com.stackroute.keepnote.controller.NoteController.getNoteById(java.lang.String,int)
2020-01-09 05:15:52 [main] INFO  o.s.w.s.m.m.a.RequestMappingHandlerAdapter -
				Looking for @ControllerAdvice: org.springframework.test.web.servlet.setup.StubWebApplicationContext@2e4b5da1
2020-01-09 05:15:52 [main] INFO  o.s.mock.web.MockServletContext -
				Initializing Spring FrameworkServlet ''
2020-01-09 05:15:52 [main] INFO  o.s.t.w.s.TestDispatcherServlet -
				FrameworkServlet '': initialization started
2020-01-09 05:15:52 [main] INFO  o.s.t.w.s.TestDispatcherServlet -
				FrameworkServlet '': initialization completed in 1 ms
2020-01-09 05:15:52 [main] INFO  o.s.w.s.m.m.a.RequestMappingHandlerMapping -
				Mapped "{[/api/v1/note/{userId}/{noteId}],methods=[DELETE]}" onto public org.springframework.http.ResponseEntity<?> com.stackroute.keepnote.controller.NoteController.deleteNote(java.lang.String,int)
2020-01-09 05:15:52 [main] INFO  o.s.w.s.m.m.a.RequestMappingHandlerMapping -
				Mapped "{[/api/v1/note/{userId}],methods=[DELETE]}" onto public org.springframework.http.ResponseEntity<?> com.stackroute.keepnote.controller.NoteController.deleteAllNotes(java.lang.String)
2020-01-09 05:15:52 [main] INFO  o.s.w.s.m.m.a.RequestMappingHandlerMapping -
				Mapped "{[/api/v1/note/{userId}/{noteId}],methods=[PUT]}" onto public org.springframework.http.ResponseEntity<?> com.stackroute.keepnote.controller.NoteController.updateNote(com.stackroute.keepnote.model.Note,java.lang.String,int)
2020-01-09 05:15:52 [main] INFO  o.s.w.s.m.m.a.RequestMappingHandlerMapping -
				Mapped "{[/api/v1/note/{userId}],methods=[GET]}" onto public org.springframework.http.ResponseEntity<?> com.stackroute.keepnote.controller.NoteController.getAllNotesByUserId(java.lang.String)
2020-01-09 05:15:52 [main] INFO  o.s.w.s.m.m.a.RequestMappingHandlerMapping -
				Mapped "{[/api/v1/note],methods=[POST]}" onto public org.springframework.http.ResponseEntity<?> com.stackroute.keepnote.controller.NoteController.addNote(com.stackroute.keepnote.model.Note)
2020-01-09 05:15:52 [main] INFO  o.s.w.s.m.m.a.RequestMappingHandlerMapping -
				Mapped "{[/api/v1/note/{userId}/{noteId}],methods=[GET]}" onto public org.springframework.http.ResponseEntity<?> com.stackroute.keepnote.controller.NoteController.getNoteById(java.lang.String,int)
2020-01-09 05:15:52 [main] INFO  o.s.w.s.m.m.a.RequestMappingHandlerAdapter -
				Looking for @ControllerAdvice: org.springframework.test.web.servlet.setup.StubWebApplicationContext@4552f905
2020-01-09 05:15:52 [main] INFO  o.s.mock.web.MockServletContext -
				Initializing Spring FrameworkServlet ''
2020-01-09 05:15:52 [main] INFO  o.s.t.w.s.TestDispatcherServlet -
				FrameworkServlet '': initialization started
2020-01-09 05:15:52 [main] INFO  o.s.t.w.s.TestDispatcherServlet -
				FrameworkServlet '': initialization completed in 0 ms
2020-01-09 05:15:52 [main] INFO  o.s.w.s.m.m.a.RequestMappingHandlerMapping -
				Mapped "{[/api/v1/note/{userId}/{noteId}],methods=[DELETE]}" onto public org.springframework.http.ResponseEntity<?> com.stackroute.keepnote.controller.NoteController.deleteNote(java.lang.String,int)
2020-01-09 05:15:52 [main] INFO  o.s.w.s.m.m.a.RequestMappingHandlerMapping -
				Mapped "{[/api/v1/note/{userId}],methods=[DELETE]}" onto public org.springframework.http.ResponseEntity<?> com.stackroute.keepnote.controller.NoteController.deleteAllNotes(java.lang.String)
2020-01-09 05:15:52 [main] INFO  o.s.w.s.m.m.a.RequestMappingHandlerMapping -
				Mapped "{[/api/v1/note/{userId}/{noteId}],methods=[PUT]}" onto public org.springframework.http.ResponseEntity<?> com.stackroute.keepnote.controller.NoteController.updateNote(com.stackroute.keepnote.model.Note,java.lang.String,int)
2020-01-09 05:15:52 [main] INFO  o.s.w.s.m.m.a.RequestMappingHandlerMapping -
				Mapped "{[/api/v1/note/{userId}],methods=[GET]}" onto public org.springframework.http.ResponseEntity<?> com.stackroute.keepnote.controller.NoteController.getAllNotesByUserId(java.lang.String)
2020-01-09 05:15:52 [main] INFO  o.s.w.s.m.m.a.RequestMappingHandlerMapping -
				Mapped "{[/api/v1/note],methods=[POST]}" onto public org.springframework.http.ResponseEntity<?> com.stackroute.keepnote.controller.NoteController.addNote(com.stackroute.keepnote.model.Note)
2020-01-09 05:15:52 [main] INFO  o.s.w.s.m.m.a.RequestMappingHandlerMapping -
				Mapped "{[/api/v1/note/{userId}/{noteId}],methods=[GET]}" onto public org.springframework.http.ResponseEntity<?> com.stackroute.keepnote.controller.NoteController.getNoteById(java.lang.String,int)
2020-01-09 05:15:52 [main] INFO  o.s.w.s.m.m.a.RequestMappingHandlerAdapter -
				Looking for @ControllerAdvice: org.springframework.test.web.servlet.setup.StubWebApplicationContext@1791e231
2020-01-09 05:15:52 [main] INFO  o.s.mock.web.MockServletContext -
				Initializing Spring FrameworkServlet ''
2020-01-09 05:15:52 [main] INFO  o.s.t.w.s.TestDispatcherServlet -
				FrameworkServlet '': initialization started
2020-01-09 05:15:52 [main] INFO  o.s.t.w.s.TestDispatcherServlet -
				FrameworkServlet '': initialization completed in 1 ms
2020-01-09 05:15:52 [main] INFO  o.s.w.s.m.m.a.RequestMappingHandlerMapping -
				Mapped "{[/api/v1/note/{userId}/{noteId}],methods=[DELETE]}" onto public org.springframework.http.ResponseEntity<?> com.stackroute.keepnote.controller.NoteController.deleteNote(java.lang.String,int)
2020-01-09 05:15:52 [main] INFO  o.s.w.s.m.m.a.RequestMappingHandlerMapping -
				Mapped "{[/api/v1/note/{userId}],methods=[DELETE]}" onto public org.springframework.http.ResponseEntity<?> com.stackroute.keepnote.controller.NoteController.deleteAllNotes(java.lang.String)
2020-01-09 05:15:52 [main] INFO  o.s.w.s.m.m.a.RequestMappingHandlerMapping -
				Mapped "{[/api/v1/note/{userId}/{noteId}],methods=[PUT]}" onto public org.springframework.http.ResponseEntity<?> com.stackroute.keepnote.controller.NoteController.updateNote(com.stackroute.keepnote.model.Note,java.lang.String,int)
2020-01-09 05:15:52 [main] INFO  o.s.w.s.m.m.a.RequestMappingHandlerMapping -
				Mapped "{[/api/v1/note/{userId}],methods=[GET]}" onto public org.springframework.http.ResponseEntity<?> com.stackroute.keepnote.controller.NoteController.getAllNotesByUserId(java.lang.String)
2020-01-09 05:15:52 [main] INFO  o.s.w.s.m.m.a.RequestMappingHandlerMapping -
				Mapped "{[/api/v1/note],methods=[POST]}" onto public org.springframework.http.ResponseEntity<?> com.stackroute.keepnote.controller.NoteController.addNote(com.stackroute.keepnote.model.Note)
2020-01-09 05:15:52 [main] INFO  o.s.w.s.m.m.a.RequestMappingHandlerMapping -
				Mapped "{[/api/v1/note/{userId}/{noteId}],methods=[GET]}" onto public org.springframework.http.ResponseEntity<?> com.stackroute.keepnote.controller.NoteController.getNoteById(java.lang.String,int)
2020-01-09 05:15:52 [main] INFO  o.s.w.s.m.m.a.RequestMappingHandlerAdapter -
				Looking for @ControllerAdvice: org.springframework.test.web.servlet.setup.StubWebApplicationContext@50e1f3fc
2020-01-09 05:15:52 [main] INFO  o.s.mock.web.MockServletContext -
				Initializing Spring FrameworkServlet ''
2020-01-09 05:15:52 [main] INFO  o.s.t.w.s.TestDispatcherServlet -
				FrameworkServlet '': initialization started
2020-01-09 05:15:52 [main] INFO  o.s.t.w.s.TestDispatcherServlet -
				FrameworkServlet '': initialization completed in 0 ms
2020-01-09 05:15:52 [main] INFO  o.s.w.s.m.m.a.RequestMappingHandlerMapping -
				Mapped "{[/api/v1/note/{userId}/{noteId}],methods=[DELETE]}" onto public org.springframework.http.ResponseEntity<?> com.stackroute.keepnote.controller.NoteController.deleteNote(java.lang.String,int)
2020-01-09 05:15:52 [main] INFO  o.s.w.s.m.m.a.RequestMappingHandlerMapping -
				Mapped "{[/api/v1/note/{userId}],methods=[DELETE]}" onto public org.springframework.http.ResponseEntity<?> com.stackroute.keepnote.controller.NoteController.deleteAllNotes(java.lang.String)
2020-01-09 05:15:52 [main] INFO  o.s.w.s.m.m.a.RequestMappingHandlerMapping -
				Mapped "{[/api/v1/note/{userId}/{noteId}],methods=[PUT]}" onto public org.springframework.http.ResponseEntity<?> com.stackroute.keepnote.controller.NoteController.updateNote(com.stackroute.keepnote.model.Note,java.lang.String,int)
2020-01-09 05:15:52 [main] INFO  o.s.w.s.m.m.a.RequestMappingHandlerMapping -
				Mapped "{[/api/v1/note/{userId}],methods=[GET]}" onto public org.springframework.http.ResponseEntity<?> com.stackroute.keepnote.controller.NoteController.getAllNotesByUserId(java.lang.String)
2020-01-09 05:15:52 [main] INFO  o.s.w.s.m.m.a.RequestMappingHandlerMapping -
				Mapped "{[/api/v1/note],methods=[POST]}" onto public org.springframework.http.ResponseEntity<?> com.stackroute.keepnote.controller.NoteController.addNote(com.stackroute.keepnote.model.Note)
2020-01-09 05:15:52 [main] INFO  o.s.w.s.m.m.a.RequestMappingHandlerMapping -
				Mapped "{[/api/v1/note/{userId}/{noteId}],methods=[GET]}" onto public org.springframework.http.ResponseEntity<?> com.stackroute.keepnote.controller.NoteController.getNoteById(java.lang.String,int)
2020-01-09 05:15:52 [main] INFO  o.s.w.s.m.m.a.RequestMappingHandlerAdapter -
				Looking for @ControllerAdvice: org.springframework.test.web.servlet.setup.StubWebApplicationContext@545f0b6
2020-01-09 05:15:52 [main] INFO  o.s.mock.web.MockServletContext -
				Initializing Spring FrameworkServlet ''
2020-01-09 05:15:52 [main] INFO  o.s.t.w.s.TestDispatcherServlet -
				FrameworkServlet '': initialization started
2020-01-09 05:15:52 [main] INFO  o.s.t.w.s.TestDispatcherServlet -
				FrameworkServlet '': initialization completed in 0 ms
2020-01-09 05:15:52 [main] INFO  o.s.w.s.m.m.a.RequestMappingHandlerMapping -
				Mapped "{[/api/v1/note/{userId}/{noteId}],methods=[DELETE]}" onto public org.springframework.http.ResponseEntity<?> com.stackroute.keepnote.controller.NoteController.deleteNote(java.lang.String,int)
2020-01-09 05:15:52 [main] INFO  o.s.w.s.m.m.a.RequestMappingHandlerMapping -
				Mapped "{[/api/v1/note/{userId}],methods=[DELETE]}" onto public org.springframework.http.ResponseEntity<?> com.stackroute.keepnote.controller.NoteController.deleteAllNotes(java.lang.String)
2020-01-09 05:15:52 [main] INFO  o.s.w.s.m.m.a.RequestMappingHandlerMapping -
				Mapped "{[/api/v1/note/{userId}/{noteId}],methods=[PUT]}" onto public org.springframework.http.ResponseEntity<?> com.stackroute.keepnote.controller.NoteController.updateNote(com.stackroute.keepnote.model.Note,java.lang.String,int)
2020-01-09 05:15:52 [main] INFO  o.s.w.s.m.m.a.RequestMappingHandlerMapping -
				Mapped "{[/api/v1/note/{userId}],methods=[GET]}" onto public org.springframework.http.ResponseEntity<?> com.stackroute.keepnote.controller.NoteController.getAllNotesByUserId(java.lang.String)
2020-01-09 05:15:52 [main] INFO  o.s.w.s.m.m.a.RequestMappingHandlerMapping -
				Mapped "{[/api/v1/note],methods=[POST]}" onto public org.springframework.http.ResponseEntity<?> com.stackroute.keepnote.controller.NoteController.addNote(com.stackroute.keepnote.model.Note)
2020-01-09 05:15:52 [main] INFO  o.s.w.s.m.m.a.RequestMappingHandlerMapping -
				Mapped "{[/api/v1/note/{userId}/{noteId}],methods=[GET]}" onto public org.springframework.http.ResponseEntity<?> com.stackroute.keepnote.controller.NoteController.getNoteById(java.lang.String,int)
2020-01-09 05:15:52 [main] INFO  o.s.w.s.m.m.a.RequestMappingHandlerAdapter -
				Looking for @ControllerAdvice: org.springframework.test.web.servlet.setup.StubWebApplicationContext@495e8a3
2020-01-09 05:15:52 [main] INFO  o.s.mock.web.MockServletContext -
				Initializing Spring FrameworkServlet ''
2020-01-09 05:15:52 [main] INFO  o.s.t.w.s.TestDispatcherServlet -
				FrameworkServlet '': initialization started
2020-01-09 05:15:52 [main] INFO  o.s.t.w.s.TestDispatcherServlet -
				FrameworkServlet '': initialization completed in 0 ms
2020-01-09 05:15:52 [main] INFO  o.s.w.s.m.m.a.RequestMappingHandlerMapping -
				Mapped "{[/api/v1/note/{userId}/{noteId}],methods=[DELETE]}" onto public org.springframework.http.ResponseEntity<?> com.stackroute.keepnote.controller.NoteController.deleteNote(java.lang.String,int)
2020-01-09 05:15:52 [main] INFO  o.s.w.s.m.m.a.RequestMappingHandlerMapping -
				Mapped "{[/api/v1/note/{userId}],methods=[DELETE]}" onto public org.springframework.http.ResponseEntity<?> com.stackroute.keepnote.controller.NoteController.deleteAllNotes(java.lang.String)
2020-01-09 05:15:52 [main] INFO  o.s.w.s.m.m.a.RequestMappingHandlerMapping -
				Mapped "{[/api/v1/note/{userId}/{noteId}],methods=[PUT]}" onto public org.springframework.http.ResponseEntity<?> com.stackroute.keepnote.controller.NoteController.updateNote(com.stackroute.keepnote.model.Note,java.lang.String,int)
2020-01-09 05:15:52 [main] INFO  o.s.w.s.m.m.a.RequestMappingHandlerMapping -
				Mapped "{[/api/v1/note/{userId}],methods=[GET]}" onto public org.springframework.http.ResponseEntity<?> com.stackroute.keepnote.controller.NoteController.getAllNotesByUserId(java.lang.String)
2020-01-09 05:15:52 [main] INFO  o.s.w.s.m.m.a.RequestMappingHandlerMapping -
				Mapped "{[/api/v1/note],methods=[POST]}" onto public org.springframework.http.ResponseEntity<?> com.stackroute.keepnote.controller.NoteController.addNote(com.stackroute.keepnote.model.Note)
2020-01-09 05:15:52 [main] INFO  o.s.w.s.m.m.a.RequestMappingHandlerMapping -
				Mapped "{[/api/v1/note/{userId}/{noteId}],methods=[GET]}" onto public org.springframework.http.ResponseEntity<?> com.stackroute.keepnote.controller.NoteController.getNoteById(java.lang.String,int)
2020-01-09 05:15:52 [main] INFO  o.s.w.s.m.m.a.RequestMappingHandlerAdapter -
				Looking for @ControllerAdvice: org.springframework.test.web.servlet.setup.StubWebApplicationContext@bea5941
2020-01-09 05:15:52 [main] INFO  o.s.mock.web.MockServletContext -
				Initializing Spring FrameworkServlet ''
2020-01-09 05:15:52 [main] INFO  o.s.t.w.s.TestDispatcherServlet -
				FrameworkServlet '': initialization started
2020-01-09 05:15:52 [main] INFO  o.s.t.w.s.TestDispatcherServlet -
				FrameworkServlet '': initialization completed in 0 ms
2020-01-09 05:15:52 [Thread-3] INFO  o.s.b.a.mongo.embedded.EmbeddedMongo -
				2020-01-09T05:15:52.797+0000 I NETWORK  [initandlisten] connection accepted from 127.0.0.1:50962 #2 (2 connections now open)
2020-01-09 05:15:52 [Thread-3] INFO  o.s.b.a.mongo.embedded.EmbeddedMongo -
				2020-01-09T05:15:52.803+0000 I COMMAND  [conn2] terminating, shutdown command received
2020-01-09 05:15:52 [Thread-3] INFO  o.s.b.a.mongo.embedded.EmbeddedMongo -
				2020-01-09T05:15:52.803+0000 I FTDC     [conn2] Shutting down full-time diagnostic data capture
2020-01-09 05:15:52 [Thread-5] INFO  o.s.w.c.s.GenericWebApplicationContext -
				Closing org.springframework.web.context.support.GenericWebApplicationContext@4fa1c212: startup date [Thu Jan 09 05:15:43 UTC 2020]; root of context hierarchy
2020-01-09 05:15:52 [Thread-3] INFO  o.s.b.a.mongo.embedded.EmbeddedMongo -
				2020-01-09T05:15:52.804+0000 I CONTROL  [conn2] now exiting
2020-01-09 05:15:52 [Thread-3] INFO  o.s.b.a.mongo.embedded.EmbeddedMongo -
				2020-01-09T05:15:52.805+0000 I NETWORK  [conn2] shutdown: going to close listening sockets...
2020-01-09 05:15:52 [Thread-3] INFO  o.s.b.a.mongo.embedded.EmbeddedMongo -
				2020-01-09T05:15:52.805+0000 I NETWORK  [conn2] closing listening socket: 5
2020-01-09 05:15:52 [Thread-3] INFO  o.s.b.a.mongo.embedded.EmbeddedMongo -
				2020-01-09T05:15:52.805+0000 I NETWORK  [conn2] closing listening socket: 6
2020-01-09 05:15:52 [Thread-3] INFO  o.s.b.a.mongo.embedded.EmbeddedMongo -
				2020-01-09T05:15:52.805+0000 I NETWORK  [conn2] removing socket file: /tmp/mongodb-35319.sock
2020-01-09 05:15:52 [Thread-3] INFO  o.s.b.a.mongo.embedded.EmbeddedMongo -
				2020-01-09T05:15:52.806+0000 I NETWORK  [conn2] shutdown: going to flush diaglog...
2020-01-09 05:15:52 [Thread-3] INFO  o.s.b.a.mongo.embedded.EmbeddedMongo -
				2020-01-09T05:15:52.806+0000 I NETWORK  [conn2] shutdown: going to close sockets...
2020-01-09 05:15:52 [Thread-3] INFO  o.s.b.a.mongo.embedded.EmbeddedMongo -
				2020-01-09T05:15:52.806+0000 I STORAGE  [conn2] WiredTigerKVEngine shutting down
2020-01-09 05:15:52 [Thread-5] INFO  o.s.c.s.DefaultLifecycleProcessor -
				Stopping beans in phase 2147483647
2020-01-09 05:15:52 [Thread-3] INFO  o.s.b.a.mongo.embedded.EmbeddedMongo -
				2020-01-09T05:15:52.813+0000 I NETWORK  [conn1] end connection 127.0.0.1:50956 (1 connection now open)
2020-01-09 05:15:52 [Thread-10] INFO  o.s.c.a.AnnotationConfigApplicationContext -
				Closing org.springframework.context.annotation.AnnotationConfigApplicationContext@61e14b53: startup date [Thu Jan 09 05:15:50 UTC 2020]; root of context hierarchy
2020-01-09 05:15:52 [Thread-8] INFO  o.s.b.a.mongo.embedded.EmbeddedMongo -
				2020-01-09T05:15:52.820+0000 I NETWORK  [initandlisten] connection accepted from 127.0.0.1:37318 #3 (3 connections now open)
2020-01-09 05:15:52 [Thread-12] INFO  o.s.w.c.s.GenericWebApplicationContext -
				Closing org.springframework.web.context.support.GenericWebApplicationContext@6febec41: startup date [Thu Jan 09 05:15:51 UTC 2020]; root of context hierarchy
2020-01-09 05:15:52 [Thread-3] INFO  o.s.b.a.mongo.embedded.EmbeddedMongo -
				2020-01-09T05:15:52.825+0000 I STORAGE  [conn2] shutdown: removing fs lock...
2020-01-09 05:15:52 [Thread-3] INFO  o.s.b.a.mongo.embedded.EmbeddedMongo -
				2020-01-09T05:15:52.825+0000 I CONTROL  [conn2] dbexit:  rc: 0
2020-01-09 05:15:52 [Thread-8] INFO  o.s.b.a.mongo.embedded.EmbeddedMongo -
				2020-01-09T05:15:52.830+0000 I COMMAND  [conn3] terminating, shutdown command received
2020-01-09 05:15:52 [Thread-8] INFO  o.s.b.a.mongo.embedded.EmbeddedMongo -
				2020-01-09T05:15:52.831+0000 I FTDC     [conn3] Shutting down full-time diagnostic data capture
2020-01-09 05:15:52 [Thread-10] INFO  org.mongodb.driver.connection -
				Closed connection [connectionId{localValue:3, serverValue:2}] to localhost:45575 because the pool has been closed.
2020-01-09 05:15:52 [Thread-8] INFO  o.s.b.a.mongo.embedded.EmbeddedMongo -
				2020-01-09T05:15:52.832+0000 I CONTROL  [conn3] now exiting
2020-01-09 05:15:52 [Thread-8] INFO  o.s.b.a.mongo.embedded.EmbeddedMongo -
				2020-01-09T05:15:52.832+0000 I NETWORK  [conn3] shutdown: going to close listening sockets...
2020-01-09 05:15:52 [Thread-8] INFO  o.s.b.a.mongo.embedded.EmbeddedMongo -
				2020-01-09T05:15:52.833+0000 I NETWORK  [conn3] closing listening socket: 5
2020-01-09 05:15:52 [Thread-8] INFO  o.s.b.a.mongo.embedded.EmbeddedMongo -
				2020-01-09T05:15:52.833+0000 I NETWORK  [conn3] closing listening socket: 6
2020-01-09 05:15:52 [Thread-8] INFO  o.s.b.a.mongo.embedded.EmbeddedMongo -
				2020-01-09T05:15:52.833+0000 I NETWORK  [conn3] removing socket file: /tmp/mongodb-45575.sock
2020-01-09 05:15:52 [Thread-8] INFO  o.s.b.a.mongo.embedded.EmbeddedMongo -
				2020-01-09T05:15:52.833+0000 I NETWORK  [conn3] shutdown: going to flush diaglog...
2020-01-09 05:15:52 [Thread-8] INFO  o.s.b.a.mongo.embedded.EmbeddedMongo -
				2020-01-09T05:15:52.833+0000 I NETWORK  [conn3] shutdown: going to close sockets...
2020-01-09 05:15:52 [Thread-8] INFO  o.s.b.a.mongo.embedded.EmbeddedMongo -
				2020-01-09T05:15:52.833+0000 I STORAGE  [conn3] WiredTigerKVEngine shutting down
2020-01-09 05:15:52 [Thread-8] INFO  o.s.b.a.mongo.embedded.EmbeddedMongo -
				2020-01-09T05:15:52.839+0000 I NETWORK  [conn1] end connection 127.0.0.1:37312 (2 connections now open)
2020-01-09 05:15:52 [Thread-8] INFO  o.s.b.a.mongo.embedded.EmbeddedMongo -
				2020-01-09T05:15:52.839+0000 I NETWORK  [conn2] end connection 127.0.0.1:37314 (2 connections now open)
2020-01-09 05:15:52 [Thread-8] INFO  o.s.b.a.mongo.embedded.EmbeddedMongo -
				2020-01-09T05:15:52.855+0000 I STORAGE  [conn3] shutdown: removing fs lock...
2020-01-09 05:15:52 [Thread-8] INFO  o.s.b.a.mongo.embedded.EmbeddedMongo -
				2020-01-09T05:15:52.855+0000 I CONTROL  [conn3] dbexit:  rc: 0
