2020-01-13 09:45:22 [main] INFO  c.s.keepnote.NoteServiceApplication -
				Starting NoteServiceApplication on ip-172-31-80-91 with PID 431 (/home/ubuntu/Desktop/Began/Spring_Workspace/KeepNote-Step6-Boilerplate/NoteService/target/classes started by ubuntu in /home/ubuntu/Desktop/Began/Spring_Workspace/KeepNote-Step6-Boilerplate/NoteService)
2020-01-13 09:45:22 [main] DEBUG c.s.keepnote.NoteServiceApplication -
				Running with Spring Boot v2.0.2.RELEASE, Spring v5.0.6.RELEASE
2020-01-13 09:45:22 [main] INFO  c.s.keepnote.NoteServiceApplication -
				No active profile set, falling back to default profiles: default
2020-01-13 09:45:22 [main] INFO  o.s.b.w.s.c.AnnotationConfigServletWebServerApplicationContext -
				Refreshing org.springframework.boot.web.servlet.context.AnnotationConfigServletWebServerApplicationContext@3c7c886c: startup date [Mon Jan 13 09:45:22 UTC 2020]; root of context hierarchy
2020-01-13 09:45:24 [main] INFO  o.s.b.w.e.tomcat.TomcatWebServer -
				Tomcat initialized with port(s): 8082 (http)
2020-01-13 09:45:24 [main] INFO  o.a.coyote.http11.Http11NioProtocol -
				Initializing ProtocolHandler ["http-nio-8082"]
2020-01-13 09:45:24 [main] INFO  o.a.catalina.core.StandardService -
				Starting service [Tomcat]
2020-01-13 09:45:24 [main] INFO  o.a.catalina.core.StandardEngine -
				Starting Servlet Engine: Apache Tomcat/8.5.31
2020-01-13 09:45:24 [localhost-startStop-1] INFO  o.a.c.core.AprLifecycleListener -
				The APR based Apache Tomcat Native library which allows optimal performance in production environments was not found on the java.library.path: [/usr/java/packages/lib/amd64:/usr/lib/x86_64-linux-gnu/jni:/lib/x86_64-linux-gnu:/usr/lib/x86_64-linux-gnu:/usr/lib/jni:/lib:/usr/lib]
2020-01-13 09:45:24 [localhost-startStop-1] INFO  o.a.c.c.C.[Tomcat].[localhost].[/] -
				Initializing Spring embedded WebApplicationContext
2020-01-13 09:45:24 [localhost-startStop-1] INFO  o.s.web.context.ContextLoader -
				Root WebApplicationContext: initialization completed in 1909 ms
2020-01-13 09:45:24 [localhost-startStop-1] INFO  o.s.b.w.s.FilterRegistrationBean -
				Mapping filter: 'characterEncodingFilter' to: [/*]
2020-01-13 09:45:24 [localhost-startStop-1] INFO  o.s.b.w.s.FilterRegistrationBean -
				Mapping filter: 'hiddenHttpMethodFilter' to: [/*]
2020-01-13 09:45:24 [localhost-startStop-1] INFO  o.s.b.w.s.FilterRegistrationBean -
				Mapping filter: 'httpPutFormContentFilter' to: [/*]
2020-01-13 09:45:24 [localhost-startStop-1] INFO  o.s.b.w.s.FilterRegistrationBean -
				Mapping filter: 'requestContextFilter' to: [/*]
2020-01-13 09:45:24 [localhost-startStop-1] INFO  o.s.b.w.s.FilterRegistrationBean -
				Mapping filter: 'jwtFilter' to urls: [/*]
2020-01-13 09:45:24 [localhost-startStop-1] INFO  o.s.b.w.s.ServletRegistrationBean -
				Servlet dispatcherServlet mapped to [/]
2020-01-13 09:45:24 [localhost-startStop-1] DEBUG c.s.keepnote.jwtfilter.JwtFilter -
				Initializing filter 'jwtFilter'
2020-01-13 09:45:24 [localhost-startStop-1] DEBUG c.s.keepnote.jwtfilter.JwtFilter -
				Filter 'jwtFilter' configured successfully
2020-01-13 09:45:25 [main] INFO  org.mongodb.driver.cluster -
				Cluster created with settings {hosts=[localhost:27017], mode=MULTIPLE, requiredClusterType=UNKNOWN, serverSelectionTimeout='30000 ms', maxWaitQueueSize=500}
2020-01-13 09:45:25 [main] INFO  org.mongodb.driver.cluster -
				Adding discovered server localhost:27017 to client view of cluster
2020-01-13 09:45:25 [cluster-ClusterId{value='5e1c3c35b512ec01af9e9965', description='null'}-localhost:27017] INFO  org.mongodb.driver.connection -
				Opened connection [connectionId{localValue:1, serverValue:29}] to localhost:27017
2020-01-13 09:45:25 [cluster-ClusterId{value='5e1c3c35b512ec01af9e9965', description='null'}-localhost:27017] INFO  org.mongodb.driver.cluster -
				Monitor thread successfully connected to server with description ServerDescription{address=localhost:27017, type=STANDALONE, state=CONNECTED, ok=true, version=ServerVersion{versionList=[3, 6, 2]}, minWireVersion=0, maxWireVersion=6, maxDocumentSize=16777216, logicalSessionTimeoutMinutes=30, roundTripTimeNanos=6325622}
2020-01-13 09:45:25 [cluster-ClusterId{value='5e1c3c35b512ec01af9e9965', description='null'}-localhost:27017] INFO  org.mongodb.driver.cluster -
				Discovered cluster type of STANDALONE
2020-01-13 09:45:26 [main] INFO  o.s.w.s.m.m.a.RequestMappingHandlerMapping -
				Mapped "{[/api/v1/note],methods=[POST]}" onto public org.springframework.http.ResponseEntity<?> com.stackroute.keepnote.controller.NoteController.addNote(com.stackroute.keepnote.model.Note)
2020-01-13 09:45:26 [main] INFO  o.s.w.s.m.m.a.RequestMappingHandlerMapping -
				Mapped "{[/api/v1/note/{userId}/{noteId}],methods=[DELETE]}" onto public org.springframework.http.ResponseEntity<?> com.stackroute.keepnote.controller.NoteController.deleteNote(java.lang.String,int)
2020-01-13 09:45:26 [main] INFO  o.s.w.s.m.m.a.RequestMappingHandlerMapping -
				Mapped "{[/api/v1/note/{userId}],methods=[DELETE]}" onto public org.springframework.http.ResponseEntity<?> com.stackroute.keepnote.controller.NoteController.deleteAllNotes(java.lang.String)
2020-01-13 09:45:26 [main] INFO  o.s.w.s.m.m.a.RequestMappingHandlerMapping -
				Mapped "{[/api/v1/note/{userId}/{noteId}],methods=[PUT]}" onto public org.springframework.http.ResponseEntity<?> com.stackroute.keepnote.controller.NoteController.updateNote(com.stackroute.keepnote.model.Note,java.lang.String,int)
2020-01-13 09:45:26 [main] INFO  o.s.w.s.m.m.a.RequestMappingHandlerMapping -
				Mapped "{[/api/v1/note/{userId}],methods=[GET]}" onto public org.springframework.http.ResponseEntity<?> com.stackroute.keepnote.controller.NoteController.getAllNotesByUserId(java.lang.String)
2020-01-13 09:45:26 [main] INFO  o.s.w.s.m.m.a.RequestMappingHandlerMapping -
				Mapped "{[/api/v1/note/{userId}/{noteId}],methods=[GET]}" onto public org.springframework.http.ResponseEntity<?> com.stackroute.keepnote.controller.NoteController.getNoteById(java.lang.String,int)
2020-01-13 09:45:26 [main] INFO  o.s.w.s.m.m.a.RequestMappingHandlerMapping -
				Mapped "{[/swagger-resources]}" onto public org.springframework.http.ResponseEntity<java.util.List<springfox.documentation.swagger.web.SwaggerResource>> springfox.documentation.swagger.web.ApiResourceController.swaggerResources()
2020-01-13 09:45:26 [main] INFO  o.s.w.s.m.m.a.RequestMappingHandlerMapping -
				Mapped "{[/swagger-resources/configuration/security]}" onto public org.springframework.http.ResponseEntity<springfox.documentation.swagger.web.SecurityConfiguration> springfox.documentation.swagger.web.ApiResourceController.securityConfiguration()
2020-01-13 09:45:26 [main] INFO  o.s.w.s.m.m.a.RequestMappingHandlerMapping -
				Mapped "{[/swagger-resources/configuration/ui]}" onto public org.springframework.http.ResponseEntity<springfox.documentation.swagger.web.UiConfiguration> springfox.documentation.swagger.web.ApiResourceController.uiConfiguration()
2020-01-13 09:45:26 [main] INFO  o.s.w.s.m.m.a.RequestMappingHandlerMapping -
				Mapped "{[/error],produces=[text/html]}" onto public org.springframework.web.servlet.ModelAndView org.springframework.boot.autoconfigure.web.servlet.error.BasicErrorController.errorHtml(javax.servlet.http.HttpServletRequest,javax.servlet.http.HttpServletResponse)
2020-01-13 09:45:26 [main] INFO  o.s.w.s.m.m.a.RequestMappingHandlerMapping -
				Mapped "{[/error]}" onto public org.springframework.http.ResponseEntity<java.util.Map<java.lang.String, java.lang.Object>> org.springframework.boot.autoconfigure.web.servlet.error.BasicErrorController.error(javax.servlet.http.HttpServletRequest)
2020-01-13 09:45:26 [main] INFO  s.d.s.w.PropertySourcedRequestMappingHandlerMapping -
				Mapped URL path [/v2/api-docs] onto method [public org.springframework.http.ResponseEntity<springfox.documentation.spring.web.json.Json> springfox.documentation.swagger2.web.Swagger2Controller.getDocumentation(java.lang.String,javax.servlet.http.HttpServletRequest)]
2020-01-13 09:45:26 [main] INFO  o.s.w.s.h.SimpleUrlHandlerMapping -
				Mapped URL path [/**/favicon.ico] onto handler of type [class org.springframework.web.servlet.resource.ResourceHttpRequestHandler]
2020-01-13 09:45:27 [main] INFO  o.s.w.s.m.m.a.RequestMappingHandlerAdapter -
				Looking for @ControllerAdvice: org.springframework.boot.web.servlet.context.AnnotationConfigServletWebServerApplicationContext@3c7c886c: startup date [Mon Jan 13 09:45:22 UTC 2020]; root of context hierarchy
2020-01-13 09:45:27 [main] INFO  o.s.w.s.h.SimpleUrlHandlerMapping -
				Mapped URL path [/webjars/**] onto handler of type [class org.springframework.web.servlet.resource.ResourceHttpRequestHandler]
2020-01-13 09:45:27 [main] INFO  o.s.w.s.h.SimpleUrlHandlerMapping -
				Mapped URL path [/**] onto handler of type [class org.springframework.web.servlet.resource.ResourceHttpRequestHandler]
2020-01-13 09:45:27 [main] INFO  o.s.j.e.a.AnnotationMBeanExporter -
				Registering beans for JMX exposure on startup
2020-01-13 09:45:27 [main] INFO  o.s.c.s.DefaultLifecycleProcessor -
				Starting beans in phase 2147483647
2020-01-13 09:45:27 [main] INFO  s.d.s.w.p.DocumentationPluginsBootstrapper -
				Context refreshed
2020-01-13 09:45:27 [main] INFO  s.d.s.w.p.DocumentationPluginsBootstrapper -
				Found 1 custom documentation plugin(s)
2020-01-13 09:45:27 [main] INFO  s.d.s.w.s.ApiListingReferenceScanner -
				Scanning for api listing references
2020-01-13 09:45:27 [main] INFO  o.a.coyote.http11.Http11NioProtocol -
				Starting ProtocolHandler ["http-nio-8082"]
2020-01-13 09:45:27 [main] INFO  o.a.tomcat.util.net.NioSelectorPool -
				Using a shared selector for servlet write/read
2020-01-13 09:45:27 [main] INFO  o.s.b.w.e.tomcat.TomcatWebServer -
				Tomcat started on port(s): 8082 (http) with context path ''
2020-01-13 09:45:27 [main] INFO  c.s.keepnote.NoteServiceApplication -
				Started NoteServiceApplication in 6.117 seconds (JVM running for 7.433)
2020-01-13 09:46:04 [http-nio-8082-exec-1] INFO  o.a.c.c.C.[Tomcat].[localhost].[/] -
				Initializing Spring FrameworkServlet 'dispatcherServlet'
2020-01-13 09:46:04 [http-nio-8082-exec-1] INFO  o.s.web.servlet.DispatcherServlet -
				FrameworkServlet 'dispatcherServlet': initialization started
2020-01-13 09:46:04 [http-nio-8082-exec-1] INFO  o.s.web.servlet.DispatcherServlet -
				FrameworkServlet 'dispatcherServlet': initialization completed in 33 ms
2020-01-13 09:46:52 [http-nio-8082-exec-1] INFO  c.s.keepnote.aspectj.LoggingAspect -
				Inside Before 
2020-01-13 09:46:52 [http-nio-8082-exec-1] INFO  org.mongodb.driver.connection -
				Opened connection [connectionId{localValue:2, serverValue:30}] to localhost:27017
2020-01-13 09:46:52 [http-nio-8082-exec-1] INFO  c.s.keepnote.aspectj.LoggingAspect -
				Inside Before 
2020-01-13 09:46:52 [http-nio-8082-exec-1] INFO  c.s.keepnote.aspectj.LoggingAspect -
				Inside the afterReturningAdvice
2020-01-13 09:48:36 [http-nio-8082-exec-2] INFO  c.s.keepnote.aspectj.LoggingAspect -
				Inside Before 
2020-01-13 09:48:36 [http-nio-8082-exec-2] INFO  c.s.keepnote.aspectj.LoggingAspect -
				Inside Before 
2020-01-13 09:48:36 [http-nio-8082-exec-2] INFO  c.s.keepnote.aspectj.LoggingAspect -
				Inside the afterReturningAdvice
2020-01-13 09:50:20 [http-nio-8082-exec-5] INFO  c.s.keepnote.aspectj.LoggingAspect -
				Inside Before 
2020-01-13 09:50:20 [http-nio-8082-exec-5] INFO  c.s.keepnote.aspectj.LoggingAspect -
				Inside Before 
2020-01-13 09:50:20 [http-nio-8082-exec-5] INFO  c.s.keepnote.aspectj.LoggingAspect -
				Inside the afterReturningAdvice
2020-01-13 09:50:49 [http-nio-8082-exec-7] INFO  c.s.keepnote.aspectj.LoggingAspect -
				Inside Before 
2020-01-13 09:50:49 [http-nio-8082-exec-7] INFO  c.s.keepnote.aspectj.LoggingAspect -
				Inside Before 
2020-01-13 09:50:49 [http-nio-8082-exec-7] INFO  c.s.keepnote.aspectj.LoggingAspect -
				Inside the afterReturningAdvice
2020-01-13 09:51:26 [http-nio-8082-exec-6] INFO  c.s.keepnote.aspectj.LoggingAspect -
				Inside Before 
2020-01-13 09:51:26 [http-nio-8082-exec-6] INFO  c.s.keepnote.aspectj.LoggingAspect -
				Inside Before 
2020-01-13 09:51:26 [http-nio-8082-exec-6] INFO  c.s.keepnote.aspectj.LoggingAspect -
				Inside the afterReturningAdvice
2020-01-13 09:51:44 [http-nio-8082-exec-9] INFO  c.s.keepnote.aspectj.LoggingAspect -
				Inside Before 
2020-01-13 09:51:44 [http-nio-8082-exec-9] INFO  c.s.keepnote.aspectj.LoggingAspect -
				Inside Before 
2020-01-13 09:51:44 [http-nio-8082-exec-9] INFO  c.s.keepnote.aspectj.LoggingAspect -
				Inside the afterReturningAdvice
2020-01-13 09:52:42 [http-nio-8082-exec-10] WARN  o.s.w.s.m.s.DefaultHandlerExceptionResolver -
				Failed to read HTTP message: org.springframework.http.converter.HttpMessageNotReadableException: JSON parse error: Cannot deserialize value of type `java.util.Date` from String "today": not a valid representation (error: Failed to parse Date value 'today': Cannot parse date "today": not compatible with any of standard forms ("yyyy-MM-dd'T'HH:mm:ss.SSSZ", "yyyy-MM-dd'T'HH:mm:ss.SSS", "EEE, dd MMM yyyy HH:mm:ss zzz", "yyyy-MM-dd")); nested exception is com.fasterxml.jackson.databind.exc.InvalidFormatException: Cannot deserialize value of type `java.util.Date` from String "today": not a valid representation (error: Failed to parse Date value 'today': Cannot parse date "today": not compatible with any of standard forms ("yyyy-MM-dd'T'HH:mm:ss.SSSZ", "yyyy-MM-dd'T'HH:mm:ss.SSS", "EEE, dd MMM yyyy HH:mm:ss zzz", "yyyy-MM-dd"))
 at [Source: (PushbackInputStream); line: 1, column: 118] (through reference chain: com.stackroute.keepnote.model.Note["noteCreationDate"])
2020-01-13 09:54:05 [http-nio-8082-exec-1] WARN  o.s.w.s.m.s.DefaultHandlerExceptionResolver -
				Failed to read HTTP message: org.springframework.http.converter.HttpMessageNotReadableException: JSON parse error: Cannot deserialize value of type `java.util.Date` from String "fdskj": not a valid representation (error: Failed to parse Date value 'fdskj': Cannot parse date "fdskj": not compatible with any of standard forms ("yyyy-MM-dd'T'HH:mm:ss.SSSZ", "yyyy-MM-dd'T'HH:mm:ss.SSS", "EEE, dd MMM yyyy HH:mm:ss zzz", "yyyy-MM-dd")); nested exception is com.fasterxml.jackson.databind.exc.InvalidFormatException: Cannot deserialize value of type `java.util.Date` from String "fdskj": not a valid representation (error: Failed to parse Date value 'fdskj': Cannot parse date "fdskj": not compatible with any of standard forms ("yyyy-MM-dd'T'HH:mm:ss.SSSZ", "yyyy-MM-dd'T'HH:mm:ss.SSS", "EEE, dd MMM yyyy HH:mm:ss zzz", "yyyy-MM-dd"))
 at [Source: (PushbackInputStream); line: 1, column: 114] (through reference chain: com.stackroute.keepnote.model.Note["noteCreationDate"])
2020-01-13 09:54:50 [http-nio-8082-exec-3] WARN  o.s.w.s.m.s.DefaultHandlerExceptionResolver -
				Failed to read HTTP message: org.springframework.http.converter.HttpMessageNotReadableException: JSON parse error: Cannot deserialize value of type `java.util.Date` from String "sasa": not a valid representation (error: Failed to parse Date value 'sasa': Cannot parse date "sasa": not compatible with any of standard forms ("yyyy-MM-dd'T'HH:mm:ss.SSSZ", "yyyy-MM-dd'T'HH:mm:ss.SSS", "EEE, dd MMM yyyy HH:mm:ss zzz", "yyyy-MM-dd")); nested exception is com.fasterxml.jackson.databind.exc.InvalidFormatException: Cannot deserialize value of type `java.util.Date` from String "sasa": not a valid representation (error: Failed to parse Date value 'sasa': Cannot parse date "sasa": not compatible with any of standard forms ("yyyy-MM-dd'T'HH:mm:ss.SSSZ", "yyyy-MM-dd'T'HH:mm:ss.SSS", "EEE, dd MMM yyyy HH:mm:ss zzz", "yyyy-MM-dd"))
 at [Source: (PushbackInputStream); line: 1, column: 116] (through reference chain: com.stackroute.keepnote.model.Note["noteCreationDate"])
2020-01-13 09:57:26 [http-nio-8082-exec-2] INFO  c.s.keepnote.aspectj.LoggingAspect -
				Inside Before 
2020-01-13 09:57:26 [http-nio-8082-exec-2] INFO  c.s.keepnote.aspectj.LoggingAspect -
				Inside Before 
2020-01-13 09:57:26 [http-nio-8082-exec-2] INFO  c.s.keepnote.aspectj.LoggingAspect -
				Inside the afterReturningAdvice
2020-01-13 09:58:39 [http-nio-8082-exec-5] INFO  c.s.keepnote.aspectj.LoggingAspect -
				Inside Before 
2020-01-13 09:58:39 [http-nio-8082-exec-5] INFO  c.s.keepnote.aspectj.LoggingAspect -
				Inside Before 
2020-01-13 09:58:39 [http-nio-8082-exec-5] INFO  c.s.keepnote.aspectj.LoggingAspect -
				Inside the afterReturningAdvice
2020-01-13 09:58:46 [http-nio-8082-exec-6] WARN  o.s.web.servlet.PageNotFound -
				Request method 'PUT' not supported
2020-01-13 09:59:45 [http-nio-8082-exec-9] INFO  c.s.keepnote.aspectj.LoggingAspect -
				Inside Before 
2020-01-13 09:59:45 [http-nio-8082-exec-9] INFO  c.s.keepnote.aspectj.LoggingAspect -
				Inside Before 
2020-01-13 09:59:45 [http-nio-8082-exec-9] INFO  c.s.keepnote.aspectj.LoggingAspect -
				Inside the afterReturningAdvice
2020-01-13 10:00:37 [http-nio-8082-exec-8] INFO  c.s.keepnote.aspectj.LoggingAspect -
				Inside Before 
2020-01-13 10:00:37 [http-nio-8082-exec-8] INFO  c.s.keepnote.aspectj.LoggingAspect -
				Inside Before 
2020-01-13 10:00:37 [http-nio-8082-exec-8] INFO  c.s.keepnote.aspectj.LoggingAspect -
				Inside the afterReturningAdvice
2020-01-13 10:00:43 [http-nio-8082-exec-1] WARN  o.s.web.servlet.PageNotFound -
				Request method 'PUT' not supported
2020-01-13 10:01:19 [RMI TCP Connection(25)-127.0.0.1] INFO  o.s.b.a.SpringApplicationAdminMXBeanRegistrar$SpringApplicationAdmin -
				Application shutdown requested.
2020-01-13 10:01:19 [RMI TCP Connection(25)-127.0.0.1] INFO  o.s.b.w.s.c.AnnotationConfigServletWebServerApplicationContext -
				Closing org.springframework.boot.web.servlet.context.AnnotationConfigServletWebServerApplicationContext@3c7c886c: startup date [Mon Jan 13 09:45:22 UTC 2020]; root of context hierarchy
2020-01-13 10:01:19 [RMI TCP Connection(25)-127.0.0.1] INFO  o.s.c.s.DefaultLifecycleProcessor -
				Stopping beans in phase 2147483647
2020-01-13 10:01:19 [RMI TCP Connection(25)-127.0.0.1] INFO  o.s.j.e.a.AnnotationMBeanExporter -
				Unregistering JMX-exposed beans on shutdown
2020-01-13 10:01:19 [RMI TCP Connection(25)-127.0.0.1] INFO  org.mongodb.driver.connection -
				Closed connection [connectionId{localValue:2, serverValue:30}] to localhost:27017 because the pool has been closed.
