2020-01-13 11:32:10 [main] INFO  c.s.keepnote.NoteServiceApplication -
				Starting NoteServiceApplication on ip-172-31-80-91 with PID 7007 (/home/ubuntu/Desktop/Began/Spring_Workspace/KeepNote-Step6-Boilerplate/NoteService/target/classes started by ubuntu in /home/ubuntu/Desktop/Began/Spring_Workspace/KeepNote-Step6-Boilerplate/NoteService)
2020-01-13 11:32:10 [main] DEBUG c.s.keepnote.NoteServiceApplication -
				Running with Spring Boot v2.0.2.RELEASE, Spring v5.0.6.RELEASE
2020-01-13 11:32:10 [main] INFO  c.s.keepnote.NoteServiceApplication -
				No active profile set, falling back to default profiles: default
2020-01-13 11:32:10 [main] INFO  o.s.b.w.s.c.AnnotationConfigServletWebServerApplicationContext -
				Refreshing org.springframework.boot.web.servlet.context.AnnotationConfigServletWebServerApplicationContext@7b98f307: startup date [Mon Jan 13 11:32:10 UTC 2020]; root of context hierarchy
2020-01-13 11:32:12 [main] INFO  o.s.b.w.e.tomcat.TomcatWebServer -
				Tomcat initialized with port(s): 8082 (http)
2020-01-13 11:32:12 [main] INFO  o.a.coyote.http11.Http11NioProtocol -
				Initializing ProtocolHandler ["http-nio-8082"]
2020-01-13 11:32:12 [main] INFO  o.a.catalina.core.StandardService -
				Starting service [Tomcat]
2020-01-13 11:32:12 [main] INFO  o.a.catalina.core.StandardEngine -
				Starting Servlet Engine: Apache Tomcat/8.5.31
2020-01-13 11:32:12 [localhost-startStop-1] INFO  o.a.c.core.AprLifecycleListener -
				The APR based Apache Tomcat Native library which allows optimal performance in production environments was not found on the java.library.path: [/usr/java/packages/lib/amd64:/usr/lib/x86_64-linux-gnu/jni:/lib/x86_64-linux-gnu:/usr/lib/x86_64-linux-gnu:/usr/lib/jni:/lib:/usr/lib]
2020-01-13 11:32:12 [localhost-startStop-1] INFO  o.a.c.c.C.[Tomcat].[localhost].[/] -
				Initializing Spring embedded WebApplicationContext
2020-01-13 11:32:12 [localhost-startStop-1] INFO  o.s.web.context.ContextLoader -
				Root WebApplicationContext: initialization completed in 1611 ms
2020-01-13 11:32:12 [localhost-startStop-1] INFO  o.s.b.w.s.FilterRegistrationBean -
				Mapping filter: 'characterEncodingFilter' to: [/*]
2020-01-13 11:32:12 [localhost-startStop-1] INFO  o.s.b.w.s.FilterRegistrationBean -
				Mapping filter: 'hiddenHttpMethodFilter' to: [/*]
2020-01-13 11:32:12 [localhost-startStop-1] INFO  o.s.b.w.s.FilterRegistrationBean -
				Mapping filter: 'httpPutFormContentFilter' to: [/*]
2020-01-13 11:32:12 [localhost-startStop-1] INFO  o.s.b.w.s.FilterRegistrationBean -
				Mapping filter: 'requestContextFilter' to: [/*]
2020-01-13 11:32:12 [localhost-startStop-1] INFO  o.s.b.w.s.FilterRegistrationBean -
				Mapping filter: 'jwtFilter' to urls: [/*]
2020-01-13 11:32:12 [localhost-startStop-1] INFO  o.s.b.w.s.ServletRegistrationBean -
				Servlet dispatcherServlet mapped to [/]
2020-01-13 11:32:12 [localhost-startStop-1] DEBUG c.s.keepnote.jwtfilter.JwtFilter -
				Initializing filter 'jwtFilter'
2020-01-13 11:32:12 [localhost-startStop-1] DEBUG c.s.keepnote.jwtfilter.JwtFilter -
				Filter 'jwtFilter' configured successfully
2020-01-13 11:32:13 [main] INFO  org.mongodb.driver.cluster -
				Cluster created with settings {hosts=[localhost:27017], mode=MULTIPLE, requiredClusterType=UNKNOWN, serverSelectionTimeout='30000 ms', maxWaitQueueSize=500}
2020-01-13 11:32:13 [main] INFO  org.mongodb.driver.cluster -
				Adding discovered server localhost:27017 to client view of cluster
2020-01-13 11:32:13 [cluster-ClusterId{value='5e1c553db512ec1b5f51dc04', description='null'}-localhost:27017] INFO  org.mongodb.driver.connection -
				Opened connection [connectionId{localValue:1, serverValue:46}] to localhost:27017
2020-01-13 11:32:13 [cluster-ClusterId{value='5e1c553db512ec1b5f51dc04', description='null'}-localhost:27017] INFO  org.mongodb.driver.cluster -
				Monitor thread successfully connected to server with description ServerDescription{address=localhost:27017, type=STANDALONE, state=CONNECTED, ok=true, version=ServerVersion{versionList=[3, 6, 2]}, minWireVersion=0, maxWireVersion=6, maxDocumentSize=16777216, logicalSessionTimeoutMinutes=30, roundTripTimeNanos=13813083}
2020-01-13 11:32:13 [cluster-ClusterId{value='5e1c553db512ec1b5f51dc04', description='null'}-localhost:27017] INFO  org.mongodb.driver.cluster -
				Discovered cluster type of STANDALONE
2020-01-13 11:32:14 [main] INFO  o.s.w.s.m.m.a.RequestMappingHandlerMapping -
				Mapped "{[/api/v1/note/{userId}/{noteId}],methods=[DELETE]}" onto public org.springframework.http.ResponseEntity<?> com.stackroute.keepnote.controller.NoteController.deleteNote(java.lang.String,int)
2020-01-13 11:32:14 [main] INFO  o.s.w.s.m.m.a.RequestMappingHandlerMapping -
				Mapped "{[/api/v1/note/{userId}],methods=[DELETE]}" onto public org.springframework.http.ResponseEntity<?> com.stackroute.keepnote.controller.NoteController.deleteAllNotes(java.lang.String)
2020-01-13 11:32:14 [main] INFO  o.s.w.s.m.m.a.RequestMappingHandlerMapping -
				Mapped "{[/api/v1/note/{userId}/{noteId}],methods=[PUT]}" onto public org.springframework.http.ResponseEntity<?> com.stackroute.keepnote.controller.NoteController.updateNote(com.stackroute.keepnote.model.Note,java.lang.String,int)
2020-01-13 11:32:14 [main] INFO  o.s.w.s.m.m.a.RequestMappingHandlerMapping -
				Mapped "{[/api/v1/note/{userId}],methods=[GET]}" onto public org.springframework.http.ResponseEntity<?> com.stackroute.keepnote.controller.NoteController.getAllNotesByUserId(java.lang.String)
2020-01-13 11:32:14 [main] INFO  o.s.w.s.m.m.a.RequestMappingHandlerMapping -
				Mapped "{[/api/v1/note/{userId}/{noteId}],methods=[GET]}" onto public org.springframework.http.ResponseEntity<?> com.stackroute.keepnote.controller.NoteController.getNoteById(java.lang.String,int)
2020-01-13 11:32:14 [main] INFO  o.s.w.s.m.m.a.RequestMappingHandlerMapping -
				Mapped "{[/api/v1/note],methods=[POST]}" onto public org.springframework.http.ResponseEntity<?> com.stackroute.keepnote.controller.NoteController.addNote(com.stackroute.keepnote.model.Note)
2020-01-13 11:32:14 [main] INFO  o.s.w.s.m.m.a.RequestMappingHandlerMapping -
				Mapped "{[/swagger-resources/configuration/ui]}" onto public org.springframework.http.ResponseEntity<springfox.documentation.swagger.web.UiConfiguration> springfox.documentation.swagger.web.ApiResourceController.uiConfiguration()
2020-01-13 11:32:14 [main] INFO  o.s.w.s.m.m.a.RequestMappingHandlerMapping -
				Mapped "{[/swagger-resources/configuration/security]}" onto public org.springframework.http.ResponseEntity<springfox.documentation.swagger.web.SecurityConfiguration> springfox.documentation.swagger.web.ApiResourceController.securityConfiguration()
2020-01-13 11:32:14 [main] INFO  o.s.w.s.m.m.a.RequestMappingHandlerMapping -
				Mapped "{[/swagger-resources]}" onto public org.springframework.http.ResponseEntity<java.util.List<springfox.documentation.swagger.web.SwaggerResource>> springfox.documentation.swagger.web.ApiResourceController.swaggerResources()
2020-01-13 11:32:14 [main] INFO  o.s.w.s.m.m.a.RequestMappingHandlerMapping -
				Mapped "{[/error],produces=[text/html]}" onto public org.springframework.web.servlet.ModelAndView org.springframework.boot.autoconfigure.web.servlet.error.BasicErrorController.errorHtml(javax.servlet.http.HttpServletRequest,javax.servlet.http.HttpServletResponse)
2020-01-13 11:32:14 [main] INFO  o.s.w.s.m.m.a.RequestMappingHandlerMapping -
				Mapped "{[/error]}" onto public org.springframework.http.ResponseEntity<java.util.Map<java.lang.String, java.lang.Object>> org.springframework.boot.autoconfigure.web.servlet.error.BasicErrorController.error(javax.servlet.http.HttpServletRequest)
2020-01-13 11:32:14 [main] INFO  s.d.s.w.PropertySourcedRequestMappingHandlerMapping -
				Mapped URL path [/v2/api-docs] onto method [public org.springframework.http.ResponseEntity<springfox.documentation.spring.web.json.Json> springfox.documentation.swagger2.web.Swagger2Controller.getDocumentation(java.lang.String,javax.servlet.http.HttpServletRequest)]
2020-01-13 11:32:14 [main] INFO  o.s.w.s.h.SimpleUrlHandlerMapping -
				Mapped URL path [/**/favicon.ico] onto handler of type [class org.springframework.web.servlet.resource.ResourceHttpRequestHandler]
2020-01-13 11:32:14 [main] INFO  o.s.w.s.m.m.a.RequestMappingHandlerAdapter -
				Looking for @ControllerAdvice: org.springframework.boot.web.servlet.context.AnnotationConfigServletWebServerApplicationContext@7b98f307: startup date [Mon Jan 13 11:32:10 UTC 2020]; root of context hierarchy
2020-01-13 11:32:14 [main] INFO  o.s.w.s.h.SimpleUrlHandlerMapping -
				Mapped URL path [/webjars/**] onto handler of type [class org.springframework.web.servlet.resource.ResourceHttpRequestHandler]
2020-01-13 11:32:14 [main] INFO  o.s.w.s.h.SimpleUrlHandlerMapping -
				Mapped URL path [/**] onto handler of type [class org.springframework.web.servlet.resource.ResourceHttpRequestHandler]
2020-01-13 11:32:14 [main] INFO  o.s.j.e.a.AnnotationMBeanExporter -
				Registering beans for JMX exposure on startup
2020-01-13 11:32:14 [main] INFO  o.s.c.s.DefaultLifecycleProcessor -
				Starting beans in phase 2147483647
2020-01-13 11:32:14 [main] INFO  s.d.s.w.p.DocumentationPluginsBootstrapper -
				Context refreshed
2020-01-13 11:32:14 [main] INFO  s.d.s.w.p.DocumentationPluginsBootstrapper -
				Found 1 custom documentation plugin(s)
2020-01-13 11:32:15 [main] INFO  s.d.s.w.s.ApiListingReferenceScanner -
				Scanning for api listing references
2020-01-13 11:32:15 [main] INFO  o.a.coyote.http11.Http11NioProtocol -
				Starting ProtocolHandler ["http-nio-8082"]
2020-01-13 11:32:15 [main] INFO  o.a.tomcat.util.net.NioSelectorPool -
				Using a shared selector for servlet write/read
2020-01-13 11:32:15 [main] INFO  o.s.b.w.e.tomcat.TomcatWebServer -
				Tomcat started on port(s): 8082 (http) with context path ''
2020-01-13 11:32:15 [main] INFO  c.s.keepnote.NoteServiceApplication -
				Started NoteServiceApplication in 4.699 seconds (JVM running for 5.514)
2020-01-13 11:32:23 [http-nio-8082-exec-1] INFO  o.a.c.c.C.[Tomcat].[localhost].[/] -
				Initializing Spring FrameworkServlet 'dispatcherServlet'
2020-01-13 11:32:23 [http-nio-8082-exec-1] INFO  o.s.web.servlet.DispatcherServlet -
				FrameworkServlet 'dispatcherServlet': initialization started
2020-01-13 11:32:23 [http-nio-8082-exec-1] INFO  o.s.web.servlet.DispatcherServlet -
				FrameworkServlet 'dispatcherServlet': initialization completed in 35 ms
2020-01-13 11:32:23 [http-nio-8082-exec-1] INFO  c.s.keepnote.aspectj.LoggingAspect -
				Inside Before 
2020-01-13 11:32:23 [http-nio-8082-exec-1] INFO  org.mongodb.driver.connection -
				Opened connection [connectionId{localValue:2, serverValue:47}] to localhost:27017
2020-01-13 11:32:23 [http-nio-8082-exec-1] INFO  c.s.keepnote.aspectj.LoggingAspect -
				Inside Before 
2020-01-13 11:32:23 [http-nio-8082-exec-1] INFO  c.s.keepnote.aspectj.LoggingAspect -
				Inside the afterReturningAdvice
2020-01-13 11:32:35 [http-nio-8082-exec-4] INFO  c.s.keepnote.aspectj.LoggingAspect -
				Inside Before 
2020-01-13 11:32:35 [http-nio-8082-exec-4] INFO  c.s.keepnote.aspectj.LoggingAspect -
				Inside Before 
2020-01-13 11:32:35 [http-nio-8082-exec-4] INFO  c.s.keepnote.aspectj.LoggingAspect -
				Inside the afterReturningAdvice
2020-01-13 11:33:01 [http-nio-8082-exec-5] INFO  c.s.keepnote.aspectj.LoggingAspect -
				Inside Before 
2020-01-13 11:33:01 [http-nio-8082-exec-5] INFO  c.s.keepnote.aspectj.LoggingAspect -
				Inside Before 
2020-01-13 11:33:01 [http-nio-8082-exec-5] INFO  c.s.keepnote.aspectj.LoggingAspect -
				Inside the afterReturningAdvice
2020-01-13 11:37:58 [http-nio-8082-exec-6] INFO  c.s.keepnote.aspectj.LoggingAspect -
				Inside Before 
2020-01-13 11:37:58 [http-nio-8082-exec-6] INFO  c.s.keepnote.aspectj.LoggingAspect -
				Inside Before 
2020-01-13 11:37:58 [http-nio-8082-exec-6] INFO  c.s.keepnote.aspectj.LoggingAspect -
				Inside the afterReturningAdvice
2020-01-13 11:38:55 [http-nio-8082-exec-8] INFO  c.s.keepnote.aspectj.LoggingAspect -
				Inside Before 
2020-01-13 11:38:55 [http-nio-8082-exec-8] INFO  c.s.keepnote.aspectj.LoggingAspect -
				Inside Before 
2020-01-13 11:38:55 [http-nio-8082-exec-8] INFO  c.s.keepnote.aspectj.LoggingAspect -
				Inside the afterReturningAdvice
2020-01-13 11:39:00 [http-nio-8082-exec-9] INFO  c.s.keepnote.aspectj.LoggingAspect -
				Inside Before 
2020-01-13 11:39:00 [http-nio-8082-exec-9] INFO  c.s.keepnote.aspectj.LoggingAspect -
				Inside Before 
2020-01-13 11:39:00 [http-nio-8082-exec-9] INFO  c.s.keepnote.aspectj.LoggingAspect -
				Inside the afterReturningAdvice
2020-01-13 11:39:14 [http-nio-8082-exec-10] INFO  c.s.keepnote.aspectj.LoggingAspect -
				Inside Before 
2020-01-13 11:39:14 [http-nio-8082-exec-10] INFO  c.s.keepnote.aspectj.LoggingAspect -
				Inside Before 
2020-01-13 11:39:14 [http-nio-8082-exec-10] INFO  c.s.keepnote.aspectj.LoggingAspect -
				Inside the afterReturningAdvice
2020-01-13 11:40:11 [http-nio-8082-exec-1] INFO  c.s.keepnote.aspectj.LoggingAspect -
				Inside Before 
2020-01-13 11:40:11 [http-nio-8082-exec-1] INFO  c.s.keepnote.aspectj.LoggingAspect -
				Inside Before 
2020-01-13 11:40:11 [http-nio-8082-exec-1] INFO  c.s.keepnote.aspectj.LoggingAspect -
				Inside the afterReturningAdvice
2020-01-13 11:40:23 [http-nio-8082-exec-2] INFO  c.s.keepnote.aspectj.LoggingAspect -
				Inside Before 
2020-01-13 11:40:23 [http-nio-8082-exec-2] INFO  c.s.keepnote.aspectj.LoggingAspect -
				Inside Before 
2020-01-13 11:40:23 [http-nio-8082-exec-2] INFO  c.s.keepnote.aspectj.LoggingAspect -
				Inside the afterReturningAdvice
2020-01-13 11:41:08 [http-nio-8082-exec-4] INFO  c.s.keepnote.aspectj.LoggingAspect -
				Inside Before 
2020-01-13 11:41:08 [http-nio-8082-exec-4] INFO  c.s.keepnote.aspectj.LoggingAspect -
				Inside Before 
2020-01-13 11:41:08 [http-nio-8082-exec-4] INFO  c.s.keepnote.aspectj.LoggingAspect -
				Inside the afterReturningAdvice
2020-01-13 11:41:40 [http-nio-8082-exec-3] INFO  c.s.keepnote.aspectj.LoggingAspect -
				Inside Before 
2020-01-13 11:41:40 [http-nio-8082-exec-3] INFO  c.s.keepnote.aspectj.LoggingAspect -
				Inside Before 
2020-01-13 11:41:40 [http-nio-8082-exec-3] INFO  c.s.keepnote.aspectj.LoggingAspect -
				Inside the afterReturningAdvice
2020-01-13 11:42:39 [http-nio-8082-exec-5] INFO  c.s.keepnote.aspectj.LoggingAspect -
				Inside Before 
2020-01-13 11:42:39 [http-nio-8082-exec-5] INFO  c.s.keepnote.aspectj.LoggingAspect -
				Inside Before 
2020-01-13 11:42:39 [http-nio-8082-exec-5] INFO  c.s.keepnote.aspectj.LoggingAspect -
				Inside the afterReturningAdvice
2020-01-13 11:42:46 [http-nio-8082-exec-6] WARN  o.s.w.s.m.s.DefaultHandlerExceptionResolver -
				Failed to bind request element: org.springframework.web.method.annotation.MethodArgumentTypeMismatchException: Failed to convert value of type 'java.lang.String' to required type 'int'; nested exception is java.lang.NumberFormatException: For input string: "$noteId"
2020-01-13 11:43:11 [http-nio-8082-exec-8] INFO  c.s.keepnote.aspectj.LoggingAspect -
				Inside Before 
2020-01-13 11:43:11 [http-nio-8082-exec-8] INFO  c.s.keepnote.aspectj.LoggingAspect -
				Inside Before 
2020-01-13 11:43:11 [http-nio-8082-exec-8] INFO  c.s.keepnote.aspectj.LoggingAspect -
				Inside the afterReturningAdvice
2020-01-13 11:43:21 [http-nio-8082-exec-10] WARN  o.s.w.s.m.s.DefaultHandlerExceptionResolver -
				Failed to bind request element: org.springframework.web.method.annotation.MethodArgumentTypeMismatchException: Failed to convert value of type 'java.lang.String' to required type 'int'; nested exception is java.lang.NumberFormatException: For input string: "noteId"
2020-01-13 11:43:48 [http-nio-8082-exec-1] INFO  c.s.keepnote.aspectj.LoggingAspect -
				Inside Before 
2020-01-13 11:43:48 [http-nio-8082-exec-1] INFO  c.s.keepnote.aspectj.LoggingAspect -
				Inside Before 
2020-01-13 11:43:48 [http-nio-8082-exec-1] INFO  c.s.keepnote.aspectj.LoggingAspect -
				Inside the afterReturningAdvice
2020-01-13 11:43:54 [http-nio-8082-exec-2] INFO  c.s.keepnote.aspectj.LoggingAspect -
				Inside Before 
2020-01-13 11:43:54 [http-nio-8082-exec-2] INFO  c.s.keepnote.aspectj.LoggingAspect -
				Inside Before 
2020-01-13 11:43:54 [http-nio-8082-exec-2] INFO  c.s.keepnote.aspectj.LoggingAspect -
				Inside the afterReturningAdvice
2020-01-13 11:46:34 [http-nio-8082-exec-3] INFO  c.s.keepnote.aspectj.LoggingAspect -
				Inside Before 
2020-01-13 11:46:34 [http-nio-8082-exec-3] INFO  c.s.keepnote.aspectj.LoggingAspect -
				Inside Before 
2020-01-13 11:46:34 [http-nio-8082-exec-3] INFO  c.s.keepnote.aspectj.LoggingAspect -
				Inside the afterReturningAdvice
2020-01-13 11:46:41 [http-nio-8082-exec-5] INFO  c.s.keepnote.aspectj.LoggingAspect -
				Inside Before 
2020-01-13 11:46:41 [http-nio-8082-exec-5] INFO  c.s.keepnote.aspectj.LoggingAspect -
				Inside Before 
2020-01-13 11:46:41 [http-nio-8082-exec-5] INFO  c.s.keepnote.aspectj.LoggingAspect -
				Inside the afterReturningAdvice
2020-01-13 11:46:55 [http-nio-8082-exec-7] INFO  c.s.keepnote.aspectj.LoggingAspect -
				Inside Before 
2020-01-13 11:46:55 [http-nio-8082-exec-7] INFO  c.s.keepnote.aspectj.LoggingAspect -
				Inside Before 
2020-01-13 11:46:55 [http-nio-8082-exec-7] INFO  c.s.keepnote.aspectj.LoggingAspect -
				Inside the afterReturningAdvice
2020-01-13 11:47:03 [http-nio-8082-exec-6] INFO  c.s.keepnote.aspectj.LoggingAspect -
				Inside Before 
2020-01-13 11:47:03 [http-nio-8082-exec-6] INFO  c.s.keepnote.aspectj.LoggingAspect -
				Inside Before 
2020-01-13 11:47:03 [http-nio-8082-exec-6] INFO  c.s.keepnote.aspectj.LoggingAspect -
				Inside the afterReturningAdvice
2020-01-13 11:47:12 [http-nio-8082-exec-8] INFO  c.s.keepnote.aspectj.LoggingAspect -
				Inside Before 
2020-01-13 11:47:12 [http-nio-8082-exec-8] INFO  c.s.keepnote.aspectj.LoggingAspect -
				Inside Before 
2020-01-13 11:47:12 [http-nio-8082-exec-8] INFO  c.s.keepnote.aspectj.LoggingAspect -
				Inside the afterReturningAdvice
2020-01-13 11:47:14 [http-nio-8082-exec-9] INFO  c.s.keepnote.aspectj.LoggingAspect -
				Inside Before 
2020-01-13 11:47:14 [http-nio-8082-exec-9] INFO  c.s.keepnote.aspectj.LoggingAspect -
				Inside Before 
2020-01-13 11:47:14 [http-nio-8082-exec-9] INFO  c.s.keepnote.aspectj.LoggingAspect -
				Inside the afterReturningAdvice
2020-01-13 11:51:50 [RMI TCP Connection(2)-127.0.0.1] INFO  o.s.b.a.SpringApplicationAdminMXBeanRegistrar$SpringApplicationAdmin -
				Application shutdown requested.
2020-01-13 11:51:50 [RMI TCP Connection(2)-127.0.0.1] INFO  o.s.b.w.s.c.AnnotationConfigServletWebServerApplicationContext -
				Closing org.springframework.boot.web.servlet.context.AnnotationConfigServletWebServerApplicationContext@7b98f307: startup date [Mon Jan 13 11:32:10 UTC 2020]; root of context hierarchy
2020-01-13 11:51:50 [RMI TCP Connection(2)-127.0.0.1] INFO  o.s.c.s.DefaultLifecycleProcessor -
				Stopping beans in phase 2147483647
2020-01-13 11:51:50 [RMI TCP Connection(2)-127.0.0.1] INFO  o.s.j.e.a.AnnotationMBeanExporter -
				Unregistering JMX-exposed beans on shutdown
2020-01-13 11:51:50 [RMI TCP Connection(2)-127.0.0.1] INFO  org.mongodb.driver.connection -
				Closed connection [connectionId{localValue:2, serverValue:47}] to localhost:27017 because the pool has been closed.
