2020-01-08 13:27:36 [main] INFO  o.s.b.t.c.SpringBootTestContextBootstrapper -
				Neither @ContextConfiguration nor @ContextHierarchy found for test class [com.stackroute.keepnote.test.log.LoggerTest], using SpringBootContextLoader
2020-01-08 13:27:36 [main] INFO  o.s.t.c.s.AbstractContextLoader -
				Could not detect default resource locations for test class [com.stackroute.keepnote.test.log.LoggerTest]: no resource found for suffixes {-context.xml, Context.groovy}.
2020-01-08 13:27:36 [main] INFO  o.s.t.c.s.AnnotationConfigContextLoaderUtils -
				Could not detect default configuration classes for test class [com.stackroute.keepnote.test.log.LoggerTest]: LoggerTest does not declare any static, non-private, non-final, nested classes annotated with @Configuration.
2020-01-08 13:27:36 [main] INFO  o.s.b.t.c.SpringBootTestContextBootstrapper -
				Found @SpringBootConfiguration com.stackroute.keepnote.UserServiceApplication for test class com.stackroute.keepnote.test.log.LoggerTest
2020-01-08 13:27:36 [main] INFO  o.s.b.t.c.SpringBootTestContextBootstrapper -
				Loaded default TestExecutionListener class names from location [META-INF/spring.factories]: [org.springframework.boot.test.mock.mockito.MockitoTestExecutionListener, org.springframework.boot.test.mock.mockito.ResetMocksTestExecutionListener, org.springframework.boot.test.autoconfigure.restdocs.RestDocsTestExecutionListener, org.springframework.boot.test.autoconfigure.web.client.MockRestServiceServerResetTestExecutionListener, org.springframework.boot.test.autoconfigure.web.servlet.MockMvcPrintOnlyOnFailureTestExecutionListener, org.springframework.boot.test.autoconfigure.web.servlet.WebDriverTestExecutionListener, org.springframework.test.context.web.ServletTestExecutionListener, org.springframework.test.context.support.DirtiesContextBeforeModesTestExecutionListener, org.springframework.test.context.support.DependencyInjectionTestExecutionListener, org.springframework.test.context.support.DirtiesContextTestExecutionListener, org.springframework.test.context.transaction.TransactionalTestExecutionListener, org.springframework.test.context.jdbc.SqlScriptsTestExecutionListener]
2020-01-08 13:27:36 [main] INFO  o.s.b.t.c.SpringBootTestContextBootstrapper -
				Using TestExecutionListeners: [org.springframework.test.context.web.ServletTestExecutionListener@1fb700ee, org.springframework.test.context.support.DirtiesContextBeforeModesTestExecutionListener@4f67eb2a, org.springframework.boot.test.mock.mockito.MockitoTestExecutionListener@4a668b6e, org.springframework.boot.test.autoconfigure.SpringBootDependencyInjectionTestExecutionListener@5f683daf, org.springframework.test.context.support.DirtiesContextTestExecutionListener@78ffe6dc, org.springframework.test.context.transaction.TransactionalTestExecutionListener@8317c52, org.springframework.test.context.jdbc.SqlScriptsTestExecutionListener@76f2bbc1, org.springframework.boot.test.mock.mockito.ResetMocksTestExecutionListener@68e965f5, org.springframework.boot.test.autoconfigure.restdocs.RestDocsTestExecutionListener@6f27a732, org.springframework.boot.test.autoconfigure.web.client.MockRestServiceServerResetTestExecutionListener@6c779568, org.springframework.boot.test.autoconfigure.web.servlet.MockMvcPrintOnlyOnFailureTestExecutionListener@f381794, org.springframework.boot.test.autoconfigure.web.servlet.WebDriverTestExecutionListener@2cdd0d4b]
2020-01-08 13:27:36 [main] INFO  o.s.b.t.c.SpringBootTestContextBootstrapper -
				Neither @ContextConfiguration nor @ContextHierarchy found for test class [com.stackroute.keepnote.test.repository.UserRepositoryTest], using SpringBootContextLoader
2020-01-08 13:27:36 [main] INFO  o.s.t.c.s.AbstractContextLoader -
				Could not detect default resource locations for test class [com.stackroute.keepnote.test.repository.UserRepositoryTest]: no resource found for suffixes {-context.xml, Context.groovy}.
2020-01-08 13:27:36 [main] INFO  o.s.t.c.s.AnnotationConfigContextLoaderUtils -
				Could not detect default configuration classes for test class [com.stackroute.keepnote.test.repository.UserRepositoryTest]: UserRepositoryTest does not declare any static, non-private, non-final, nested classes annotated with @Configuration.
2020-01-08 13:27:37 [main] INFO  o.s.b.t.c.SpringBootTestContextBootstrapper -
				Found @SpringBootConfiguration com.stackroute.keepnote.UserServiceApplication for test class com.stackroute.keepnote.test.repository.UserRepositoryTest
2020-01-08 13:27:37 [main] INFO  o.s.b.t.c.SpringBootTestContextBootstrapper -
				Loaded default TestExecutionListener class names from location [META-INF/spring.factories]: [org.springframework.boot.test.mock.mockito.MockitoTestExecutionListener, org.springframework.boot.test.mock.mockito.ResetMocksTestExecutionListener, org.springframework.boot.test.autoconfigure.restdocs.RestDocsTestExecutionListener, org.springframework.boot.test.autoconfigure.web.client.MockRestServiceServerResetTestExecutionListener, org.springframework.boot.test.autoconfigure.web.servlet.MockMvcPrintOnlyOnFailureTestExecutionListener, org.springframework.boot.test.autoconfigure.web.servlet.WebDriverTestExecutionListener, org.springframework.test.context.web.ServletTestExecutionListener, org.springframework.test.context.support.DirtiesContextBeforeModesTestExecutionListener, org.springframework.test.context.support.DependencyInjectionTestExecutionListener, org.springframework.test.context.support.DirtiesContextTestExecutionListener, org.springframework.test.context.transaction.TransactionalTestExecutionListener, org.springframework.test.context.jdbc.SqlScriptsTestExecutionListener]
2020-01-08 13:27:37 [main] INFO  o.s.b.t.c.SpringBootTestContextBootstrapper -
				Using TestExecutionListeners: [org.springframework.test.context.web.ServletTestExecutionListener@1613674b, org.springframework.test.context.support.DirtiesContextBeforeModesTestExecutionListener@27ff5d15, org.springframework.boot.test.mock.mockito.MockitoTestExecutionListener@4e096385, org.springframework.boot.test.autoconfigure.SpringBootDependencyInjectionTestExecutionListener@649bec2e, org.springframework.test.context.support.DirtiesContextTestExecutionListener@693fe6c9, org.springframework.test.context.transaction.TransactionalTestExecutionListener@34f5090e, org.springframework.test.context.jdbc.SqlScriptsTestExecutionListener@31e5415e, org.springframework.boot.test.mock.mockito.ResetMocksTestExecutionListener@a2431d0, org.springframework.boot.test.autoconfigure.restdocs.RestDocsTestExecutionListener@1cbb87f3, org.springframework.boot.test.autoconfigure.web.client.MockRestServiceServerResetTestExecutionListener@1a4013, org.springframework.boot.test.autoconfigure.web.servlet.MockMvcPrintOnlyOnFailureTestExecutionListener@1b6e1eff, org.springframework.boot.test.autoconfigure.web.servlet.WebDriverTestExecutionListener@306f16f3]
2020-01-08 13:27:37 [main] INFO  o.s.b.t.a.w.s.WebMvcTestContextBootstrapper -
				Neither @ContextConfiguration nor @ContextHierarchy found for test class [com.stackroute.keepnote.test.controller.UserControllerTest], using SpringBootContextLoader
2020-01-08 13:27:37 [main] INFO  o.s.t.c.s.AbstractContextLoader -
				Could not detect default resource locations for test class [com.stackroute.keepnote.test.controller.UserControllerTest]: no resource found for suffixes {-context.xml, Context.groovy}.
2020-01-08 13:27:37 [main] INFO  o.s.t.c.s.AnnotationConfigContextLoaderUtils -
				Could not detect default configuration classes for test class [com.stackroute.keepnote.test.controller.UserControllerTest]: UserControllerTest does not declare any static, non-private, non-final, nested classes annotated with @Configuration.
2020-01-08 13:27:37 [main] INFO  o.s.b.t.c.SpringBootTestContextBootstrapper -
				Found @SpringBootConfiguration com.stackroute.keepnote.UserServiceApplication for test class com.stackroute.keepnote.test.controller.UserControllerTest
2020-01-08 13:27:37 [main] INFO  o.s.b.t.a.w.s.WebMvcTestContextBootstrapper -
				Loaded default TestExecutionListener class names from location [META-INF/spring.factories]: [org.springframework.boot.test.mock.mockito.MockitoTestExecutionListener, org.springframework.boot.test.mock.mockito.ResetMocksTestExecutionListener, org.springframework.boot.test.autoconfigure.restdocs.RestDocsTestExecutionListener, org.springframework.boot.test.autoconfigure.web.client.MockRestServiceServerResetTestExecutionListener, org.springframework.boot.test.autoconfigure.web.servlet.MockMvcPrintOnlyOnFailureTestExecutionListener, org.springframework.boot.test.autoconfigure.web.servlet.WebDriverTestExecutionListener, org.springframework.test.context.web.ServletTestExecutionListener, org.springframework.test.context.support.DirtiesContextBeforeModesTestExecutionListener, org.springframework.test.context.support.DependencyInjectionTestExecutionListener, org.springframework.test.context.support.DirtiesContextTestExecutionListener, org.springframework.test.context.transaction.TransactionalTestExecutionListener, org.springframework.test.context.jdbc.SqlScriptsTestExecutionListener]
2020-01-08 13:27:37 [main] INFO  o.s.b.t.a.w.s.WebMvcTestContextBootstrapper -
				Using TestExecutionListeners: [org.springframework.test.context.web.ServletTestExecutionListener@611889f4, org.springframework.test.context.support.DirtiesContextBeforeModesTestExecutionListener@1da2cb77, org.springframework.boot.test.mock.mockito.MockitoTestExecutionListener@48f278eb, org.springframework.boot.test.autoconfigure.SpringBootDependencyInjectionTestExecutionListener@2f217633, org.springframework.test.context.support.DirtiesContextTestExecutionListener@a530d0a, org.springframework.test.context.transaction.TransactionalTestExecutionListener@1a18644, org.springframework.test.context.jdbc.SqlScriptsTestExecutionListener@5acf93bb, org.springframework.boot.test.mock.mockito.ResetMocksTestExecutionListener@7e7be63f, org.springframework.boot.test.autoconfigure.restdocs.RestDocsTestExecutionListener@6cd28fa7, org.springframework.boot.test.autoconfigure.web.client.MockRestServiceServerResetTestExecutionListener@614ca7df, org.springframework.boot.test.autoconfigure.web.servlet.MockMvcPrintOnlyOnFailureTestExecutionListener@4738a206, org.springframework.boot.test.autoconfigure.web.servlet.WebDriverTestExecutionListener@66d3eec0]
2020-01-08 13:27:38 [main] INFO  c.s.keepnote.test.log.LoggerTest -
				Starting LoggerTest on ip-172-31-80-91 with PID 12150 (started by ubuntu in /home/ubuntu/Desktop/Began/Spring_Workspace/KeepNote-Step6-Boilerplate/UserService)
2020-01-08 13:27:38 [main] DEBUG c.s.keepnote.test.log.LoggerTest -
				Running with Spring Boot v2.0.2.RELEASE, Spring v5.0.6.RELEASE
2020-01-08 13:27:38 [main] INFO  c.s.keepnote.test.log.LoggerTest -
				No active profile set, falling back to default profiles: default
2020-01-08 13:27:38 [main] INFO  o.s.w.c.s.GenericWebApplicationContext -
				Refreshing org.springframework.web.context.support.GenericWebApplicationContext@6fff253c: startup date [Wed Jan 08 13:27:38 UTC 2020]; root of context hierarchy
2020-01-08 13:27:40 [main] INFO  d.f.e.process.runtime.ProcessControl -
				stopOrDestroyProcess: process hasn't exited 
2020-01-08 13:27:40 [Thread-4] INFO  o.s.b.a.mongo.embedded.EmbeddedMongo -
				note: noprealloc may hurt performance in many applications
2020-01-08 13:27:40 [Thread-4] INFO  o.s.b.a.mongo.embedded.EmbeddedMongo -
				2020-01-08T13:27:40.472+0000 I CONTROL  [initandlisten] MongoDB starting : pid=12176 port=42247 dbpath=/tmp/embedmongo-db-3c68d931-2a9a-435a-91ca-382c4e1d026f 64-bit host=ip-172-31-80-91
2020-01-08 13:27:40 [Thread-4] INFO  o.s.b.a.mongo.embedded.EmbeddedMongo -
				2020-01-08T13:27:40.472+0000 I CONTROL  [initandlisten] db version v3.2.2
2020-01-08 13:27:40 [Thread-4] INFO  o.s.b.a.mongo.embedded.EmbeddedMongo -
				2020-01-08T13:27:40.473+0000 I CONTROL  [initandlisten] git version: 6e71d0d568e134c029203593b00a0103e7cdf30b
2020-01-08 13:27:40 [Thread-4] INFO  o.s.b.a.mongo.embedded.EmbeddedMongo -
				2020-01-08T13:27:40.473+0000 I CONTROL  [initandlisten] allocator: tcmalloc
2020-01-08 13:27:40 [Thread-4] INFO  o.s.b.a.mongo.embedded.EmbeddedMongo -
				2020-01-08T13:27:40.474+0000 I CONTROL  [initandlisten] modules: none
2020-01-08 13:27:40 [Thread-4] INFO  o.s.b.a.mongo.embedded.EmbeddedMongo -
				2020-01-08T13:27:40.474+0000 I CONTROL  [initandlisten] build environment:
2020-01-08 13:27:40 [Thread-4] INFO  o.s.b.a.mongo.embedded.EmbeddedMongo -
				2020-01-08T13:27:40.475+0000 I CONTROL  [initandlisten]     distarch: x86_64
2020-01-08 13:27:40 [Thread-4] INFO  o.s.b.a.mongo.embedded.EmbeddedMongo -
				2020-01-08T13:27:40.475+0000 I CONTROL  [initandlisten]     target_arch: x86_64
2020-01-08 13:27:40 [Thread-4] INFO  o.s.b.a.mongo.embedded.EmbeddedMongo -
				2020-01-08T13:27:40.475+0000 I CONTROL  [initandlisten] options: { net: { bindIp: "127.0.0.1", http: { enabled: false }, port: 42247 }, security: { authorization: "disabled" }, storage: { dbPath: "/tmp/embedmongo-db-3c68d931-2a9a-435a-91ca-382c4e1d026f", journal: { enabled: false }, mmapv1: { preallocDataFiles: false, smallFiles: true }, syncPeriodSecs: 0.0 } }
2020-01-08 13:27:40 [Thread-4] INFO  o.s.b.a.mongo.embedded.EmbeddedMongo -
				2020-01-08T13:27:40.501+0000 I STORAGE  [initandlisten] wiredtiger_open config: create,cache_size=4G,session_max=20000,eviction=(threads_max=4),config_base=false,statistics=(fast),log=(enabled=true,archive=true,path=journal,compressor=snappy),file_manager=(close_idle_time=100000),checkpoint=(wait=0,log_size=2GB),statistics_log=(wait=0),,log=(enabled=false),
2020-01-08 13:27:40 [Thread-4] INFO  o.s.b.a.mongo.embedded.EmbeddedMongo -
				2020-01-08T13:27:40.567+0000 W STORAGE  [initandlisten] Detected configuration for non-active storage engine mmapv1 when current storage engine is wiredTiger
2020-01-08 13:27:40 [Thread-4] INFO  o.s.b.a.mongo.embedded.EmbeddedMongo -
				2020-01-08T13:27:40.569+0000 I FTDC     [initandlisten] Initializing full-time diagnostic data capture with directory '/tmp/embedmongo-db-3c68d931-2a9a-435a-91ca-382c4e1d026f/diagnostic.data'
2020-01-08 13:27:40 [Thread-4] INFO  o.s.b.a.mongo.embedded.EmbeddedMongo -
				2020-01-08T13:27:40.573+0000 I NETWORK  [HostnameCanonicalizationWorker] Starting hostname canonicalization worker
2020-01-08 13:27:40 [Thread-4] INFO  o.s.b.a.mongo.embedded.EmbeddedMongo -
				2020-01-08T13:27:40.592+0000 I NETWORK  [initandlisten] waiting for connections on port 42247
2020-01-08 13:27:40 [main] INFO  d.f.embed.process.runtime.Executable -
				start de.flapdoodle.embed.mongo.config.MongodConfigBuilder$ImmutableMongodConfig@3ddb774f
2020-01-08 13:27:40 [main] INFO  org.mongodb.driver.cluster -
				Cluster created with settings {hosts=[localhost:42247], mode=MULTIPLE, requiredClusterType=UNKNOWN, serverSelectionTimeout='30000 ms', maxWaitQueueSize=500}
2020-01-08 13:27:40 [main] INFO  org.mongodb.driver.cluster -
				Adding discovered server localhost:42247 to client view of cluster
2020-01-08 13:27:40 [Thread-4] INFO  o.s.b.a.mongo.embedded.EmbeddedMongo -
				2020-01-08T13:27:40.956+0000 I NETWORK  [initandlisten] connection accepted from 127.0.0.1:50580 #1 (1 connection now open)
2020-01-08 13:27:41 [cluster-ClusterId{value='5e15d8cc0326072f76602e29', description='null'}-localhost:42247] INFO  org.mongodb.driver.connection -
				Opened connection [connectionId{localValue:1, serverValue:1}] to localhost:42247
2020-01-08 13:27:41 [cluster-ClusterId{value='5e15d8cc0326072f76602e29', description='null'}-localhost:42247] INFO  org.mongodb.driver.cluster -
				Monitor thread successfully connected to server with description ServerDescription{address=localhost:42247, type=STANDALONE, state=CONNECTED, ok=true, version=ServerVersion{versionList=[3, 2, 2]}, minWireVersion=0, maxWireVersion=4, maxDocumentSize=16777216, logicalSessionTimeoutMinutes=null, roundTripTimeNanos=927837}
2020-01-08 13:27:41 [cluster-ClusterId{value='5e15d8cc0326072f76602e29', description='null'}-localhost:42247] INFO  org.mongodb.driver.cluster -
				Discovered cluster type of STANDALONE
2020-01-08 13:27:42 [main] INFO  o.s.w.s.m.m.a.RequestMappingHandlerMapping -
				Mapped "{[/api/v1/user/{id}],methods=[GET]}" onto public org.springframework.http.ResponseEntity<?> com.stackroute.keepnote.controller.UserController.getByUserId(java.lang.String)
2020-01-08 13:27:42 [main] INFO  o.s.w.s.m.m.a.RequestMappingHandlerMapping -
				Mapped "{[/api/v1/user],methods=[POST]}" onto public org.springframework.http.ResponseEntity<?> com.stackroute.keepnote.controller.UserController.registerUser(com.stackroute.keepnote.model.User)
2020-01-08 13:27:42 [main] INFO  o.s.w.s.m.m.a.RequestMappingHandlerMapping -
				Mapped "{[/api/v1/user/{id}],methods=[PUT]}" onto public org.springframework.http.ResponseEntity<?> com.stackroute.keepnote.controller.UserController.updateUser(java.lang.String,com.stackroute.keepnote.model.User)
2020-01-08 13:27:42 [main] INFO  o.s.w.s.m.m.a.RequestMappingHandlerMapping -
				Mapped "{[/api/v1/user/{id}],methods=[DELETE]}" onto public org.springframework.http.ResponseEntity<?> com.stackroute.keepnote.controller.UserController.deleteUser(java.lang.String,javax.servlet.http.HttpSession)
2020-01-08 13:27:42 [main] INFO  o.s.w.s.m.m.a.RequestMappingHandlerMapping -
				Mapped "{[/swagger-resources/configuration/ui]}" onto public org.springframework.http.ResponseEntity<springfox.documentation.swagger.web.UiConfiguration> springfox.documentation.swagger.web.ApiResourceController.uiConfiguration()
2020-01-08 13:27:42 [main] INFO  o.s.w.s.m.m.a.RequestMappingHandlerMapping -
				Mapped "{[/swagger-resources]}" onto public org.springframework.http.ResponseEntity<java.util.List<springfox.documentation.swagger.web.SwaggerResource>> springfox.documentation.swagger.web.ApiResourceController.swaggerResources()
2020-01-08 13:27:42 [main] INFO  o.s.w.s.m.m.a.RequestMappingHandlerMapping -
				Mapped "{[/swagger-resources/configuration/security]}" onto public org.springframework.http.ResponseEntity<springfox.documentation.swagger.web.SecurityConfiguration> springfox.documentation.swagger.web.ApiResourceController.securityConfiguration()
2020-01-08 13:27:42 [main] INFO  o.s.w.s.m.m.a.RequestMappingHandlerMapping -
				Mapped "{[/error],produces=[text/html]}" onto public org.springframework.web.servlet.ModelAndView org.springframework.boot.autoconfigure.web.servlet.error.BasicErrorController.errorHtml(javax.servlet.http.HttpServletRequest,javax.servlet.http.HttpServletResponse)
2020-01-08 13:27:42 [main] INFO  o.s.w.s.m.m.a.RequestMappingHandlerMapping -
				Mapped "{[/error]}" onto public org.springframework.http.ResponseEntity<java.util.Map<java.lang.String, java.lang.Object>> org.springframework.boot.autoconfigure.web.servlet.error.BasicErrorController.error(javax.servlet.http.HttpServletRequest)
2020-01-08 13:27:42 [main] INFO  s.d.s.w.PropertySourcedRequestMappingHandlerMapping -
				Mapped URL path [/v2/api-docs] onto method [public org.springframework.http.ResponseEntity<springfox.documentation.spring.web.json.Json> springfox.documentation.swagger2.web.Swagger2Controller.getDocumentation(java.lang.String,javax.servlet.http.HttpServletRequest)]
2020-01-08 13:27:42 [main] INFO  o.s.w.s.h.SimpleUrlHandlerMapping -
				Mapped URL path [/**/favicon.ico] onto handler of type [class org.springframework.web.servlet.resource.ResourceHttpRequestHandler]
2020-01-08 13:27:43 [main] INFO  o.s.w.s.m.m.a.RequestMappingHandlerAdapter -
				Looking for @ControllerAdvice: org.springframework.web.context.support.GenericWebApplicationContext@6fff253c: startup date [Wed Jan 08 13:27:38 UTC 2020]; root of context hierarchy
2020-01-08 13:27:43 [main] INFO  o.s.w.s.h.SimpleUrlHandlerMapping -
				Mapped URL path [/webjars/**] onto handler of type [class org.springframework.web.servlet.resource.ResourceHttpRequestHandler]
2020-01-08 13:27:43 [main] INFO  o.s.w.s.h.SimpleUrlHandlerMapping -
				Mapped URL path [/**] onto handler of type [class org.springframework.web.servlet.resource.ResourceHttpRequestHandler]
2020-01-08 13:27:43 [main] INFO  o.s.c.s.DefaultLifecycleProcessor -
				Starting beans in phase 2147483647
2020-01-08 13:27:43 [main] INFO  s.d.s.w.p.DocumentationPluginsBootstrapper -
				Context refreshed
2020-01-08 13:27:43 [main] INFO  s.d.s.w.p.DocumentationPluginsBootstrapper -
				Found 1 custom documentation plugin(s)
2020-01-08 13:27:43 [main] INFO  s.d.s.w.s.ApiListingReferenceScanner -
				Scanning for api listing references
2020-01-08 13:27:43 [main] INFO  c.s.keepnote.test.log.LoggerTest -
				Started LoggerTest in 6.131 seconds (JVM running for 7.821)
2020-01-08 13:27:43 [main] INFO  c.s.k.t.r.UserRepositoryTest -
				Starting UserRepositoryTest on ip-172-31-80-91 with PID 12150 (started by ubuntu in /home/ubuntu/Desktop/Began/Spring_Workspace/KeepNote-Step6-Boilerplate/UserService)
2020-01-08 13:27:43 [main] DEBUG c.s.k.t.r.UserRepositoryTest -
				Running with Spring Boot v2.0.2.RELEASE, Spring v5.0.6.RELEASE
2020-01-08 13:27:43 [main] INFO  c.s.k.t.r.UserRepositoryTest -
				No active profile set, falling back to default profiles: default
2020-01-08 13:27:43 [main] INFO  o.s.c.a.AnnotationConfigApplicationContext -
				Refreshing org.springframework.context.annotation.AnnotationConfigApplicationContext@4a122e68: startup date [Wed Jan 08 13:27:43 UTC 2020]; root of context hierarchy
2020-01-08 13:27:44 [Thread-9] INFO  o.s.b.a.mongo.embedded.EmbeddedMongo -
				note: noprealloc may hurt performance in many applications
2020-01-08 13:27:44 [Thread-9] INFO  o.s.b.a.mongo.embedded.EmbeddedMongo -
				2020-01-08T13:27:44.077+0000 I CONTROL  [initandlisten] MongoDB starting : pid=12194 port=45065 dbpath=/tmp/embedmongo-db-9894d321-9eb2-4cf4-b34d-ea5767a10347 64-bit host=ip-172-31-80-91
2020-01-08 13:27:44 [Thread-9] INFO  o.s.b.a.mongo.embedded.EmbeddedMongo -
				2020-01-08T13:27:44.077+0000 I CONTROL  [initandlisten] db version v3.2.2
2020-01-08 13:27:44 [Thread-9] INFO  o.s.b.a.mongo.embedded.EmbeddedMongo -
				2020-01-08T13:27:44.077+0000 I CONTROL  [initandlisten] git version: 6e71d0d568e134c029203593b00a0103e7cdf30b
2020-01-08 13:27:44 [Thread-9] INFO  o.s.b.a.mongo.embedded.EmbeddedMongo -
				2020-01-08T13:27:44.077+0000 I CONTROL  [initandlisten] allocator: tcmalloc
2020-01-08 13:27:44 [Thread-9] INFO  o.s.b.a.mongo.embedded.EmbeddedMongo -
				2020-01-08T13:27:44.077+0000 I CONTROL  [initandlisten] modules: none
2020-01-08 13:27:44 [Thread-9] INFO  o.s.b.a.mongo.embedded.EmbeddedMongo -
				2020-01-08T13:27:44.077+0000 I CONTROL  [initandlisten] build environment:
2020-01-08 13:27:44 [Thread-9] INFO  o.s.b.a.mongo.embedded.EmbeddedMongo -
				2020-01-08T13:27:44.077+0000 I CONTROL  [initandlisten]     distarch: x86_64
2020-01-08 13:27:44 [Thread-9] INFO  o.s.b.a.mongo.embedded.EmbeddedMongo -
				2020-01-08T13:27:44.077+0000 I CONTROL  [initandlisten]     target_arch: x86_64
2020-01-08 13:27:44 [Thread-9] INFO  o.s.b.a.mongo.embedded.EmbeddedMongo -
				2020-01-08T13:27:44.077+0000 I CONTROL  [initandlisten] options: { net: { bindIp: "127.0.0.1", http: { enabled: false }, port: 45065 }, security: { authorization: "disabled" }, storage: { dbPath: "/tmp/embedmongo-db-9894d321-9eb2-4cf4-b34d-ea5767a10347", journal: { enabled: false }, mmapv1: { preallocDataFiles: false, smallFiles: true }, syncPeriodSecs: 0.0 } }
2020-01-08 13:27:44 [Thread-9] INFO  o.s.b.a.mongo.embedded.EmbeddedMongo -
				2020-01-08T13:27:44.102+0000 I STORAGE  [initandlisten] wiredtiger_open config: create,cache_size=4G,session_max=20000,eviction=(threads_max=4),config_base=false,statistics=(fast),log=(enabled=true,archive=true,path=journal,compressor=snappy),file_manager=(close_idle_time=100000),checkpoint=(wait=0,log_size=2GB),statistics_log=(wait=0),,log=(enabled=false),
2020-01-08 13:27:44 [Thread-9] INFO  o.s.b.a.mongo.embedded.EmbeddedMongo -
				2020-01-08T13:27:44.171+0000 W STORAGE  [initandlisten] Detected configuration for non-active storage engine mmapv1 when current storage engine is wiredTiger
2020-01-08 13:27:44 [Thread-9] INFO  o.s.b.a.mongo.embedded.EmbeddedMongo -
				2020-01-08T13:27:44.177+0000 I FTDC     [initandlisten] Initializing full-time diagnostic data capture with directory '/tmp/embedmongo-db-9894d321-9eb2-4cf4-b34d-ea5767a10347/diagnostic.data'
2020-01-08 13:27:44 [Thread-9] INFO  o.s.b.a.mongo.embedded.EmbeddedMongo -
				2020-01-08T13:27:44.178+0000 I NETWORK  [HostnameCanonicalizationWorker] Starting hostname canonicalization worker
2020-01-08 13:27:44 [Thread-9] INFO  o.s.b.a.mongo.embedded.EmbeddedMongo -
				2020-01-08T13:27:44.198+0000 I NETWORK  [initandlisten] waiting for connections on port 45065
2020-01-08 13:27:44 [main] INFO  d.f.embed.process.runtime.Executable -
				start de.flapdoodle.embed.mongo.config.MongodConfigBuilder$ImmutableMongodConfig@c82d925
2020-01-08 13:27:44 [main] INFO  org.mongodb.driver.cluster -
				Cluster created with settings {hosts=[localhost:45065], mode=MULTIPLE, requiredClusterType=UNKNOWN, serverSelectionTimeout='30000 ms', maxWaitQueueSize=500}
2020-01-08 13:27:44 [main] INFO  org.mongodb.driver.cluster -
				Adding discovered server localhost:45065 to client view of cluster
2020-01-08 13:27:44 [Thread-9] INFO  o.s.b.a.mongo.embedded.EmbeddedMongo -
				2020-01-08T13:27:44.208+0000 I NETWORK  [initandlisten] connection accepted from 127.0.0.1:52470 #1 (1 connection now open)
2020-01-08 13:27:44 [cluster-ClusterId{value='5e15d8d00326072f76602e2a', description='null'}-localhost:45065] INFO  org.mongodb.driver.connection -
				Opened connection [connectionId{localValue:2, serverValue:1}] to localhost:45065
2020-01-08 13:27:44 [cluster-ClusterId{value='5e15d8d00326072f76602e2a', description='null'}-localhost:45065] INFO  org.mongodb.driver.cluster -
				Monitor thread successfully connected to server with description ServerDescription{address=localhost:45065, type=STANDALONE, state=CONNECTED, ok=true, version=ServerVersion{versionList=[3, 2, 2]}, minWireVersion=0, maxWireVersion=4, maxDocumentSize=16777216, logicalSessionTimeoutMinutes=null, roundTripTimeNanos=1067623}
2020-01-08 13:27:44 [cluster-ClusterId{value='5e15d8d00326072f76602e2a', description='null'}-localhost:45065] INFO  org.mongodb.driver.cluster -
				Discovered cluster type of STANDALONE
2020-01-08 13:27:44 [main] INFO  c.s.k.t.r.UserRepositoryTest -
				Started UserRepositoryTest in 0.475 seconds (JVM running for 8.336)
2020-01-08 13:27:44 [Thread-9] INFO  o.s.b.a.mongo.embedded.EmbeddedMongo -
				2020-01-08T13:27:44.354+0000 I NETWORK  [initandlisten] connection accepted from 127.0.0.1:52480 #2 (2 connections now open)
2020-01-08 13:27:44 [main] INFO  org.mongodb.driver.connection -
				Opened connection [connectionId{localValue:3, serverValue:2}] to localhost:45065
2020-01-08 13:27:44 [main] INFO  c.s.k.t.c.UserControllerTest -
				Starting UserControllerTest on ip-172-31-80-91 with PID 12150 (started by ubuntu in /home/ubuntu/Desktop/Began/Spring_Workspace/KeepNote-Step6-Boilerplate/UserService)
2020-01-08 13:27:44 [main] DEBUG c.s.k.t.c.UserControllerTest -
				Running with Spring Boot v2.0.2.RELEASE, Spring v5.0.6.RELEASE
2020-01-08 13:27:44 [main] INFO  c.s.k.t.c.UserControllerTest -
				No active profile set, falling back to default profiles: default
2020-01-08 13:27:44 [main] INFO  o.s.w.c.s.GenericWebApplicationContext -
				Refreshing org.springframework.web.context.support.GenericWebApplicationContext@d4ecdb0: startup date [Wed Jan 08 13:27:44 UTC 2020]; root of context hierarchy
2020-01-08 13:27:44 [main] INFO  o.s.w.s.h.SimpleUrlHandlerMapping -
				Mapped URL path [/**/favicon.ico] onto handler of type [class org.springframework.web.servlet.resource.ResourceHttpRequestHandler]
2020-01-08 13:27:45 [main] INFO  o.s.w.s.m.m.a.RequestMappingHandlerAdapter -
				Looking for @ControllerAdvice: org.springframework.web.context.support.GenericWebApplicationContext@d4ecdb0: startup date [Wed Jan 08 13:27:44 UTC 2020]; root of context hierarchy
2020-01-08 13:27:45 [main] INFO  o.s.w.s.m.m.a.RequestMappingHandlerMapping -
				Mapped "{[/api/v1/user/{id}],methods=[GET]}" onto public org.springframework.http.ResponseEntity<?> com.stackroute.keepnote.controller.UserController.getByUserId(java.lang.String)
2020-01-08 13:27:45 [main] INFO  o.s.w.s.m.m.a.RequestMappingHandlerMapping -
				Mapped "{[/api/v1/user],methods=[POST]}" onto public org.springframework.http.ResponseEntity<?> com.stackroute.keepnote.controller.UserController.registerUser(com.stackroute.keepnote.model.User)
2020-01-08 13:27:45 [main] INFO  o.s.w.s.m.m.a.RequestMappingHandlerMapping -
				Mapped "{[/api/v1/user/{id}],methods=[PUT]}" onto public org.springframework.http.ResponseEntity<?> com.stackroute.keepnote.controller.UserController.updateUser(java.lang.String,com.stackroute.keepnote.model.User)
2020-01-08 13:27:45 [main] INFO  o.s.w.s.m.m.a.RequestMappingHandlerMapping -
				Mapped "{[/api/v1/user/{id}],methods=[DELETE]}" onto public org.springframework.http.ResponseEntity<?> com.stackroute.keepnote.controller.UserController.deleteUser(java.lang.String,javax.servlet.http.HttpSession)
2020-01-08 13:27:45 [main] INFO  o.s.w.s.m.m.a.RequestMappingHandlerMapping -
				Mapped "{[/error],produces=[text/html]}" onto public org.springframework.web.servlet.ModelAndView org.springframework.boot.autoconfigure.web.servlet.error.BasicErrorController.errorHtml(javax.servlet.http.HttpServletRequest,javax.servlet.http.HttpServletResponse)
2020-01-08 13:27:45 [main] INFO  o.s.w.s.m.m.a.RequestMappingHandlerMapping -
				Mapped "{[/error]}" onto public org.springframework.http.ResponseEntity<java.util.Map<java.lang.String, java.lang.Object>> org.springframework.boot.autoconfigure.web.servlet.error.BasicErrorController.error(javax.servlet.http.HttpServletRequest)
2020-01-08 13:27:45 [main] INFO  o.s.w.s.h.SimpleUrlHandlerMapping -
				Mapped URL path [/webjars/**] onto handler of type [class org.springframework.web.servlet.resource.ResourceHttpRequestHandler]
2020-01-08 13:27:45 [main] INFO  o.s.w.s.h.SimpleUrlHandlerMapping -
				Mapped URL path [/**] onto handler of type [class org.springframework.web.servlet.resource.ResourceHttpRequestHandler]
2020-01-08 13:27:45 [main] INFO  o.s.b.t.m.w.SpringBootMockServletContext -
				Initializing Spring FrameworkServlet ''
2020-01-08 13:27:45 [main] INFO  o.s.t.w.s.TestDispatcherServlet -
				FrameworkServlet '': initialization started
2020-01-08 13:27:45 [main] INFO  o.s.t.w.s.TestDispatcherServlet -
				FrameworkServlet '': initialization completed in 12 ms
2020-01-08 13:27:45 [main] INFO  c.s.k.t.c.UserControllerTest -
				Started UserControllerTest in 0.717 seconds (JVM running for 9.26)
2020-01-08 13:27:45 [main] INFO  o.s.w.s.m.m.a.RequestMappingHandlerMapping -
				Mapped "{[/api/v1/user/{id}],methods=[GET]}" onto public org.springframework.http.ResponseEntity<?> com.stackroute.keepnote.controller.UserController.getByUserId(java.lang.String)
2020-01-08 13:27:45 [main] INFO  o.s.w.s.m.m.a.RequestMappingHandlerMapping -
				Mapped "{[/api/v1/user],methods=[POST]}" onto public org.springframework.http.ResponseEntity<?> com.stackroute.keepnote.controller.UserController.registerUser(com.stackroute.keepnote.model.User)
2020-01-08 13:27:45 [main] INFO  o.s.w.s.m.m.a.RequestMappingHandlerMapping -
				Mapped "{[/api/v1/user/{id}],methods=[PUT]}" onto public org.springframework.http.ResponseEntity<?> com.stackroute.keepnote.controller.UserController.updateUser(java.lang.String,com.stackroute.keepnote.model.User)
2020-01-08 13:27:45 [main] INFO  o.s.w.s.m.m.a.RequestMappingHandlerMapping -
				Mapped "{[/api/v1/user/{id}],methods=[DELETE]}" onto public org.springframework.http.ResponseEntity<?> com.stackroute.keepnote.controller.UserController.deleteUser(java.lang.String,javax.servlet.http.HttpSession)
2020-01-08 13:27:45 [main] INFO  o.s.w.s.m.m.a.RequestMappingHandlerAdapter -
				Looking for @ControllerAdvice: org.springframework.test.web.servlet.setup.StubWebApplicationContext@af9dd34
2020-01-08 13:27:45 [main] INFO  o.s.mock.web.MockServletContext -
				Initializing Spring FrameworkServlet ''
2020-01-08 13:27:45 [main] INFO  o.s.t.w.s.TestDispatcherServlet -
				FrameworkServlet '': initialization started
2020-01-08 13:27:45 [main] INFO  o.s.t.w.s.TestDispatcherServlet -
				FrameworkServlet '': initialization completed in 0 ms
2020-01-08 13:27:45 [main] INFO  o.s.w.s.m.m.a.RequestMappingHandlerMapping -
				Mapped "{[/api/v1/user/{id}],methods=[GET]}" onto public org.springframework.http.ResponseEntity<?> com.stackroute.keepnote.controller.UserController.getByUserId(java.lang.String)
2020-01-08 13:27:45 [main] INFO  o.s.w.s.m.m.a.RequestMappingHandlerMapping -
				Mapped "{[/api/v1/user],methods=[POST]}" onto public org.springframework.http.ResponseEntity<?> com.stackroute.keepnote.controller.UserController.registerUser(com.stackroute.keepnote.model.User)
2020-01-08 13:27:45 [main] INFO  o.s.w.s.m.m.a.RequestMappingHandlerMapping -
				Mapped "{[/api/v1/user/{id}],methods=[PUT]}" onto public org.springframework.http.ResponseEntity<?> com.stackroute.keepnote.controller.UserController.updateUser(java.lang.String,com.stackroute.keepnote.model.User)
2020-01-08 13:27:45 [main] INFO  o.s.w.s.m.m.a.RequestMappingHandlerMapping -
				Mapped "{[/api/v1/user/{id}],methods=[DELETE]}" onto public org.springframework.http.ResponseEntity<?> com.stackroute.keepnote.controller.UserController.deleteUser(java.lang.String,javax.servlet.http.HttpSession)
2020-01-08 13:27:45 [main] INFO  o.s.w.s.m.m.a.RequestMappingHandlerAdapter -
				Looking for @ControllerAdvice: org.springframework.test.web.servlet.setup.StubWebApplicationContext@1d9bd1d6
2020-01-08 13:27:45 [main] INFO  o.s.mock.web.MockServletContext -
				Initializing Spring FrameworkServlet ''
2020-01-08 13:27:45 [main] INFO  o.s.t.w.s.TestDispatcherServlet -
				FrameworkServlet '': initialization started
2020-01-08 13:27:45 [main] INFO  o.s.t.w.s.TestDispatcherServlet -
				FrameworkServlet '': initialization completed in 1 ms
2020-01-08 13:27:45 [main] INFO  o.s.w.s.m.m.a.RequestMappingHandlerMapping -
				Mapped "{[/api/v1/user/{id}],methods=[GET]}" onto public org.springframework.http.ResponseEntity<?> com.stackroute.keepnote.controller.UserController.getByUserId(java.lang.String)
2020-01-08 13:27:45 [main] INFO  o.s.w.s.m.m.a.RequestMappingHandlerMapping -
				Mapped "{[/api/v1/user],methods=[POST]}" onto public org.springframework.http.ResponseEntity<?> com.stackroute.keepnote.controller.UserController.registerUser(com.stackroute.keepnote.model.User)
2020-01-08 13:27:45 [main] INFO  o.s.w.s.m.m.a.RequestMappingHandlerMapping -
				Mapped "{[/api/v1/user/{id}],methods=[PUT]}" onto public org.springframework.http.ResponseEntity<?> com.stackroute.keepnote.controller.UserController.updateUser(java.lang.String,com.stackroute.keepnote.model.User)
2020-01-08 13:27:45 [main] INFO  o.s.w.s.m.m.a.RequestMappingHandlerMapping -
				Mapped "{[/api/v1/user/{id}],methods=[DELETE]}" onto public org.springframework.http.ResponseEntity<?> com.stackroute.keepnote.controller.UserController.deleteUser(java.lang.String,javax.servlet.http.HttpSession)
2020-01-08 13:27:45 [main] INFO  o.s.w.s.m.m.a.RequestMappingHandlerAdapter -
				Looking for @ControllerAdvice: org.springframework.test.web.servlet.setup.StubWebApplicationContext@4f4d05b3
2020-01-08 13:27:45 [main] INFO  o.s.mock.web.MockServletContext -
				Initializing Spring FrameworkServlet ''
2020-01-08 13:27:45 [main] INFO  o.s.t.w.s.TestDispatcherServlet -
				FrameworkServlet '': initialization started
2020-01-08 13:27:45 [main] INFO  o.s.t.w.s.TestDispatcherServlet -
				FrameworkServlet '': initialization completed in 0 ms
2020-01-08 13:27:45 [main] INFO  o.s.w.s.m.m.a.RequestMappingHandlerMapping -
				Mapped "{[/api/v1/user/{id}],methods=[GET]}" onto public org.springframework.http.ResponseEntity<?> com.stackroute.keepnote.controller.UserController.getByUserId(java.lang.String)
2020-01-08 13:27:45 [main] INFO  o.s.w.s.m.m.a.RequestMappingHandlerMapping -
				Mapped "{[/api/v1/user],methods=[POST]}" onto public org.springframework.http.ResponseEntity<?> com.stackroute.keepnote.controller.UserController.registerUser(com.stackroute.keepnote.model.User)
2020-01-08 13:27:45 [main] INFO  o.s.w.s.m.m.a.RequestMappingHandlerMapping -
				Mapped "{[/api/v1/user/{id}],methods=[PUT]}" onto public org.springframework.http.ResponseEntity<?> com.stackroute.keepnote.controller.UserController.updateUser(java.lang.String,com.stackroute.keepnote.model.User)
2020-01-08 13:27:45 [main] INFO  o.s.w.s.m.m.a.RequestMappingHandlerMapping -
				Mapped "{[/api/v1/user/{id}],methods=[DELETE]}" onto public org.springframework.http.ResponseEntity<?> com.stackroute.keepnote.controller.UserController.deleteUser(java.lang.String,javax.servlet.http.HttpSession)
2020-01-08 13:27:45 [main] INFO  o.s.w.s.m.m.a.RequestMappingHandlerAdapter -
				Looking for @ControllerAdvice: org.springframework.test.web.servlet.setup.StubWebApplicationContext@69c1ea07
2020-01-08 13:27:45 [main] INFO  o.s.mock.web.MockServletContext -
				Initializing Spring FrameworkServlet ''
2020-01-08 13:27:45 [main] INFO  o.s.t.w.s.TestDispatcherServlet -
				FrameworkServlet '': initialization started
2020-01-08 13:27:45 [main] INFO  o.s.t.w.s.TestDispatcherServlet -
				FrameworkServlet '': initialization completed in 0 ms
2020-01-08 13:27:45 [main] INFO  o.s.w.s.m.m.a.RequestMappingHandlerMapping -
				Mapped "{[/api/v1/user/{id}],methods=[GET]}" onto public org.springframework.http.ResponseEntity<?> com.stackroute.keepnote.controller.UserController.getByUserId(java.lang.String)
2020-01-08 13:27:45 [main] INFO  o.s.w.s.m.m.a.RequestMappingHandlerMapping -
				Mapped "{[/api/v1/user],methods=[POST]}" onto public org.springframework.http.ResponseEntity<?> com.stackroute.keepnote.controller.UserController.registerUser(com.stackroute.keepnote.model.User)
2020-01-08 13:27:45 [main] INFO  o.s.w.s.m.m.a.RequestMappingHandlerMapping -
				Mapped "{[/api/v1/user/{id}],methods=[PUT]}" onto public org.springframework.http.ResponseEntity<?> com.stackroute.keepnote.controller.UserController.updateUser(java.lang.String,com.stackroute.keepnote.model.User)
2020-01-08 13:27:45 [main] INFO  o.s.w.s.m.m.a.RequestMappingHandlerMapping -
				Mapped "{[/api/v1/user/{id}],methods=[DELETE]}" onto public org.springframework.http.ResponseEntity<?> com.stackroute.keepnote.controller.UserController.deleteUser(java.lang.String,javax.servlet.http.HttpSession)
2020-01-08 13:27:45 [main] INFO  o.s.w.s.m.m.a.RequestMappingHandlerAdapter -
				Looking for @ControllerAdvice: org.springframework.test.web.servlet.setup.StubWebApplicationContext@2f8f40cc
2020-01-08 13:27:45 [main] INFO  o.s.mock.web.MockServletContext -
				Initializing Spring FrameworkServlet ''
2020-01-08 13:27:45 [main] INFO  o.s.t.w.s.TestDispatcherServlet -
				FrameworkServlet '': initialization started
2020-01-08 13:27:45 [main] INFO  o.s.t.w.s.TestDispatcherServlet -
				FrameworkServlet '': initialization completed in 1 ms
2020-01-08 13:27:45 [main] INFO  o.s.w.s.m.m.a.RequestMappingHandlerMapping -
				Mapped "{[/api/v1/user/{id}],methods=[GET]}" onto public org.springframework.http.ResponseEntity<?> com.stackroute.keepnote.controller.UserController.getByUserId(java.lang.String)
2020-01-08 13:27:45 [main] INFO  o.s.w.s.m.m.a.RequestMappingHandlerMapping -
				Mapped "{[/api/v1/user],methods=[POST]}" onto public org.springframework.http.ResponseEntity<?> com.stackroute.keepnote.controller.UserController.registerUser(com.stackroute.keepnote.model.User)
2020-01-08 13:27:45 [main] INFO  o.s.w.s.m.m.a.RequestMappingHandlerMapping -
				Mapped "{[/api/v1/user/{id}],methods=[PUT]}" onto public org.springframework.http.ResponseEntity<?> com.stackroute.keepnote.controller.UserController.updateUser(java.lang.String,com.stackroute.keepnote.model.User)
2020-01-08 13:27:45 [main] INFO  o.s.w.s.m.m.a.RequestMappingHandlerMapping -
				Mapped "{[/api/v1/user/{id}],methods=[DELETE]}" onto public org.springframework.http.ResponseEntity<?> com.stackroute.keepnote.controller.UserController.deleteUser(java.lang.String,javax.servlet.http.HttpSession)
2020-01-08 13:27:45 [main] INFO  o.s.w.s.m.m.a.RequestMappingHandlerAdapter -
				Looking for @ControllerAdvice: org.springframework.test.web.servlet.setup.StubWebApplicationContext@41bdaa81
2020-01-08 13:27:45 [main] INFO  o.s.mock.web.MockServletContext -
				Initializing Spring FrameworkServlet ''
2020-01-08 13:27:45 [main] INFO  o.s.t.w.s.TestDispatcherServlet -
				FrameworkServlet '': initialization started
2020-01-08 13:27:45 [main] INFO  o.s.t.w.s.TestDispatcherServlet -
				FrameworkServlet '': initialization completed in 0 ms
2020-01-08 13:27:45 [main] INFO  o.s.w.s.m.m.a.RequestMappingHandlerMapping -
				Mapped "{[/api/v1/user/{id}],methods=[GET]}" onto public org.springframework.http.ResponseEntity<?> com.stackroute.keepnote.controller.UserController.getByUserId(java.lang.String)
2020-01-08 13:27:45 [main] INFO  o.s.w.s.m.m.a.RequestMappingHandlerMapping -
				Mapped "{[/api/v1/user],methods=[POST]}" onto public org.springframework.http.ResponseEntity<?> com.stackroute.keepnote.controller.UserController.registerUser(com.stackroute.keepnote.model.User)
2020-01-08 13:27:45 [main] INFO  o.s.w.s.m.m.a.RequestMappingHandlerMapping -
				Mapped "{[/api/v1/user/{id}],methods=[PUT]}" onto public org.springframework.http.ResponseEntity<?> com.stackroute.keepnote.controller.UserController.updateUser(java.lang.String,com.stackroute.keepnote.model.User)
2020-01-08 13:27:45 [main] INFO  o.s.w.s.m.m.a.RequestMappingHandlerMapping -
				Mapped "{[/api/v1/user/{id}],methods=[DELETE]}" onto public org.springframework.http.ResponseEntity<?> com.stackroute.keepnote.controller.UserController.deleteUser(java.lang.String,javax.servlet.http.HttpSession)
2020-01-08 13:27:45 [main] INFO  o.s.w.s.m.m.a.RequestMappingHandlerAdapter -
				Looking for @ControllerAdvice: org.springframework.test.web.servlet.setup.StubWebApplicationContext@18d22ecf
2020-01-08 13:27:45 [main] INFO  o.s.mock.web.MockServletContext -
				Initializing Spring FrameworkServlet ''
2020-01-08 13:27:45 [main] INFO  o.s.t.w.s.TestDispatcherServlet -
				FrameworkServlet '': initialization started
2020-01-08 13:27:45 [main] INFO  o.s.t.w.s.TestDispatcherServlet -
				FrameworkServlet '': initialization completed in 0 ms
2020-01-08 13:27:45 [main] INFO  o.s.w.s.m.m.a.RequestMappingHandlerMapping -
				Mapped "{[/api/v1/user/{id}],methods=[GET]}" onto public org.springframework.http.ResponseEntity<?> com.stackroute.keepnote.controller.UserController.getByUserId(java.lang.String)
2020-01-08 13:27:45 [main] INFO  o.s.w.s.m.m.a.RequestMappingHandlerMapping -
				Mapped "{[/api/v1/user],methods=[POST]}" onto public org.springframework.http.ResponseEntity<?> com.stackroute.keepnote.controller.UserController.registerUser(com.stackroute.keepnote.model.User)
2020-01-08 13:27:45 [main] INFO  o.s.w.s.m.m.a.RequestMappingHandlerMapping -
				Mapped "{[/api/v1/user/{id}],methods=[PUT]}" onto public org.springframework.http.ResponseEntity<?> com.stackroute.keepnote.controller.UserController.updateUser(java.lang.String,com.stackroute.keepnote.model.User)
2020-01-08 13:27:45 [main] INFO  o.s.w.s.m.m.a.RequestMappingHandlerMapping -
				Mapped "{[/api/v1/user/{id}],methods=[DELETE]}" onto public org.springframework.http.ResponseEntity<?> com.stackroute.keepnote.controller.UserController.deleteUser(java.lang.String,javax.servlet.http.HttpSession)
2020-01-08 13:27:45 [main] INFO  o.s.w.s.m.m.a.RequestMappingHandlerAdapter -
				Looking for @ControllerAdvice: org.springframework.test.web.servlet.setup.StubWebApplicationContext@11e24688
2020-01-08 13:27:45 [main] INFO  o.s.mock.web.MockServletContext -
				Initializing Spring FrameworkServlet ''
2020-01-08 13:27:45 [main] INFO  o.s.t.w.s.TestDispatcherServlet -
				FrameworkServlet '': initialization started
2020-01-08 13:27:45 [main] INFO  o.s.t.w.s.TestDispatcherServlet -
				FrameworkServlet '': initialization completed in 0 ms
2020-01-08 13:27:45 [Thread-4] INFO  o.s.b.a.mongo.embedded.EmbeddedMongo -
				2020-01-08T13:27:45.764+0000 I NETWORK  [initandlisten] connection accepted from 127.0.0.1:50628 #2 (2 connections now open)
2020-01-08 13:27:45 [Thread-13] INFO  o.s.w.c.s.GenericWebApplicationContext -
				Closing org.springframework.web.context.support.GenericWebApplicationContext@d4ecdb0: startup date [Wed Jan 08 13:27:44 UTC 2020]; root of context hierarchy
2020-01-08 13:27:45 [Thread-4] INFO  o.s.b.a.mongo.embedded.EmbeddedMongo -
				2020-01-08T13:27:45.772+0000 I COMMAND  [conn2] terminating, shutdown command received
2020-01-08 13:27:45 [Thread-4] INFO  o.s.b.a.mongo.embedded.EmbeddedMongo -
				2020-01-08T13:27:45.772+0000 I FTDC     [conn2] Shutting down full-time diagnostic data capture
2020-01-08 13:27:45 [Thread-4] INFO  o.s.b.a.mongo.embedded.EmbeddedMongo -
				2020-01-08T13:27:45.773+0000 I CONTROL  [conn2] now exiting
2020-01-08 13:27:45 [Thread-4] INFO  o.s.b.a.mongo.embedded.EmbeddedMongo -
				2020-01-08T13:27:45.773+0000 I NETWORK  [conn2] shutdown: going to close listening sockets...
2020-01-08 13:27:45 [Thread-4] INFO  o.s.b.a.mongo.embedded.EmbeddedMongo -
				2020-01-08T13:27:45.773+0000 I NETWORK  [conn2] closing listening socket: 5
2020-01-08 13:27:45 [Thread-4] INFO  o.s.b.a.mongo.embedded.EmbeddedMongo -
				2020-01-08T13:27:45.773+0000 I NETWORK  [conn2] closing listening socket: 6
2020-01-08 13:27:45 [Thread-4] INFO  o.s.b.a.mongo.embedded.EmbeddedMongo -
				2020-01-08T13:27:45.773+0000 I NETWORK  [conn2] removing socket file: /tmp/mongodb-42247.sock
2020-01-08 13:27:45 [Thread-4] INFO  o.s.b.a.mongo.embedded.EmbeddedMongo -
				2020-01-08T13:27:45.773+0000 I NETWORK  [conn2] shutdown: going to flush diaglog...
2020-01-08 13:27:45 [Thread-4] INFO  o.s.b.a.mongo.embedded.EmbeddedMongo -
				2020-01-08T13:27:45.774+0000 I NETWORK  [conn2] shutdown: going to close sockets...
2020-01-08 13:27:45 [Thread-4] INFO  o.s.b.a.mongo.embedded.EmbeddedMongo -
				2020-01-08T13:27:45.774+0000 I STORAGE  [conn2] WiredTigerKVEngine shutting down
2020-01-08 13:27:45 [Thread-6] INFO  o.s.w.c.s.GenericWebApplicationContext -
				Closing org.springframework.web.context.support.GenericWebApplicationContext@6fff253c: startup date [Wed Jan 08 13:27:38 UTC 2020]; root of context hierarchy
2020-01-08 13:27:45 [Thread-4] INFO  o.s.b.a.mongo.embedded.EmbeddedMongo -
				2020-01-08T13:27:45.782+0000 I NETWORK  [conn1] end connection 127.0.0.1:50580 (1 connection now open)
2020-01-08 13:27:45 [Thread-4] INFO  o.s.b.a.mongo.embedded.EmbeddedMongo -
				2020-01-08T13:27:45.794+0000 I STORAGE  [conn2] shutdown: removing fs lock...
2020-01-08 13:27:45 [Thread-4] INFO  o.s.b.a.mongo.embedded.EmbeddedMongo -
				2020-01-08T13:27:45.794+0000 I CONTROL  [conn2] dbexit:  rc: 0
2020-01-08 13:27:45 [Thread-11] INFO  o.s.c.a.AnnotationConfigApplicationContext -
				Closing org.springframework.context.annotation.AnnotationConfigApplicationContext@4a122e68: startup date [Wed Jan 08 13:27:43 UTC 2020]; root of context hierarchy
2020-01-08 13:27:45 [Thread-6] INFO  o.s.c.s.DefaultLifecycleProcessor -
				Stopping beans in phase 2147483647
2020-01-08 13:27:45 [Thread-11] INFO  org.mongodb.driver.connection -
				Closed connection [connectionId{localValue:3, serverValue:2}] to localhost:45065 because the pool has been closed.
2020-01-08 13:27:45 [Thread-9] INFO  o.s.b.a.mongo.embedded.EmbeddedMongo -
				2020-01-08T13:27:45.815+0000 I NETWORK  [initandlisten] connection accepted from 127.0.0.1:52492 #3 (3 connections now open)
2020-01-08 13:27:45 [Thread-9] INFO  o.s.b.a.mongo.embedded.EmbeddedMongo -
				2020-01-08T13:27:45.817+0000 I NETWORK  [conn2] end connection 127.0.0.1:52480 (2 connections now open)
2020-01-08 13:27:45 [Thread-9] INFO  o.s.b.a.mongo.embedded.EmbeddedMongo -
				2020-01-08T13:27:45.817+0000 I NETWORK  [conn1] end connection 127.0.0.1:52470 (1 connection now open)
2020-01-08 13:27:45 [Thread-9] INFO  o.s.b.a.mongo.embedded.EmbeddedMongo -
				2020-01-08T13:27:45.820+0000 I COMMAND  [conn3] terminating, shutdown command received
2020-01-08 13:27:45 [Thread-9] INFO  o.s.b.a.mongo.embedded.EmbeddedMongo -
				2020-01-08T13:27:45.820+0000 I FTDC     [conn3] Shutting down full-time diagnostic data capture
2020-01-08 13:27:45 [Thread-9] INFO  o.s.b.a.mongo.embedded.EmbeddedMongo -
				2020-01-08T13:27:45.821+0000 I CONTROL  [conn3] now exiting
2020-01-08 13:27:45 [Thread-9] INFO  o.s.b.a.mongo.embedded.EmbeddedMongo -
				2020-01-08T13:27:45.822+0000 I NETWORK  [conn3] shutdown: going to close listening sockets...
2020-01-08 13:27:45 [Thread-9] INFO  o.s.b.a.mongo.embedded.EmbeddedMongo -
				2020-01-08T13:27:45.822+0000 I NETWORK  [conn3] closing listening socket: 5
2020-01-08 13:27:45 [Thread-9] INFO  o.s.b.a.mongo.embedded.EmbeddedMongo -
				2020-01-08T13:27:45.822+0000 I NETWORK  [conn3] closing listening socket: 6
2020-01-08 13:27:45 [Thread-9] INFO  o.s.b.a.mongo.embedded.EmbeddedMongo -
				2020-01-08T13:27:45.822+0000 I NETWORK  [conn3] removing socket file: /tmp/mongodb-45065.sock
2020-01-08 13:27:45 [Thread-9] INFO  o.s.b.a.mongo.embedded.EmbeddedMongo -
				2020-01-08T13:27:45.827+0000 I NETWORK  [conn3] shutdown: going to flush diaglog...
2020-01-08 13:27:45 [Thread-9] INFO  o.s.b.a.mongo.embedded.EmbeddedMongo -
				2020-01-08T13:27:45.827+0000 I NETWORK  [conn3] shutdown: going to close sockets...
2020-01-08 13:27:45 [Thread-9] INFO  o.s.b.a.mongo.embedded.EmbeddedMongo -
				2020-01-08T13:27:45.828+0000 I STORAGE  [conn3] WiredTigerKVEngine shutting down
2020-01-08 13:27:45 [Thread-9] INFO  o.s.b.a.mongo.embedded.EmbeddedMongo -
				2020-01-08T13:27:45.850+0000 I STORAGE  [conn3] shutdown: removing fs lock...
2020-01-08 13:27:45 [Thread-9] INFO  o.s.b.a.mongo.embedded.EmbeddedMongo -
				2020-01-08T13:27:45.852+0000 I CONTROL  [conn3] dbexit:  rc: 0
